Log file open, 07/17/20 11:18:17
LogWindows: Failed to load 'aqProf.dll' (GetLastError=126)
LogWindows: File 'aqProf.dll' does not exist
LogWindows: Failed to load 'VSPerf140.dll' (GetLastError=126)
LogWindows: File 'VSPerf140.dll' does not exist
LogWindows: Failed to load 'VtuneApi.dll' (GetLastError=126)
LogWindows: File 'VtuneApi.dll' does not exist
LogWindows: Failed to load 'VtuneApi32e.dll' (GetLastError=126)
LogWindows: File 'VtuneApi32e.dll' does not exist
LogInit: Display: Running engine for game: UE4_Loco_Multiplayer
LogPlatformFile: Not using cached read wrapper
LogInit: Display: RandInit(-1690013432) SRandInit(-1690013431).
LogInit: Read version file with build ID '3709383'
LogInit: Overriding engine version to CL 3832480, compatible CL 3709383
LogInit: Registered custom module enumerator with build ID '3709383'
LogTaskGraph: Started task graph with 5 named threads and 14 total threads with 3 sets of task threads.
LogStats: Stats thread started at 5.776888
LogD3D11RHI: Aftermath initialized
LogModuleManager: Display: Found up-to-date module file ../../../Engine/Plugins/2D/Paper2D/Binaries/Win64/UE4Editor-Paper2D.dll (API version 3709383).
LogModuleManager: Display: Found up-to-date module file ../../../Engine/Plugins/2D/Paper2D/Binaries/Win64/UE4Editor-Paper2DEditor.dll (API version 3709383).
LogModuleManager: Display: Found up-to-date module file ../../../Engine/Plugins/2D/Paper2D/Binaries/Win64/UE4Editor-PaperSpriteSheetImporter.dll (API version 3709383).
LogModuleManager: Display: Found up-to-date module file ../../../Engine/Plugins/2D/Paper2D/Binaries/Win64/UE4Editor-PaperTiledImporter.dll (API version 3709383).
LogModuleManager: Display: Found up-to-date module file ../../../Engine/Plugins/2D/Paper2D/Binaries/Win64/UE4Editor-SmartSnapping.dll (API version 3709383).
LogModuleManager: Display: Found up-to-date module file ../../../Engine/Plugins/Blendables/LightPropagationVolume/Binaries/Win64/UE4Editor-LightPropagationVolumeRuntime.dll (API version 3709383).
LogModuleManager: Display: Found up-to-date module file ../../../Engine/Plugins/Blendables/LightPropagationVolume/Binaries/Win64/UE4Editor-LightPropagationVolumeEditor.dll (API version 3709383).
LogModuleManager: Display: Found up-to-date module file ../../../Engine/Plugins/Developer/GitSourceControl/Binaries/Win64/UE4Editor-GitSourceControl.dll (API version 3709383).
LogModuleManager: Display: Found up-to-date module file ../../../Engine/Plugins/Developer/PerforceSourceControl/Binaries/Win64/UE4Editor-PerforceSourceControl.dll (API version 3709383).
LogModuleManager: Display: Found up-to-date module file ../../../Engine/Plugins/Developer/SubversionSourceControl/Binaries/Win64/UE4Editor-SubversionSourceControl.dll (API version 3709383).
LogModuleManager: Display: Found up-to-date module file ../../../Engine/Plugins/Developer/UObjectPlugin/Binaries/Win64/UE4Editor-UObjectPlugin.dll (API version 3709383).
LogModuleManager: Display: Found up-to-date module file ../../../Engine/Plugins/Developer/VisualStudioCodeSourceCodeAccess/Binaries/Win64/UE4Editor-VisualStudioCodeSourceCodeAccess.dll (API version 3709383).
LogModuleManager: Display: Found up-to-date module file ../../../Engine/Plugins/Developer/VisualStudioSourceCodeAccess/Binaries/Win64/UE4Editor-VisualStudioSourceCodeAccess.dll (API version 3709383).
LogModuleManager: Display: Found up-to-date module file ../../../Engine/Plugins/Editor/AssetManagerEditor/Binaries/Win64/UE4Editor-AssetManagerEditor.dll (API version 3709383).
LogModuleManager: Display: Found up-to-date module file ../../../Engine/Plugins/Editor/AudioCapture/Binaries/Win64/UE4Editor-AudioCapture.dll (API version 3709383).
LogModuleManager: Display: Found up-to-date module file ../../../Engine/Plugins/Editor/FacialAnimation/Binaries/Win64/UE4Editor-FacialAnimation.dll (API version 3709383).
LogModuleManager: Display: Found up-to-date module file ../../../Engine/Plugins/Editor/FacialAnimation/Binaries/Win64/UE4Editor-FacialAnimationEditor.dll (API version 3709383).
LogModuleManager: Display: Found up-to-date module file ../../../Engine/Plugins/Editor/GameplayTagsEditor/Binaries/Win64/UE4Editor-GameplayTagsEditor.dll (API version 3709383).
LogModuleManager: Display: Found up-to-date module file ../../../Engine/Plugins/Editor/MobileLauncherProfileWizard/Binaries/Win64/UE4Editor-MobileLauncherProfileWizard.dll (API version 3709383).
LogModuleManager: Display: Found up-to-date module file ../../../Engine/Plugins/Editor/PluginBrowser/Binaries/Win64/UE4Editor-PluginBrowser.dll (API version 3709383).
LogModuleManager: Display: Found up-to-date module file ../../../Engine/Plugins/Editor/SpeedTreeImporter/Binaries/Win64/UE4Editor-SpeedTreeImporter.dll (API version 3709383).
LogModuleManager: Display: Found up-to-date module file ../../../Engine/Plugins/Experimental/AlembicImporter/Binaries/Win64/UE4Editor-AlembicImporter.dll (API version 3709383).
LogModuleManager: Display: Found up-to-date module file ../../../Engine/Plugins/Experimental/AlembicImporter/Binaries/Win64/UE4Editor-AlembicLibrary.dll (API version 3709383).
LogModuleManager: Display: Found up-to-date module file ../../../Engine/Plugins/Experimental/CharacterAI/Binaries/Win64/UE4Editor-CharacterAI.dll (API version 3709383).
LogModuleManager: Display: Found up-to-date module file ../../../Engine/Plugins/Experimental/HTML5Networking/Binaries/Win64/UE4Editor-HTML5Networking.dll (API version 3709383).
LogModuleManager: Display: Found up-to-date module file ../../../Engine/Plugins/Media/AndroidMedia/Binaries/Win64/UE4Editor-AndroidMediaEditor.dll (API version 3709383).
LogModuleManager: Display: Found up-to-date module file ../../../Engine/Plugins/Media/AndroidMedia/Binaries/Win64/UE4Editor-AndroidMediaFactory.dll (API version 3709383).
LogModuleManager: Display: Found up-to-date module file ../../../Engine/Plugins/Media/AvfMedia/Binaries/Win64/UE4Editor-AvfMediaEditor.dll (API version 3709383).
LogModuleManager: Display: Found up-to-date module file ../../../Engine/Plugins/Media/AvfMedia/Binaries/Win64/UE4Editor-AvfMediaFactory.dll (API version 3709383).
LogModuleManager: Display: Found up-to-date module file ../../../Engine/Plugins/Media/AvfMedia/Binaries/Win64/UE4Editor-AvfMediaFactory.dll (API version 3709383).
LogModuleManager: Display: Found up-to-date module file ../../../Engine/Plugins/Media/ImgMedia/Binaries/Win64/UE4Editor-ImgMedia.dll (API version 3709383).
LogModuleManager: Display: Found up-to-date module file ../../../Engine/Plugins/Media/ImgMedia/Binaries/Win64/UE4Editor-ImgMediaEditor.dll (API version 3709383).
LogModuleManager: Display: Found up-to-date module file ../../../Engine/Plugins/Media/ImgMedia/Binaries/Win64/UE4Editor-ImgMediaFactory.dll (API version 3709383).
LogModuleManager: Display: Found up-to-date module file ../../../Engine/Plugins/Media/ImgMedia/Binaries/Win64/UE4Editor-ImgMediaFactory.dll (API version 3709383).
LogModuleManager: Display: Found up-to-date module file ../../../Engine/Plugins/Media/ImgMedia/Binaries/Win64/UE4Editor-OpenExrWrapper.dll (API version 3709383).
LogModuleManager: Display: Found up-to-date module file ../../../Engine/Plugins/Media/MediaCompositing/Binaries/Win64/UE4Editor-MediaCompositing.dll (API version 3709383).
LogModuleManager: Display: Found up-to-date module file ../../../Engine/Plugins/Media/MediaCompositing/Binaries/Win64/UE4Editor-MediaCompositingEditor.dll (API version 3709383).
LogModuleManager: Display: Found up-to-date module file ../../../Engine/Plugins/Media/MediaPlayerEditor/Binaries/Win64/UE4Editor-MediaPlayerEditor.dll (API version 3709383).
LogModuleManager: Display: Found up-to-date module file ../../../Engine/Plugins/Media/WmfMedia/Binaries/Win64/UE4Editor-WmfMedia.dll (API version 3709383).
LogModuleManager: Display: Found up-to-date module file ../../../Engine/Plugins/Media/WmfMedia/Binaries/Win64/UE4Editor-WmfMediaEditor.dll (API version 3709383).
LogModuleManager: Display: Found up-to-date module file ../../../Engine/Plugins/Media/WmfMedia/Binaries/Win64/UE4Editor-WmfMediaFactory.dll (API version 3709383).
LogModuleManager: Display: Found up-to-date module file ../../../Engine/Plugins/Media/WmfMedia/Binaries/Win64/UE4Editor-WmfMediaFactory.dll (API version 3709383).
LogModuleManager: Display: Found up-to-date module file ../../../Engine/Plugins/Messaging/TcpMessaging/Binaries/Win64/UE4Editor-TcpMessaging.dll (API version 3709383).
LogModuleManager: Display: Found up-to-date module file ../../../Engine/Plugins/Messaging/UdpMessaging/Binaries/Win64/UE4Editor-UdpMessaging.dll (API version 3709383).
LogModuleManager: Display: Found up-to-date module file ../../../Engine/Plugins/MovieScene/ActorSequence/Binaries/Win64/UE4Editor-ActorSequence.dll (API version 3709383).
LogModuleManager: Display: Found up-to-date module file ../../../Engine/Plugins/MovieScene/LevelSequenceEditor/Binaries/Win64/UE4Editor-LevelSequenceEditor.dll (API version 3709383).
LogModuleManager: Display: Found up-to-date module file ../../../Engine/Plugins/MovieScene/MatineeToLevelSequence/Binaries/Win64/UE4Editor-MatineeToLevelSequence.dll (API version 3709383).
LogModuleManager: Display: Found up-to-date module file ../../../Engine/Plugins/Online/OnlineSubsystem/Binaries/Win64/UE4Editor-OnlineSubsystem.dll (API version 3709383).
LogModuleManager: Display: Found up-to-date module file ../../../Engine/Plugins/Runtime/AndroidPermission/Binaries/Win64/UE4Editor-AndroidPermission.dll (API version 3709383).
LogModuleManager: Display: Found up-to-date module file ../../../Engine/Plugins/Online/OnlineSubsystemNull/Binaries/Win64/UE4Editor-OnlineSubsystemNull.dll (API version 3709383).
LogModuleManager: Display: Found up-to-date module file ../../../Engine/Plugins/Online/OnlineSubsystemUtils/Binaries/Win64/UE4Editor-OnlineSubsystemUtils.dll (API version 3709383).
LogModuleManager: Display: Found up-to-date module file ../../../Engine/Plugins/Online/OnlineSubsystemUtils/Binaries/Win64/UE4Editor-OnlineBlueprintSupport.dll (API version 3709383).
LogModuleManager: Display: Found up-to-date module file ../../../Engine/Plugins/Runtime/AndroidDeviceProfileSelector/Binaries/Win64/UE4Editor-AndroidDeviceProfileSelector.dll (API version 3709383).
LogModuleManager: Display: Found up-to-date module file ../../../Engine/Plugins/Runtime/AppleARKit/Binaries/Win64/UE4Editor-AppleARKit.dll (API version 3709383).
LogModuleManager: Display: Found up-to-date module file ../../../Engine/Plugins/Runtime/ArchVisCharacter/Binaries/Win64/UE4Editor-ArchVisCharacter.dll (API version 3709383).
LogModuleManager: Display: Found up-to-date module file ../../../Engine/Plugins/Runtime/CableComponent/Binaries/Win64/UE4Editor-CableComponent.dll (API version 3709383).
LogModuleManager: Display: Found up-to-date module file ../../../Engine/Plugins/Runtime/CustomMeshComponent/Binaries/Win64/UE4Editor-CustomMeshComponent.dll (API version 3709383).
LogModuleManager: Display: Found up-to-date module file ../../../Engine/Plugins/Runtime/ExampleDeviceProfileSelector/Binaries/Win64/UE4Editor-ExampleDeviceProfileSelector.dll (API version 3709383).
LogModuleManager: Display: Found up-to-date module file ../../../Engine/Plugins/Runtime/ImmediatePhysics/Binaries/Win64/UE4Editor-ImmediatePhysics.dll (API version 3709383).
LogModuleManager: Display: Found up-to-date module file ../../../Engine/Plugins/Runtime/ImmediatePhysics/Binaries/Win64/UE4Editor-ImmediatePhysicsEditor.dll (API version 3709383).
LogModuleManager: Display: Found up-to-date module file ../../../Engine/Plugins/Runtime/LocationServicesBPLibrary/Binaries/Win64/UE4Editor-LocationServicesBPLibrary.dll (API version 3709383).
LogModuleManager: Display: Found up-to-date module file ../../../Engine/Plugins/Runtime/MobilePatchingUtils/Binaries/Win64/UE4Editor-MobilePatchingUtils.dll (API version 3709383).
LogModuleManager: Display: Found up-to-date module file ../../../Engine/Plugins/Runtime/Oculus/OculusVR/Binaries/Win64/UE4Editor-OculusHMD.dll (API version 3709383).
LogModuleManager: Display: Found up-to-date module file ../../../Engine/Plugins/Runtime/Oculus/OculusVR/Binaries/Win64/UE4Editor-OculusInput.dll (API version 3709383).
LogModuleManager: Display: Found up-to-date module file ../../../Engine/Plugins/Runtime/Oculus/OculusVR/Binaries/Win64/UE4Editor-OculusEditor.dll (API version 3709383).
LogModuleManager: Display: Found up-to-date module file ../../../Engine/Plugins/Runtime/PhysXVehicles/Binaries/Win64/UE4Editor-PhysXVehicles.dll (API version 3709383).
LogModuleManager: Display: Found up-to-date module file ../../../Engine/Plugins/Runtime/PhysXVehicles/Binaries/Win64/UE4Editor-PhysXVehiclesEditor.dll (API version 3709383).
LogModuleManager: Display: Found up-to-date module file ../../../Engine/Plugins/Runtime/ProceduralMeshComponent/Binaries/Win64/UE4Editor-ProceduralMeshComponent.dll (API version 3709383).
LogModuleManager: Display: Found up-to-date module file ../../../Engine/Plugins/Runtime/ProceduralMeshComponent/Binaries/Win64/UE4Editor-ProceduralMeshComponentEditor.dll (API version 3709383).
LogModuleManager: Display: Found up-to-date module file ../../../Engine/Plugins/Runtime/RuntimePhysXCooking/Binaries/Win64/UE4Editor-RuntimePhysXCooking.dll (API version 3709383).
LogModuleManager: Display: Found up-to-date module file ../../../Engine/Plugins/Runtime/Steam/SteamVR/Binaries/Win64/UE4Editor-SteamVR.dll (API version 3709383).
LogModuleManager: Display: Found up-to-date module file ../../../Engine/Plugins/Runtime/Steam/SteamVR/Binaries/Win64/UE4Editor-SteamVRController.dll (API version 3709383).
LogModuleManager: Display: Found up-to-date module file ../../../Engine/Plugins/Runtime/WindowsMoviePlayer/Binaries/Win64/UE4Editor-WindowsMoviePlayer.dll (API version 3709383).
LogPluginManager: Mounting plugin Paper2D
LogPluginManager: Mounting plugin LightPropagationVolume
LogPluginManager: Mounting plugin CodeLiteSourceCodeAccess
LogPluginManager: Mounting plugin GitSourceControl
LogPluginManager: Mounting plugin KDevelopSourceCodeAccess
LogPluginManager: Mounting plugin NullSourceCodeAccess
LogPluginManager: Mounting plugin PerforceSourceControl
LogPluginManager: Mounting plugin SubversionSourceControl
LogPluginManager: Mounting plugin UObjectPlugin
LogPluginManager: Mounting plugin VisualStudioCodeSourceCodeAccess
LogPluginManager: Mounting plugin VisualStudioSourceCodeAccess
LogPluginManager: Mounting plugin XCodeSourceCodeAccess
LogPluginManager: Mounting plugin AssetManagerEditor
LogPluginManager: Mounting plugin AudioCapture
LogPluginManager: Mounting plugin FacialAnimation
LogPluginManager: Mounting plugin GameplayTagsEditor
LogPluginManager: Mounting plugin MobileLauncherProfileWizard
LogPluginManager: Mounting plugin PluginBrowser
LogPluginManager: Mounting plugin SpeedTreeImporter
LogPluginManager: Mounting plugin AlembicImporter
LogPluginManager: Mounting plugin CharacterAI
LogPluginManager: Mounting plugin HTML5Networking
LogPluginManager: Mounting plugin AndroidMedia
LogPluginManager: Mounting plugin AvfMedia
LogPluginManager: Mounting plugin ImgMedia
LogPluginManager: Mounting plugin MediaCompositing
LogPluginManager: Mounting plugin MediaPlayerEditor
LogPluginManager: Mounting plugin WmfMedia
LogPluginManager: Mounting plugin TcpMessaging
LogPluginManager: Mounting plugin UdpMessaging
LogPluginManager: Mounting plugin ActorSequence
LogPluginManager: Mounting plugin LevelSequenceEditor
LogPluginManager: Mounting plugin MatineeToLevelSequence
LogPluginManager: Mounting plugin OnlineSubsystemGooglePlay
LogPluginManager: Mounting plugin OnlineSubsystemIOS
LogPluginManager: Mounting plugin OnlineSubsystem
LogPluginManager: Mounting plugin OnlineSubsystemNull
LogPluginManager: Mounting plugin OnlineSubsystemUtils
LogPluginManager: Mounting plugin AndroidDeviceProfileSelector
LogPluginManager: Mounting plugin AndroidMoviePlayer
LogPluginManager: Mounting plugin AndroidPermission
LogPluginManager: Mounting plugin AppleARKit
LogPluginManager: Mounting plugin AppleMoviePlayer
LogPluginManager: Mounting plugin ArchVisCharacter
LogPluginManager: Mounting plugin CableComponent
LogPluginManager: Mounting plugin CustomMeshComponent
LogPluginManager: Mounting plugin ExampleDeviceProfileSelector
LogPluginManager: Mounting plugin GoogleCloudMessaging
LogPluginManager: Mounting plugin ImmediatePhysics
LogPluginManager: Mounting plugin IOSDeviceProfileSelector
LogPluginManager: Mounting plugin LinuxDeviceProfileSelector
LogPluginManager: Mounting plugin LocationServicesBPLibrary
LogPluginManager: Mounting plugin MobilePatchingUtils
LogPluginManager: Mounting plugin OculusVR
LogPluginManager: Plugin shader directory ../../../Engine/Plugins/Runtime/Oculus/OculusVR/Shaders found
LogPluginManager: Mapping shader source directory ../../../Engine/Plugins/Runtime/Oculus/OculusVR/Shaders to virtual directory /Plugin/OculusVR
LogPluginManager: Mounting plugin PhysXVehicles
LogPluginManager: Mounting plugin ProceduralMeshComponent
LogPluginManager: Mounting plugin RuntimePhysXCooking
LogPluginManager: Mounting plugin SteamVR
LogPluginManager: Mounting plugin WindowsMoviePlayer
LogInit: Using libcurl 7.47.1
LogInit:  - built for x86_64-pc-win32
LogInit:  - supports SSL with OpenSSL/1.0.2g
LogInit:  - supports HTTP deflate (compression) using libz 1.2.8
LogInit:  - other features:
LogInit:      CURL_VERSION_SSL
LogInit:      CURL_VERSION_LIBZ
LogInit:      CURL_VERSION_IPV6
LogInit:      CURL_VERSION_ASYNCHDNS
LogInit:      CURL_VERSION_LARGEFILE
LogInit:      CURL_VERSION_IDN
LogInit:  CurlRequestOptions (configurable via config and command line):
LogInit:  - bVerifyPeer = false  - Libcurl will NOT verify peer certificate
LogInit:  - bUseHttpProxy = false  - Libcurl will NOT use HTTP proxy
LogInit:  - bDontReuseConnections = false  - Libcurl will reuse connections
LogInit:  - CertBundlePath = nullptr  - Libcurl will use whatever was configured at build time.
LogInit: Build: ++UE4+Release-4.18-CL-3832480
LogInit: Engine Version: 4.18.3-3832480+++UE4+Release-4.18
LogInit: Compatible Engine Version: 4.18.0-3709383+++UE4+Release-4.18
LogInit: Net CL: 3709383
LogDevObjectVersion: Number of dev versions registered: 16
LogDevObjectVersion:   Dev-Blueprints (B0D832E4-1F89-4F0D-ACCF-7EB736FD4AA2): 10
LogDevObjectVersion:   Dev-Build (E1C64328-A22C-4D53-A36C-8E866417BD8C): 0
LogDevObjectVersion:   Dev-Core (375EC13C-06E4-48FB-B500-84F0262A717E): 2
LogDevObjectVersion:   Dev-Editor (E4B068ED-F494-42E9-A231-DA0B2E46BB41): 20
LogDevObjectVersion:   Dev-Framework (CFFC743F-43B0-4480-9391-14DF171D2073): 30
LogDevObjectVersion:   Dev-Mobile (B02B49B5-BB20-44E9-A304-32B752E40360): 0
LogDevObjectVersion:   Dev-Networking (A4E4105C-59A1-49B5-A7C5-40C4547EDFEE): 0
LogDevObjectVersion:   Dev-Online (39C831C9-5AE6-47DC-9A44-9C173E1C8E7C): 0
LogDevObjectVersion:   Dev-Physics (78F01B33-EBEA-4F98-B9B4-84EACCB95AA2): 0
LogDevObjectVersion:   Dev-Platform (6631380F-2D4D-43E0-8009-CF276956A95A): 0
LogDevObjectVersion:   Dev-Rendering (12F88B9F-8875-4AFC-A67C-D90C383ABD29): 20
LogDevObjectVersion:   Dev-Sequencer (7B5AE74C-D270-4C10-A958-57980B212A5A): 4
LogDevObjectVersion:   Dev-VR (D7296918-1DD6-4BDD-9DE2-64A83CC13884): 0
LogDevObjectVersion:   Dev-LoadTimes (C2A15278-BFE7-4AFE-6C17-90FF531DF755): 1
LogDevObjectVersion:   Private-Geometry (6EACA3D4-40EC-4CC1-B786-8BED09428FC5): 1
LogDevObjectVersion:   Dev-AnimPhys (29E575DD-E0A3-4627-9D10-D276232CDCEA): 12
LogInit: Compiled (64-bit): Jan 12 2018 02:04:55
LogInit: Compiled with Visual C++: 19.00.24215.01
LogInit: Build Configuration: Development
LogInit: Branch Name: ++UE4+Release-4.18
LogInit: Command line:  
LogInit: Base directory: e:/Program Files/Epic Games/UE_4.18/Engine/Binaries/Win64/
LogInit: Installed Engine Build: 1
LogInit: Presizing for max 8388607 objects, including 0 objects not considered by GC, pre-allocating 0 bytes for permanent pool.
LogInit: Object subsystem initialized
[2020.07.17-15.18.22:238][  0]LogInit: Selected Device Profile: [Windows]
[2020.07.17-15.18.22:239][  0]LogInit: Applying CVar settings loaded from the selected device profile: [Windows]
[2020.07.17-15.18.22:602][  0]LogInit: Computer: DESKTOP-IALHAP5
[2020.07.17-15.18.22:602][  0]LogInit: User: kidvi
[2020.07.17-15.18.22:602][  0]LogInit: CPU Page size=4096, Cores=4
[2020.07.17-15.18.22:602][  0]LogInit: High frequency timer resolution =10.000000 MHz
[2020.07.17-15.18.22:602][  0]LogMemory: Memory total: Physical=16.0GB (16GB approx)
[2020.07.17-15.18.22:602][  0]LogMemory: Platform Memory Stats for Windows
[2020.07.17-15.18.22:602][  0]LogMemory: Process Physical Memory: 273.68 MB used, 273.68 MB peak
[2020.07.17-15.18.22:602][  0]LogMemory: Process Virtual Memory: 271.73 MB used, 271.73 MB peak
[2020.07.17-15.18.22:602][  0]LogMemory: Physical Memory: 5619.22 MB used,  10716.04 MB free, 16335.26 MB total
[2020.07.17-15.18.22:602][  0]LogMemory: Virtual Memory: 4750.20 MB used,  10716.04 MB free, 134217728.00 MB total
[2020.07.17-15.18.23:544][  0]LogInit: Using OS detected language (en-US).
[2020.07.17-15.18.23:544][  0]LogInit: Using OS detected locale (en-US).
[2020.07.17-15.18.23:671][  0]LogTextLocalizationManager: No specific localization for 'en-US' exists, so the 'en' localization will be used.
[2020.07.17-15.18.24:335][  0]LogInit: Setting process to per monitor DPI aware
[2020.07.17-15.18.26:799][  0]LogD3D11RHI: D3D11 adapters:
[2020.07.17-15.18.26:838][  0]LogD3D11RHI:    0. 'AMD Radeon(TM) RX 560 Series' (Feature Level 11_0)
[2020.07.17-15.18.26:838][  0]LogD3D11RHI:       4075/0/8167 MB DedicatedVideo/DedicatedSystem/SharedSystem, Outputs:1, VendorId:0x1002
[2020.07.17-15.18.26:841][  0]LogD3D11RHI:    1. 'Microsoft Basic Render Driver' (Feature Level 11_0)
[2020.07.17-15.18.26:841][  0]LogD3D11RHI:       0/0/8167 MB DedicatedVideo/DedicatedSystem/SharedSystem, Outputs:0, VendorId:0x1414
[2020.07.17-15.18.26:841][  0]LogD3D11RHI: Chosen D3D11 Adapter: 0
[2020.07.17-15.18.26:848][  0]LogD3D11RHI: Creating new Direct3DDevice
[2020.07.17-15.18.26:849][  0]LogD3D11RHI:     GPU DeviceId: 0x67ef (for the marketing name, search the web for "GPU Device Id")
[2020.07.17-15.18.26:849][  0]LogWindows: EnumDisplayDevices:
[2020.07.17-15.18.26:849][  0]LogWindows:    0. 'AMD Radeon(TM) RX 560 Series' (P:1 D:1)
[2020.07.17-15.18.26:849][  0]LogWindows:    1. 'AMD Radeon(TM) RX 560 Series' (P:0 D:0)
[2020.07.17-15.18.26:849][  0]LogWindows:    2. 'AMD Radeon(TM) RX 560 Series' (P:0 D:0)
[2020.07.17-15.18.26:850][  0]LogWindows:    3. 'AMD Radeon(TM) RX 560 Series' (P:0 D:0)
[2020.07.17-15.18.26:850][  0]LogWindows:    4. 'AMD Radeon(TM) RX 560 Series' (P:0 D:0)
[2020.07.17-15.18.26:850][  0]LogWindows:    5. 'AMD Radeon(TM) RX 560 Series' (P:0 D:0)
[2020.07.17-15.18.26:850][  0]LogWindows:    6. 'AMD Radeon(TM) RX 560 Series' (P:0 D:0)
[2020.07.17-15.18.26:851][  0]LogWindows: DebugString: GetVideoDriverDetailsInvalid PrimaryIsNotTheChoosenAdapter GetVideoDriverDetailsInvalid PrimaryIsNotTheChoosenAdapter GetVideoDriverDetailsInvalid PrimaryIsNotTheChoosenAdapter GetVideoDriverDetailsInvalid PrimaryIsNotTheChoosenAdapter GetVideoDriverDetailsInvalid PrimaryIsNotTheChoosenAdapter GetVideoDriverDetailsInvalid PrimaryIsNotTheChoosenAdapter GetVideoDriverDetailsInvalid PrimaryIsNotTheChoosenAdapter FoundDriverCount:0 
[2020.07.17-15.18.26:851][  0]LogD3D11RHI:     Adapter Name: AMD Radeon(TM) RX 560 Series
[2020.07.17-15.18.26:851][  0]LogD3D11RHI:   Driver Version: Unknown (internal:Unknown, unified:Unknown)
[2020.07.17-15.18.26:851][  0]LogD3D11RHI:      Driver Date: Unknown
[2020.07.17-15.18.26:851][  0]LogRHI: Texture pool is 2853 MB (70% of 4075 MB)
[2020.07.17-15.18.26:899][  0]LogD3D11RHI: Async texture creation enabled
[2020.07.17-15.18.27:256][  0]LogD3D11RHI: GPU Timing Frequency: 25.000000 (Debug: 2 1)
[2020.07.17-15.18.27:334][  0]LogShaderCompilers: Guid format shader working directory is -22 characters bigger than the processId version (H:/Git Hub/shooter900/UE4-Loco-multiplayer-Game/UE4_Loco_Multiplayer/Intermediate/Shaders/WorkingDirectory/9368/).
[2020.07.17-15.18.27:334][  0]LogShaderCompilers: Cleaned the shader compiler working directory 'C:/Users/kidvi/AppData/Local/Temp/UnrealShaderWorkingDir/5A09E5D94EB82DA733DCD6A968519D76/'.
[2020.07.17-15.18.27:338][  0]LogShaderCompilers: Display: Using Local Shader Compiler.
[2020.07.17-15.18.29:795][  0]LogTemp: Display: Loaded TP AllDesktopTargetPlatform
[2020.07.17-15.18.29:847][  0]LogTemp: Display: Loaded TP MacClientTargetPlatform
[2020.07.17-15.18.29:897][  0]LogTemp: Display: Loaded TP MacNoEditorTargetPlatform
[2020.07.17-15.18.29:948][  0]LogTemp: Display: Loaded TP MacServerTargetPlatform
[2020.07.17-15.18.30:017][  0]LogTemp: Display: Loaded TP MacTargetPlatform
[2020.07.17-15.18.30:068][  0]LogTemp: Display: Loaded TP WindowsClientTargetPlatform
[2020.07.17-15.18.30:119][  0]LogTemp: Display: Loaded TP WindowsNoEditorTargetPlatform
[2020.07.17-15.18.30:171][  0]LogTemp: Display: Loaded TP WindowsServerTargetPlatform
[2020.07.17-15.18.30:214][  0]LogTemp: Display: Loaded TP WindowsTargetPlatform
[2020.07.17-15.18.30:263][  0]LogTemp: Display: Loaded TP Android_ASTCTargetPlatform
[2020.07.17-15.18.30:313][  0]LogTemp: Display: Loaded TP Android_ATCTargetPlatform
[2020.07.17-15.18.30:362][  0]LogTemp: Display: Loaded TP Android_DXTTargetPlatform
[2020.07.17-15.18.30:411][  0]LogTemp: Display: Loaded TP Android_ETC1TargetPlatform
[2020.07.17-15.18.30:461][  0]LogTemp: Display: Loaded TP Android_ETC2TargetPlatform
[2020.07.17-15.18.30:560][  0]LogTemp: Display: Loaded TP Android_MultiTargetPlatform
[2020.07.17-15.18.30:560][  0]LogTemp: Display: Loaded TP Android_PVRTCTargetPlatform
[2020.07.17-15.18.30:653][  0]LogTemp: Display: Loaded TP AndroidTargetPlatform
[2020.07.17-15.18.30:693][  0]LogTemp: Display: Loaded TP HTML5TargetPlatform
[2020.07.17-15.18.30:806][  0]LogTemp: Display: Loaded TP IOSTargetPlatform
[2020.07.17-15.18.30:834][  0]LogTemp: Display: Loaded TP TVOSTargetPlatform
[2020.07.17-15.18.30:886][  0]LogTemp: Display: Loaded TP LinuxClientTargetPlatform
[2020.07.17-15.18.30:949][  0]LogTemp: Display: Loaded TP LinuxNoEditorTargetPlatform
[2020.07.17-15.18.30:997][  0]LogTemp: Display: Loaded TP LinuxServerTargetPlatform
[2020.07.17-15.18.31:048][  0]LogTemp: Display: Loaded TP LinuxTargetPlatform
[2020.07.17-15.18.31:048][  0]LogTargetPlatformManager: Display: Building Assets For Windows
[2020.07.17-15.18.32:107][  0]LogDerivedDataCache: Display: Max Cache Size: 512 MB
[2020.07.17-15.18.32:452][  0]LogDerivedDataCache: Loaded boot cache 0.34s 78MB C:/Users/kidvi/AppData/Local/UnrealEngine/4.18/DerivedDataCache/Boot.ddc.
[2020.07.17-15.18.32:453][  0]LogDerivedDataCache: Display: Loaded Boot cache: C:/Users/kidvi/AppData/Local/UnrealEngine/4.18/DerivedDataCache/Boot.ddc
[2020.07.17-15.18.32:453][  0]LogDerivedDataCache: FDerivedDataBackendGraph:  Pak pak cache file H:/Git Hub/shooter900/UE4-Loco-multiplayer-Game/UE4_Loco_Multiplayer/DerivedDataCache/DDC.ddp not found, will not use a pak cache.
[2020.07.17-15.18.32:453][  0]LogDerivedDataCache: Unable to find inner node Pak for hierarchical cache Hierarchy.
[2020.07.17-15.18.32:453][  0]LogDerivedDataCache: FDerivedDataBackendGraph:  CompressedPak pak cache file H:/Git Hub/shooter900/UE4-Loco-multiplayer-Game/UE4_Loco_Multiplayer/DerivedDataCache/Compressed.ddp not found, will not use a pak cache.
[2020.07.17-15.18.32:453][  0]LogDerivedDataCache: Unable to find inner node CompressedPak for hierarchical cache Hierarchy.
[2020.07.17-15.18.32:514][  0]LogDerivedDataCache: Display: Pak cache opened for reading ../../../Engine/DerivedDataCache/Compressed.ddp.
[2020.07.17-15.18.32:528][  0]LogDerivedDataCache: Using Local data cache path C:/Users/kidvi/AppData/Local/UnrealEngine/Common/DerivedDataCache: Writable
[2020.07.17-15.18.32:622][  0]LogMaterial: Verifying Global Shaders for PCD3D_SM5
[2020.07.17-15.18.32:713][  0]LogSlate: Using Freetype 2.6.0
[2020.07.17-15.18.32:791][  0]LogSlate: SlateFontCache - WITH_FREETYPE: 1, WITH_HARFBUZZ: 1
[2020.07.17-15.18.32:805][  0]LogSlate: SlateFontCache - WITH_FREETYPE: 1, WITH_HARFBUZZ: 1
[2020.07.17-15.18.39:399][  0]LogInit: Selected Device Profile: [Windows]
[2020.07.17-15.18.41:153][  0]LogSimplygon: Simplygon DLL not present - disabling.
[2020.07.17-15.18.41:255][  0]LogMeshReduction: Using SimplygonSwarm for distributed automatic mesh merging
[2020.07.17-15.18.41:256][  0]LogMeshReduction: Using QuadricMeshReduction for automatic static mesh reduction
[2020.07.17-15.18.41:256][  0]LogMeshReduction: No automatic skeletal mesh reduction module available
[2020.07.17-15.18.41:256][  0]LogMeshReduction: No automatic mesh merging module available
[2020.07.17-15.18.41:256][  0]LogMeshMerging: No automatic mesh merging module available
[2020.07.17-15.18.41:635][  0]LogNetVersion: UE4_Loco_Multiplayer , NetCL: 3709383, EngineNetVer: 2, GameNetVer: 0 (Checksum: 1342504481)
[2020.07.17-15.18.43:037][  0]LogAssetRegistry: FAssetRegistry took 0.0445 seconds to start up
[2020.07.17-15.18.50:815][  0]LogPackageLocalizationCache: Processed 7 localized package path(s) for 2 prioritized culture(s) in 1.165321 seconds
[2020.07.17-15.18.50:856][  0]LogUObjectArray: 35870 objects as part of root set at end of initial load.
[2020.07.17-15.18.50:856][  0]LogUObjectAllocator: 7363696 out of 0 bytes used by permanent object pool.
[2020.07.17-15.18.50:856][  0]LogUObjectArray: CloseDisregardForGC: 0/0 objects in disregard for GC pool
[2020.07.17-15.18.50:919][  0]LogInit: WinSock: version 1.1 (2.2), MaxSocks=32767, MaxUdp=65467
[2020.07.17-15.19.07:161][  0]LogTcpMessaging: Initializing TcpMessaging bridge
[2020.07.17-15.19.07:254][  0]LogUdpMessaging: Initializing bridge on interface 0.0.0.0:0 to multicast group 230.0.0.1:6666.
[2020.07.17-15.19.09:070][  0]LogMaterial: Uniform references updated for custom material expression Custom.
[2020.07.17-15.19.10:221][  0]SourceControl: Source control is disabled
[2020.07.17-15.19.13:159][  0]LogAndroidPermission: UAndroidPermissionCallbackProxy::GetInstance
[2020.07.17-15.19.13:629][  0]LogOcInput: OculusInput pre-init called
[2020.07.17-15.19.14:466][  0]LogEngine: Initializing Engine...
[2020.07.17-15.19.14:553][  0]LogHMD: Failed to initialize OpenVR with code 110
[2020.07.17-15.19.15:183][  0]LogStats: UGameplayTagsManager::ConstructGameplayTagTree: Construct from data asset -  0.000 s
[2020.07.17-15.19.15:184][  0]LogStats: UGameplayTagsManager::ConstructGameplayTagTree: GameplayTagTreeChangedEvent.Broadcast -  0.000 s
[2020.07.17-15.19.15:768][  0]LogAIModule: Creating AISystem for world Untitled
[2020.07.17-15.19.15:997][  0]LogInit: XAudio2 using 'Speakers (Realtek(R) Audio)' : 2 channels at 48 kHz using 32 bits per sample (channel mask 0x3)
[2020.07.17-15.19.16:023][  0]LogInit: FAudioDevice initialized.
[2020.07.17-15.19.16:152][  0]LogDerivedDataCache: Saved boot cache 0.13s 78MB C:/Users/kidvi/AppData/Local/UnrealEngine/4.18/DerivedDataCache/Boot.ddc.
[2020.07.17-15.19.16:162][  0]LogInit: Texture streaming: Enabled
[2020.07.17-15.19.16:362][  0]LogEngineSessionManager: EngineSessionManager initialized
[2020.07.17-15.19.16:665][  0]LogInit: Transaction tracking system initialized
[2020.07.17-15.19.17:425][  0]BlueprintLog: New page: Editor Load
[2020.07.17-15.19.19:810][  0]LocalizationService: Localization service is disabled
[2020.07.17-15.19.21:409][  0]LogConsoleResponse: Display: 
[2020.07.17-15.19.24:086][  0]LogCook: Display: Max memory allowance for cook 16384mb min free memory 0mb
[2020.07.17-15.19.24:086][  0]LogCook: Display: Mobile HDR setting 1
[2020.07.17-15.19.24:099][  0]LogFileCache: Scanning file cache for directory 'H:/Git Hub/shooter900/UE4-Loco-multiplayer-Game/UE4_Loco_Multiplayer/Content/' took 0.06s
[2020.07.17-15.19.24:099][  0]LogGameplayTags: Display: UGameplayTagsManager::DoneAddingNativeTags. DelegateIsBound: 0
[2020.07.17-15.19.27:008][  0]Cmd: MAP LOAD FILE="H:/Git Hub/shooter900/UE4-Loco-multiplayer-Game/UE4_Loco_Multiplayer/Content/ThirdPersonBP/Maps/ThirdPersonExampleMap.umap" TEMPLATE=0 SHOWPROGRESS=1 FEATURELEVEL=3
[2020.07.17-15.19.27:008][  0]LogEditorServer: Warning: Can't find file 'H:/Git Hub/shooter900/UE4-Loco-multiplayer-Game/UE4_Loco_Multiplayer/Content/ThirdPersonBP/Maps/ThirdPersonExampleMap.umap'
[2020.07.17-15.19.27:017][  0]Cmd: MAP CHECKDEP NOCLEARLOG
[2020.07.17-15.19.27:080][  0]MapCheck: Map check complete: 0 Error(s), 0 Warning(s), took 63.529ms to complete.
[2020.07.17-15.19.27:080][  0]LogFileHelpers: Loading map 'ThirdPersonExampleMap' took 0.108
[2020.07.17-15.19.28:912][  0]LogCollectionManager: Loaded 0 collections in 0.001969 seconds
[2020.07.17-15.19.29:125][  0]LogFileCache: Scanning file cache for directory 'H:/Git Hub/shooter900/UE4-Loco-multiplayer-Game/UE4_Loco_Multiplayer/Saved/Collections/' took 0.01s
[2020.07.17-15.19.29:126][  0]LogFileCache: Scanning file cache for directory 'H:/Git Hub/shooter900/UE4-Loco-multiplayer-Game/UE4_Loco_Multiplayer/Content/Developers/kidvi/Collections/' took 0.01s
[2020.07.17-15.19.29:126][  0]LogFileCache: Scanning file cache for directory 'H:/Git Hub/shooter900/UE4-Loco-multiplayer-Game/UE4_Loco_Multiplayer/Content/Collections/' took 0.01s
[2020.07.17-15.19.29:126][  0]LogCollectionManager: Rebuilt the GUID cache for 0 collections in 0.000000 seconds
[2020.07.17-15.19.29:143][  0]LogContentBrowser: Native class hierarchy populated in 0.0094 seconds. Added 2363 classes and 519 folders.
[2020.07.17-15.19.29:408][  0]LogContentBrowser: Native class hierarchy updated for 'WidgetCarousel' in 0.0003 seconds. Added 0 classes and 0 folders.
[2020.07.17-15.19.30:387][  0]LogContentBrowser: Native class hierarchy updated for 'AddContentDialog' in 0.0003 seconds. Added 0 classes and 0 folders.
[2020.07.17-15.19.30:537][  0]LogContentBrowser: Native class hierarchy updated for 'SceneOutliner' in 0.0003 seconds. Added 1 classes and 2 folders.
[2020.07.17-15.19.31:835][  0]LogSlate: Took 0.020499 seconds to synchronously load lazily loaded font '../../../Engine/Content/Slate/Fonts/Roboto-Regular.ttf' (155K)
[2020.07.17-15.19.31:879][  0]LogSlate: Took 0.020866 seconds to synchronously load lazily loaded font '../../../Engine/Content/Slate/Fonts/Roboto-Bold.ttf' (160K)
[2020.07.17-15.19.31:886][  0]LogSlate: Took 0.004751 seconds to synchronously load lazily loaded font '../../../Engine/Content/Editor/Slate/Fonts/FontAwesome.ttf' (139K)
[2020.07.17-15.19.32:432][  0]LogRenderer: Reallocating scene render targets to support 1528x624 Format 9 NumSamples 1 (Frame:1).
[2020.07.17-15.19.33:602][  0]LogContentBrowser: Native class hierarchy updated for 'HierarchicalLODOutliner' in 0.0003 seconds. Added 1 classes and 2 folders.
[2020.07.17-15.19.33:602][  0]LogLoad: (Engine Initialization) Total time: 96.51 seconds
[2020.07.17-15.19.33:602][  0]LogLoad: (Engine Initialization) Total Blueprint compile time: 0.00 seconds
[2020.07.17-15.19.33:630][  0]LogExternalProfiler: No external profilers were discovered.  External profiling features will not be available.
[2020.07.17-15.19.34:370][  0]SourceControl: On branch master
[2020.07.17-15.19.34:370][  0]SourceControl: Your branch is up to date with 'origin/master'.
[2020.07.17-15.19.34:370][  0]SourceControl: Changes not staged for commit:
[2020.07.17-15.19.34:371][  0]SourceControl:   (use "git add/rm <file>..." to update what will be committed)
[2020.07.17-15.19.34:371][  0]SourceControl:   (use "git restore <file>..." to discard changes in working directory)
[2020.07.17-15.19.34:371][  0]SourceControl: 	modified:   UE4_Loco_Multiplayer/Intermediate/CachedAssetRegistry.bin
[2020.07.17-15.19.34:371][  0]SourceControl: 	modified:   UE4_Loco_Multiplayer/Saved/Config/Windows/Engine.ini
[2020.07.17-15.19.34:371][  0]SourceControl: 	deleted:    UE4_Loco_Multiplayer/Saved/Logs/UE4_Loco_Multiplayer-backup-2020.07.14-10.51.48.log
[2020.07.17-15.19.34:371][  0]SourceControl: 	modified:   UE4_Loco_Multiplayer/Saved/Logs/UE4_Loco_Multiplayer.log
[2020.07.17-15.19.34:371][  0]SourceControl: Untracked files:
[2020.07.17-15.19.34:371][  0]SourceControl:   (use "git add <file>..." to include in what will be committed)
[2020.07.17-15.19.34:371][  0]SourceControl: 	UE4_Loco_Multiplayer/Saved/Config/CrashReportClient/UE4CC-Windows-B576593D4F4337799AB561A060A7E0DD/
[2020.07.17-15.19.34:371][  0]SourceControl: 	UE4_Loco_Multiplayer/Saved/Logs/UE4_Loco_Multiplayer-backup-2020.07.17-11.18.16.log
[2020.07.17-15.19.34:371][  0]SourceControl: no changes added to commit (use "git add" and/or "git commit -a")
[2020.07.17-15.19.34:371][  0]LogContentStreaming: Texture pool size now 800 MB
[2020.07.17-15.19.34:628][  0]LogSlate: Took 0.012629 seconds to synchronously load lazily loaded font '../../../Engine/Content/Slate/Fonts/Roboto-Light.ttf' (159K)
[2020.07.17-15.19.35:711][  3]LogAssetRegistry: Asset discovery search completed in 52.6960 seconds
[2020.07.17-15.19.35:763][  3]LogCollectionManager: Rebuilt the object cache for 0 collections in 0.000000 seconds (found 0 objects)
[2020.07.17-15.19.35:763][  3]LogCollectionManager: Fixed up redirectors for 0 collections in 0.000108 seconds (updated 0 objects)
[2020.07.17-15.19.44:189][883]LogWindowsTextInputMethodSystem: Display: IME system now deactivated.
[2020.07.17-15.19.44:918][884]Cmd: QUIT_EDITOR
[2020.07.17-15.19.45:534][884]LogExit: Preparing to exit.
[2020.07.17-15.19.47:381][884]LogExit: Editor shut down
[2020.07.17-15.19.47:479][884]LogExit: Transaction tracking system shut down
[2020.07.17-15.19.48:058][884]LogDirectoryWatcher: A directory notification for '../../../Engine/Content/' was aborted.
[2020.07.17-15.19.48:058][884]LogDirectoryWatcher: A directory notification for 'H:/Git Hub/shooter900/UE4-Loco-multiplayer-Game/UE4_Loco_Multiplayer/Content/' was aborted.
[2020.07.17-15.19.48:059][884]LogDirectoryWatcher: A directory notification for '../../../Engine/Plugins/2D/Paper2D/Content/' was aborted.
[2020.07.17-15.19.48:059][884]LogDirectoryWatcher: A directory notification for '../../../Engine/Plugins/Media/MediaCompositing/Content/' was aborted.
[2020.07.17-15.19.48:059][884]LogDirectoryWatcher: A directory notification for '../../../Engine/Plugins/Runtime/AppleARKit/Content/' was aborted.
[2020.07.17-15.19.48:059][884]LogDirectoryWatcher: A directory notification for '../../../Engine/Plugins/Runtime/Oculus/OculusVR/Content/' was aborted.
[2020.07.17-15.19.48:059][884]LogDirectoryWatcher: A directory notification for '../../../Engine/Plugins/Runtime/Steam/SteamVR/Content/' was aborted.
[2020.07.17-15.19.49:625][884]LogExit: Object subsystem successfully closed.
[2020.07.17-15.19.49:996][884]LogD3D11RHI: Shutdown
[2020.07.17-15.19.50:005][884]LogD3D11RHI: CleanupD3DDevice
[2020.07.17-15.19.50:038][884]LogD3D11RHI: ~FD3D11DynamicRHI
[2020.07.17-15.19.50:707][884]LogModuleManager: Shutting down and abandoning module HierarchicalLODOutliner (546)
[2020.07.17-15.19.50:707][884]LogModuleManager: Shutting down and abandoning module SceneOutliner (544)
[2020.07.17-15.19.50:721][884]LogModuleManager: Shutting down and abandoning module AddContentDialog (542)
[2020.07.17-15.19.50:753][884]LogDirectoryWatcher: A directory notification for 'e:/Program Files/Epic Games/UE_4.18/FeaturePacks/' was aborted.
[2020.07.17-15.19.50:766][884]LogModuleManager: Shutting down and abandoning module WidgetCarousel (541)
[2020.07.17-15.19.50:766][884]LogModuleManager: Shutting down and abandoning module EditorWidgets (538)
[2020.07.17-15.19.50:766][884]LogModuleManager: Shutting down and abandoning module CollectionManager (536)
[2020.07.17-15.19.50:766][884]LogDirectoryWatcher: A directory notification for 'H:/Git Hub/shooter900/UE4-Loco-multiplayer-Game/UE4_Loco_Multiplayer/Content/Collections/' was aborted.
[2020.07.17-15.19.50:766][884]LogDirectoryWatcher: A directory notification for 'H:/Git Hub/shooter900/UE4-Loco-multiplayer-Game/UE4_Loco_Multiplayer/Content/Developers/kidvi/Collections/' was aborted.
[2020.07.17-15.19.50:766][884]LogDirectoryWatcher: A directory notification for 'H:/Git Hub/shooter900/UE4-Loco-multiplayer-Game/UE4_Loco_Multiplayer/Saved/Collections/' was aborted.
[2020.07.17-15.19.50:766][884]LogModuleManager: Shutting down and abandoning module FoliageEdit (534)
[2020.07.17-15.19.50:766][884]LogModuleManager: Shutting down and abandoning module LandscapeEditor (532)
[2020.07.17-15.19.50:811][884]LogModuleManager: Shutting down and abandoning module MeshPaintMode (530)
[2020.07.17-15.19.50:811][884]LogModuleManager: Shutting down and abandoning module SceneDepthPickerMode (528)
[2020.07.17-15.19.50:811][884]LogModuleManager: Shutting down and abandoning module ActorPickerMode (526)
[2020.07.17-15.19.50:811][884]LogModuleManager: Shutting down and abandoning module GeometryMode (524)
[2020.07.17-15.19.50:811][884]LogModuleManager: Shutting down and abandoning module TextureAlignMode (522)
[2020.07.17-15.19.50:811][884]LogModuleManager: Shutting down and abandoning module BspMode (520)
[2020.07.17-15.19.50:811][884]LogModuleManager: Shutting down and abandoning module PIEPreviewDeviceProfileSelector (518)
[2020.07.17-15.19.50:811][884]LogModuleManager: Shutting down and abandoning module HardwareSurvey (516)
[2020.07.17-15.19.50:811][884]LogModuleManager: Shutting down and abandoning module SequenceRecorderSections (514)
[2020.07.17-15.19.50:824][884]LogModuleManager: Shutting down and abandoning module AutomationWorker (512)
[2020.07.17-15.19.50:824][884]LogModuleManager: Shutting down and abandoning module MatineeToLevelSequence (510)
[2020.07.17-15.19.50:824][884]LogModuleManager: Shutting down and abandoning module LevelSequenceEditor (508)
[2020.07.17-15.19.50:846][884]LogModuleManager: Shutting down and abandoning module PlacementMode (507)
[2020.07.17-15.19.50:846][884]LogModuleManager: Shutting down and abandoning module WmfMediaFactory (504)
[2020.07.17-15.19.50:846][884]LogModuleManager: Shutting down and abandoning module WmfMediaEditor (502)
[2020.07.17-15.19.50:846][884]LogModuleManager: Shutting down and abandoning module OpenExrWrapper (500)
[2020.07.17-15.19.50:846][884]LogModuleManager: Shutting down and abandoning module ImgMediaFactory (498)
[2020.07.17-15.19.50:846][884]LogModuleManager: Shutting down and abandoning module ImgMediaEditor (496)
[2020.07.17-15.19.50:846][884]LogModuleManager: Shutting down and abandoning module AvfMediaFactory (494)
[2020.07.17-15.19.50:846][884]LogModuleManager: Shutting down and abandoning module AvfMediaEditor (492)
[2020.07.17-15.19.50:846][884]LogModuleManager: Shutting down and abandoning module AndroidMediaFactory (490)
[2020.07.17-15.19.50:846][884]LogModuleManager: Shutting down and abandoning module AndroidMediaEditor (488)
[2020.07.17-15.19.50:846][884]LogModuleManager: Shutting down and abandoning module CharacterAI (486)
[2020.07.17-15.19.50:846][884]LogModuleManager: Shutting down and abandoning module AudioCapture (484)
[2020.07.17-15.19.50:846][884]LogModuleManager: Shutting down and abandoning module SequenceRecorder (483)
[2020.07.17-15.19.50:855][884]LogModuleManager: Shutting down and abandoning module SmartSnapping (480)
[2020.07.17-15.19.50:855][884]LogModuleManager: Shutting down and abandoning module SessionServices (478)
[2020.07.17-15.19.50:855][884]LogModuleManager: Shutting down and abandoning module ViewportSnapping (476)
[2020.07.17-15.19.50:855][884]LogModuleManager: Shutting down and abandoning module ViewportInteraction (474)
[2020.07.17-15.19.50:855][884]LogModuleManager: Shutting down and abandoning module ClothPainter (472)
[2020.07.17-15.19.50:869][884]LogModuleManager: Shutting down and abandoning module SkeletalMeshEditor (471)
[2020.07.17-15.19.50:908][884]LogModuleManager: Shutting down and abandoning module LogVisualizer (468)
[2020.07.17-15.19.50:908][884]LogModuleManager: Shutting down and abandoning module IntroTutorials (466)
[2020.07.17-15.19.50:923][884]LogModuleManager: Shutting down and abandoning module GameProjectGeneration (465)
[2020.07.17-15.19.50:938][884]LogModuleManager: Shutting down and abandoning module IOSPlatformEditor (462)
[2020.07.17-15.19.50:938][884]LogModuleManager: Shutting down and abandoning module HTML5PlatformEditor (460)
[2020.07.17-15.19.50:938][884]LogModuleManager: Shutting down and abandoning module AndroidPlatformEditor (458)
[2020.07.17-15.19.50:938][884]LogModuleManager: Shutting down and abandoning module AndroidDeviceDetection (457)
[2020.07.17-15.19.51:590][884]LogModuleManager: Shutting down and abandoning module WindowsPlatformEditor (454)
[2020.07.17-15.19.51:590][884]LogModuleManager: Shutting down and abandoning module IOSRuntimeSettings (452)
[2020.07.17-15.19.51:590][884]LogModuleManager: Shutting down and abandoning module AndroidRuntimeSettings (450)
[2020.07.17-15.19.51:590][884]LogModuleManager: Shutting down and abandoning module InputBindingEditor (448)
[2020.07.17-15.19.51:590][884]LogModuleManager: Shutting down and abandoning module MergeActors (446)
[2020.07.17-15.19.51:608][884]LogModuleManager: Shutting down and abandoning module SizeMap (444)
[2020.07.17-15.19.51:608][884]LogModuleManager: Shutting down and abandoning module TreeMap (442)
[2020.07.17-15.19.51:608][884]LogModuleManager: Shutting down and abandoning module ReferenceViewer (440)
[2020.07.17-15.19.51:608][884]LogModuleManager: Shutting down and abandoning module LocalizationDashboard (438)
[2020.07.17-15.19.51:618][884]LogModuleManager: Shutting down and abandoning module LocalizationService (437)
[2020.07.17-15.19.51:618][884]LogModuleManager: Shutting down and abandoning module HardwareTargeting (434)
[2020.07.17-15.19.51:618][884]LogModuleManager: Shutting down and abandoning module DeviceProfileEditor (432)
[2020.07.17-15.19.51:618][884]LogModuleManager: Shutting down and abandoning module UndoHistory (430)
[2020.07.17-15.19.51:618][884]LogModuleManager: Shutting down and abandoning module XmlParser (428)
[2020.07.17-15.19.51:638][884]LogModuleManager: Shutting down and abandoning module Blutility (426)
[2020.07.17-15.19.51:639][884]LogModuleManager: Shutting down and abandoning module ProjectSettingsViewer (424)
[2020.07.17-15.19.51:639][884]LogModuleManager: Shutting down and abandoning module ProjectTargetPlatformEditor (423)
[2020.07.17-15.19.51:639][884]LogModuleManager: Shutting down and abandoning module EditorSettingsViewer (420)
[2020.07.17-15.19.51:639][884]LogModuleManager: Shutting down and abandoning module SettingsEditor (418)
[2020.07.17-15.19.51:669][884]LogModuleManager: Shutting down and abandoning module ProjectLauncher (416)
[2020.07.17-15.19.51:684][884]LogModuleManager: Shutting down and abandoning module SessionFrontend (414)
[2020.07.17-15.19.51:685][884]LogModuleManager: Shutting down and abandoning module ProfilerClient (412)
[2020.07.17-15.19.51:698][884]LogModuleManager: Shutting down and abandoning module DeviceManager (410)
[2020.07.17-15.19.51:698][884]LogModuleManager: Shutting down and abandoning module TargetDeviceServices (409)
[2020.07.17-15.19.51:753][884]LogModuleManager: Shutting down and abandoning module AutomationController (406)
[2020.07.17-15.19.51:764][884]LogModuleManager: Shutting down and abandoning module AutomationWindow (404)
[2020.07.17-15.19.51:797][884]LogModuleManager: Shutting down and abandoning module Layers (402)
[2020.07.17-15.19.51:848][884]LogModuleManager: Shutting down and abandoning module ComponentVisualizers (400)
[2020.07.17-15.19.51:848][884]LogModuleManager: Shutting down and abandoning module DetailCustomizations (398)
[2020.07.17-15.19.51:848][884]LogModuleManager: Shutting down and abandoning module PackagesDialog (396)
[2020.07.17-15.19.51:862][884]LogModuleManager: Shutting down and abandoning module Persona (394)
[2020.07.17-15.19.51:893][884]LogModuleManager: Shutting down and abandoning module AdvancedPreviewScene (393)
[2020.07.17-15.19.51:893][884]LogModuleManager: Shutting down and abandoning module AnimGraph (391)
[2020.07.17-15.19.51:893][884]LogModuleManager: Shutting down and abandoning module Kismet (388)
[2020.07.17-15.19.51:900][884]LogModuleManager: Shutting down and abandoning module ClassViewer (386)
[2020.07.17-15.19.51:900][884]LogModuleManager: Shutting down and abandoning module Toolbox (384)
[2020.07.17-15.19.51:900][884]LogModuleManager: Shutting down and abandoning module ModuleUI (382)
[2020.07.17-15.19.51:915][884]LogModuleManager: Shutting down and abandoning module MovieSceneTools (380)
[2020.07.17-15.19.51:942][884]LogModuleManager: Shutting down and abandoning module OutputLog (378)
[2020.07.17-15.19.51:942][884]LogModuleManager: Shutting down and abandoning module GammaUI (376)
[2020.07.17-15.19.51:951][884]LogModuleManager: Shutting down and abandoning module Documentation (374)
[2020.07.17-15.19.51:951][884]LogModuleManager: Shutting down and abandoning module MovieSceneTracks (372)
[2020.07.17-15.19.51:951][884]LogModuleManager: Shutting down and abandoning module MovieScene (370)
[2020.07.17-15.19.51:951][884]LogModuleManager: Shutting down and abandoning module StreamingPauseRendering (368)
[2020.07.17-15.19.51:951][884]LogModuleManager: Shutting down and abandoning module LauncherPlatform (366)
[2020.07.17-15.19.51:951][884]LogModuleManager: Shutting down and abandoning module AnalyticsET (364)
[2020.07.17-15.19.51:951][884]LogModuleManager: Shutting down and abandoning module PortalServices (362)
[2020.07.17-15.19.51:951][884]LogModuleManager: Shutting down and abandoning module PortalRpc (360)
[2020.07.17-15.19.51:952][884]LogModuleManager: Shutting down and abandoning module MessagingRpc (358)
[2020.07.17-15.19.51:952][884]LogModuleManager: Shutting down and abandoning module AIModule (356)
[2020.07.17-15.19.51:962][884]LogModuleManager: Shutting down and abandoning module GameplayDebugger (355)
[2020.07.17-15.19.51:962][884]LogModuleManager: Shutting down and abandoning module AITestSuite (353)
[2020.07.17-15.19.51:962][884]LogModuleManager: Shutting down and abandoning module DesktopPlatform (350)
[2020.07.17-15.19.51:962][884]LogModuleManager: Shutting down and abandoning module ProfilerService (348)
[2020.07.17-15.19.52:136][884]LogModuleManager: Shutting down and abandoning module TaskGraph (346)
[2020.07.17-15.19.52:161][884]LogModuleManager: Shutting down and abandoning module SteamVRController (344)
[2020.07.17-15.19.52:161][884]LogModuleManager: Shutting down and abandoning module ProceduralMeshComponentEditor (342)
[2020.07.17-15.19.52:161][884]LogModuleManager: Shutting down and abandoning module ProceduralMeshComponent (340)
[2020.07.17-15.19.52:173][884]LogModuleManager: Shutting down and abandoning module OculusInput (338)
[2020.07.17-15.19.52:184][884]LogModuleManager: Shutting down and abandoning module MobilePatchingUtils (336)
[2020.07.17-15.19.52:184][884]LogModuleManager: Shutting down and abandoning module CustomMeshComponent (334)
[2020.07.17-15.19.52:184][884]LogModuleManager: Shutting down and abandoning module CableComponent (332)
[2020.07.17-15.19.52:184][884]LogModuleManager: Shutting down and abandoning module ArchVisCharacter (330)
[2020.07.17-15.19.52:184][884]LogModuleManager: Shutting down and abandoning module AndroidPermission (328)
[2020.07.17-15.19.52:184][884]LogModuleManager: Shutting down and abandoning module ActorSequence (324)
[2020.07.17-15.19.52:184][884]LogModuleManager: Shutting down and abandoning module MediaPlayerEditor (322)
[2020.07.17-15.19.52:206][884]LogModuleManager: Shutting down and abandoning module MediaCompositingEditor (320)
[2020.07.17-15.19.52:207][884]LogModuleManager: Shutting down and abandoning module MediaCompositing (318)
[2020.07.17-15.19.52:207][884]LogModuleManager: Shutting down and abandoning module HTML5Networking (316)
[2020.07.17-15.19.52:207][884]LogModuleManager: Shutting down and abandoning module AlembicImporter (314)
[2020.07.17-15.19.52:215][884]LogModuleManager: Shutting down and abandoning module AlembicLibrary (313)
[2020.07.17-15.19.52:215][884]LogModuleManager: Shutting down and abandoning module GeometryCache (312)
[2020.07.17-15.19.52:230][884]LogModuleManager: Shutting down and abandoning module GeometryCacheEd (311)
[2020.07.17-15.19.52:230][884]LogModuleManager: Shutting down and abandoning module SpeedTreeImporter (306)
[2020.07.17-15.19.52:230][884]LogModuleManager: Shutting down and abandoning module PluginBrowser (304)
[2020.07.17-15.19.52:290][884]LogModuleManager: Shutting down and abandoning module MobileLauncherProfileWizard (302)
[2020.07.17-15.19.52:331][884]LogModuleManager: Shutting down and abandoning module VisualStudioSourceCodeAccess (300)
[2020.07.17-15.19.52:331][884]LogModuleManager: Shutting down and abandoning module VisualStudioCodeSourceCodeAccess (298)
[2020.07.17-15.19.52:331][884]LogModuleManager: Shutting down and abandoning module UObjectPlugin (296)
[2020.07.17-15.19.52:331][884]LogModuleManager: Shutting down and abandoning module SubversionSourceControl (294)
[2020.07.17-15.19.52:337][884]LogModuleManager: Shutting down and abandoning module PerforceSourceControl (292)
[2020.07.17-15.19.52:361][884]LogModuleManager: Shutting down and abandoning module GitSourceControl (290)
[2020.07.17-15.19.52:380][884]LogModuleManager: Shutting down and abandoning module SourceControl (289)
[2020.07.17-15.19.52:391][884]LogModuleManager: Shutting down and abandoning module LightPropagationVolumeEditor (286)
[2020.07.17-15.19.52:391][884]LogModuleManager: Shutting down and abandoning module PaperTiledImporter (284)
[2020.07.17-15.19.52:391][884]LogModuleManager: Shutting down and abandoning module PaperSpriteSheetImporter (282)
[2020.07.17-15.19.52:391][884]LogModuleManager: Shutting down and abandoning module Paper2DEditor (280)
[2020.07.17-15.19.52:429][884]LogModuleManager: Shutting down and abandoning module MeshPaint (279)
[2020.07.17-15.19.52:439][884]LogModuleManager: Shutting down and abandoning module LevelEditor (277)
[2020.07.17-15.19.52:440][884]LogModuleManager: Shutting down and abandoning module PixelInspectorModule (276)
[2020.07.17-15.19.52:448][884]LogModuleManager: Shutting down and abandoning module MainFrame (274)
[2020.07.17-15.19.52:466][884]LogModuleManager: Shutting down and abandoning module HotReload (273)
[2020.07.17-15.19.52:466][884]LogModuleManager: Shutting down and abandoning module RuntimePhysXCooking (268)
[2020.07.17-15.19.52:466][884]LogModuleManager: Shutting down and abandoning module PhysXVehiclesEditor (266)
[2020.07.17-15.19.52:466][884]LogModuleManager: Shutting down and abandoning module PhysXVehicles (264)
[2020.07.17-15.19.52:466][884]LogModuleManager: Shutting down and abandoning module OculusEditor (262)
[2020.07.17-15.19.52:466][884]LogModuleManager: Shutting down and abandoning module LocationServicesBPLibrary (260)
[2020.07.17-15.19.52:466][884]LogModuleManager: Shutting down and abandoning module ImmediatePhysicsEditor (258)
[2020.07.17-15.19.52:467][884]LogModuleManager: Shutting down and abandoning module ImmediatePhysics (256)
[2020.07.17-15.19.52:494][884]LogModuleManager: Shutting down and abandoning module UdpMessaging (254)
[2020.07.17-15.19.52:596][884]LogModuleManager: Shutting down and abandoning module TcpMessaging (252)
[2020.07.17-15.19.52:700][884]LogModuleManager: Shutting down and abandoning module GameplayTagsEditor (250)
[2020.07.17-15.19.52:708][884]LogModuleManager: Shutting down and abandoning module FacialAnimationEditor (248)
[2020.07.17-15.19.52:709][884]LogModuleManager: Shutting down and abandoning module FacialAnimation (246)
[2020.07.17-15.19.52:709][884]LogModuleManager: Shutting down and abandoning module AssetManagerEditor (244)
[2020.07.17-15.19.52:736][884]LogModuleManager: Shutting down and abandoning module GraphEditor (243)
[2020.07.17-15.19.52:791][884]LogModuleManager: Shutting down and abandoning module ContentBrowser (241)
[2020.07.17-15.19.52:792][884]LogModuleManager: Shutting down and abandoning module LightPropagationVolumeRuntime (238)
[2020.07.17-15.19.52:792][884]LogModuleManager: Shutting down and abandoning module Paper2D (236)
[2020.07.17-15.19.52:792][884]LogModuleManager: Shutting down and abandoning module WindowsMoviePlayer (234)
[2020.07.17-15.19.52:798][884]LogModuleManager: Shutting down and abandoning module WmfMedia (232)
[2020.07.17-15.19.52:818][884]LogModuleManager: Shutting down and abandoning module ImgMedia (230)
[2020.07.17-15.19.52:818][884]LogModuleManager: Shutting down and abandoning module PacketHandler (228)
[2020.07.17-15.19.52:818][884]LogModuleManager: Shutting down and abandoning module ClothingSystemEditor (226)
[2020.07.17-15.19.52:818][884]LogModuleManager: Shutting down and abandoning module ClothingSystemRuntime (224)
[2020.07.17-15.19.52:849][884]LogModuleManager: Shutting down and abandoning module MediaAssets (222)
[2020.07.17-15.19.52:849][884]LogModuleManager: Shutting down and abandoning module Media (221)
[2020.07.17-15.19.52:855][884]LogModuleManager: Shutting down and abandoning module Overlay (218)
[2020.07.17-15.19.52:855][884]LogModuleManager: Shutting down and abandoning module OverlayEditor (217)
[2020.07.17-15.19.52:855][884]LogModuleManager: Shutting down and abandoning module VREditor (214)
[2020.07.17-15.19.52:905][884]LogModuleManager: Shutting down and abandoning module StringTableEditor (212)
[2020.07.17-15.19.52:918][884]LogModuleManager: Shutting down and abandoning module GameplayTasksEditor (210)
[2020.07.17-15.19.52:918][884]LogModuleManager: Shutting down and abandoning module BehaviorTreeEditor (208)
[2020.07.17-15.19.52:979][884]LogModuleManager: Shutting down and abandoning module FunctionalTesting (206)
[2020.07.17-15.19.52:991][884]LogModuleManager: Shutting down and abandoning module CollisionAnalyzer (204)
[2020.07.17-15.19.53:004][884]LogModuleManager: Shutting down and abandoning module WorkspaceMenuStructure (203)
[2020.07.17-15.19.53:004][884]LogModuleManager: Shutting down and abandoning module UMG (200)
[2020.07.17-15.19.53:019][884]LogModuleManager: Shutting down and abandoning module UMGEditor (199)
[2020.07.17-15.19.53:052][884]LogModuleManager: Shutting down and abandoning module Sequencer (198)
[2020.07.17-15.19.53:105][884]LogModuleManager: Shutting down and abandoning module MessageLog (195)
[2020.07.17-15.19.53:117][884]LogModuleManager: Shutting down and abandoning module SlateReflector (190)
[2020.07.17-15.19.53:144][884]LogModuleManager: Shutting down and abandoning module Slate (188)
[2020.07.17-15.19.53:144][884]LogModuleManager: Shutting down and abandoning module EditorStyle (186)
[2020.07.17-15.19.53:146][884]LogModuleManager: Shutting down and abandoning module MRMesh (184)
[2020.07.17-15.19.53:146][884]LogModuleManager: Shutting down and abandoning module SourceCodeAccess (182)
[2020.07.17-15.19.53:146][884]LogModuleManager: Shutting down and abandoning module HeadMountedDisplay (180)
[2020.07.17-15.19.53:146][884]LogModuleManager: Shutting down and abandoning module XAudio2 (178)
[2020.07.17-15.19.53:146][884]LogModuleManager: Shutting down and abandoning module Networking (176)
[2020.07.17-15.19.53:146][884]LogModuleManager: Shutting down and abandoning module Core (172)
[2020.07.17-15.19.53:146][884]LogModuleManager: Shutting down and abandoning module LevelSequence (168)
[2020.07.17-15.19.53:160][884]LogModuleManager: Shutting down and abandoning module DirectoryWatcher (166)
[2020.07.17-15.19.53:161][884]LogModuleManager: Shutting down and abandoning module KismetCompiler (164)
[2020.07.17-15.19.53:161][884]LogModuleManager: Shutting down and abandoning module MeshUtilities (162)
[2020.07.17-15.19.53:184][884]LogModuleManager: Shutting down and abandoning module MeshMergeUtilities (161)
[2020.07.17-15.19.53:196][884]LogModuleManager: Shutting down and abandoning module MeshReductionInterface (160)
[2020.07.17-15.19.53:196][884]LogModuleManager: Shutting down and abandoning module SimplygonSwarm (159)
[2020.07.17-15.19.53:207][884]LogModuleManager: Shutting down and abandoning module SimplygonMeshReduction (157)
[2020.07.17-15.19.53:207][884]LogModuleManager: Shutting down and abandoning module QuadricMeshReduction (155)
[2020.07.17-15.19.53:218][884]LogModuleManager: Shutting down and abandoning module MaterialBaking (151)
[2020.07.17-15.19.53:227][884]LogModuleManager: Shutting down and abandoning module DerivedDataCache (148)
[2020.07.17-15.19.53:626][884]LogDerivedDataCache: Shutdown
[2020.07.17-15.19.53:626][884]LogModuleManager: Shutting down and abandoning module TargetPlatform (146)
[2020.07.17-15.19.53:626][884]LogModuleManager: Shutting down and abandoning module VulkanShaderFormat (145)
[2020.07.17-15.19.53:635][884]LogModuleManager: Shutting down and abandoning module ShaderFormatVectorVM (143)
[2020.07.17-15.19.53:650][884]LogModuleManager: Shutting down and abandoning module ShaderFormatOpenGL (141)
[2020.07.17-15.19.53:669][884]LogModuleManager: Shutting down and abandoning module ShaderFormatD3D (139)
[2020.07.17-15.19.53:678][884]LogModuleManager: Shutting down and abandoning module MetalShaderFormat (137)
[2020.07.17-15.19.53:721][884]LogModuleManager: Shutting down and abandoning module TextureFormatUncompressed (135)
[2020.07.17-15.19.53:721][884]LogModuleManager: Shutting down and abandoning module TextureFormatPVR (133)
[2020.07.17-15.19.53:721][884]LogModuleManager: Shutting down and abandoning module TextureFormatDXT (131)
[2020.07.17-15.19.53:740][884]LogModuleManager: Shutting down and abandoning module TextureFormatIntelISPCTexComp (129)
[2020.07.17-15.19.53:751][884]LogModuleManager: Shutting down and abandoning module TextureFormatASTC (127)
[2020.07.17-15.19.53:751][884]LogModuleManager: Shutting down and abandoning module ImageWrapper (126)
[2020.07.17-15.19.53:751][884]LogModuleManager: Shutting down and abandoning module TextureFormatAndroid (123)
[2020.07.17-15.19.53:751][884]LogModuleManager: Shutting down and abandoning module AudioFormatOpus (121)
[2020.07.17-15.19.53:751][884]LogModuleManager: Shutting down and abandoning module AudioFormatOgg (119)
[2020.07.17-15.19.53:751][884]LogModuleManager: Shutting down and abandoning module AudioFormatADPCM (117)
[2020.07.17-15.19.53:751][884]LogModuleManager: Shutting down and abandoning module LinuxTargetPlatform (115)
[2020.07.17-15.19.53:751][884]LogModuleManager: Shutting down and abandoning module LinuxServerTargetPlatform (113)
[2020.07.17-15.19.53:751][884]LogModuleManager: Shutting down and abandoning module LinuxNoEditorTargetPlatform (111)
[2020.07.17-15.19.53:751][884]LogModuleManager: Shutting down and abandoning module LinuxClientTargetPlatform (109)
[2020.07.17-15.19.53:751][884]LogModuleManager: Shutting down and abandoning module TVOSTargetPlatform (107)
[2020.07.17-15.19.53:752][884]LogModuleManager: Shutting down and abandoning module Messaging (105)
[2020.07.17-15.19.53:752][884]LogModuleManager: Shutting down and abandoning module IOSTargetPlatform (103)
[2020.07.17-15.19.53:752][884]LogModuleManager: Shutting down and abandoning module HTML5TargetPlatform (101)
[2020.07.17-15.19.53:752][884]LogModuleManager: Shutting down and abandoning module AndroidTargetPlatform (99)
[2020.07.17-15.19.53:752][884]LogModuleManager: Shutting down and abandoning module Android_PVRTCTargetPlatform (97)
[2020.07.17-15.19.53:752][884]LogModuleManager: Shutting down and abandoning module Android_MultiTargetPlatform (95)
[2020.07.17-15.19.53:752][884]LogModuleManager: Shutting down and abandoning module Android_ETC2TargetPlatform (93)
[2020.07.17-15.19.53:752][884]LogModuleManager: Shutting down and abandoning module Android_ETC1TargetPlatform (91)
[2020.07.17-15.19.53:752][884]LogModuleManager: Shutting down and abandoning module Android_DXTTargetPlatform (89)
[2020.07.17-15.19.53:752][884]LogModuleManager: Shutting down and abandoning module Android_ATCTargetPlatform (87)
[2020.07.17-15.19.53:752][884]LogModuleManager: Shutting down and abandoning module Android_ASTCTargetPlatform (85)
[2020.07.17-15.19.53:752][884]LogModuleManager: Shutting down and abandoning module WindowsTargetPlatform (83)
[2020.07.17-15.19.53:752][884]LogModuleManager: Shutting down and abandoning module WindowsServerTargetPlatform (81)
[2020.07.17-15.19.53:752][884]LogModuleManager: Shutting down and abandoning module WindowsNoEditorTargetPlatform (79)
[2020.07.17-15.19.53:752][884]LogModuleManager: Shutting down and abandoning module WindowsClientTargetPlatform (77)
[2020.07.17-15.19.53:752][884]LogModuleManager: Shutting down and abandoning module MacTargetPlatform (75)
[2020.07.17-15.19.53:752][884]LogModuleManager: Shutting down and abandoning module MacServerTargetPlatform (73)
[2020.07.17-15.19.53:752][884]LogModuleManager: Shutting down and abandoning module MacNoEditorTargetPlatform (71)
[2020.07.17-15.19.53:752][884]LogModuleManager: Shutting down and abandoning module MacClientTargetPlatform (69)
[2020.07.17-15.19.53:752][884]LogModuleManager: Shutting down and abandoning module AllDesktopTargetPlatform (67)
[2020.07.17-15.19.53:752][884]LogModuleManager: Shutting down and abandoning module InputCore (64)
[2020.07.17-15.19.53:752][884]LogModuleManager: Shutting down and abandoning module Settings (62)
[2020.07.17-15.19.53:752][884]LogModuleManager: Shutting down and abandoning module PhysXCooking (60)
[2020.07.17-15.19.53:752][884]LogModuleManager: Shutting down and abandoning module SteamVR (58)
[2020.07.17-15.19.53:752][884]LogModuleManager: Shutting down and abandoning module OculusHMD (56)
[2020.07.17-15.19.53:764][884]LogModuleManager: Shutting down and abandoning module ExampleDeviceProfileSelector (54)
[2020.07.17-15.19.53:764][884]LogModuleManager: Shutting down and abandoning module AppleARKit (52)
[2020.07.17-15.19.53:764][884]LogModuleManager: Shutting down and abandoning module AugmentedReality (51)
[2020.07.17-15.19.53:764][884]LogModuleManager: Shutting down and abandoning module OnlineBlueprintSupport (48)
[2020.07.17-15.19.53:764][884]LogModuleManager: Shutting down and abandoning module OnlineSubsystem (44)
[2020.07.17-15.19.53:805][884]LogModuleManager: Shutting down and abandoning module XMPP (43)
[2020.07.17-15.19.53:825][884]LogModuleManager: Shutting down and abandoning module HTTP (41)
[2020.07.17-15.19.53:825][884]LogHttp: Display: Http module shutting down, but needs to wait on 1 outstanding Http requests:
[2020.07.17-15.19.53:825][884]LogHttp: Display: 	verb=[POST] url=[https://datarouter.ol.epicgames.com/datarouter/api/v1/public/data?SessionID=%7B4E9FD27B-4514-7737-8338-71BE67A15CFB%7D&AppID=UEEditor.Rocket.Release&AppVersion=4.18.3-3832480%2B%2B%2BUE4%2BRelease-4.18&UserID=af4be49a490cf809d37e5ab40f8fbf34%7C1393e4652394414eb46eefdb9bae284b%7Ce580d571-885f-4cfc-abb0-a1362564cdde&AppEnvironment=datacollector-binary&UploadType=eteventstream] status=Processing
[2020.07.17-15.19.53:865][884]LogModuleManager: Shutting down and abandoning module SSL (40)
[2020.07.17-15.19.53:884][884]LogModuleManager: Shutting down and abandoning module AnimationModifiers (36)
[2020.07.17-15.19.53:892][884]LogModuleManager: Shutting down and abandoning module PropertyEditor (35)
[2020.07.17-15.19.53:892][884]LogModuleManager: Shutting down and abandoning module AudioEditor (32)
[2020.07.17-15.19.53:911][884]LogModuleManager: Shutting down and abandoning module TextureCompressor (30)
[2020.07.17-15.19.53:913][884]LogModuleManager: Shutting down and abandoning module ShaderCore (28)
[2020.07.17-15.19.53:913][884]LogModuleManager: Shutting down and abandoning module Landscape (26)
[2020.07.17-15.19.53:913][884]LogModuleManager: Shutting down and abandoning module SlateRHIRenderer (24)
[2020.07.17-15.19.53:921][884]LogModuleManager: Shutting down and abandoning module OpenGLDrv (22)
[2020.07.17-15.19.53:937][884]LogModuleManager: Shutting down and abandoning module D3D11RHI (20)
[2020.07.17-15.19.53:937][884]LogModuleManager: Shutting down and abandoning module AnimGraphRuntime (18)
[2020.07.17-15.19.53:947][884]LogModuleManager: Shutting down and abandoning module Renderer (16)
[2020.07.17-15.19.53:947][884]LogModuleManager: Shutting down and abandoning module Engine (14)
[2020.07.17-15.19.53:966][884]LogModuleManager: Shutting down and abandoning module CoreUObject (12)
[2020.07.17-15.19.53:966][884]LogModuleManager: Shutting down and abandoning module NetworkFile (10)
[2020.07.17-15.19.53:987][884]LogModuleManager: Shutting down and abandoning module CookedIterativeFile (8)
[2020.07.17-15.19.53:987][884]LogModuleManager: Shutting down and abandoning module StreamingFile (6)
[2020.07.17-15.19.53:995][884]LogModuleManager: Shutting down and abandoning module SandboxFile (4)
[2020.07.17-15.19.54:005][884]LogModuleManager: Shutting down and abandoning module PakFile (2)
[2020.07.17-15.19.54:030][884]LogExit: Exiting.
[2020.07.17-15.19.54:707][884]Log file closed, 07/17/20 11:19:54
