Log file open, 07/17/20 14:32:38
LogWindows: Failed to load 'aqProf.dll' (GetLastError=126)
LogWindows: File 'aqProf.dll' does not exist
LogWindows: Failed to load 'VSPerf140.dll' (GetLastError=126)
LogWindows: File 'VSPerf140.dll' does not exist
LogWindows: Failed to load 'VtuneApi.dll' (GetLastError=126)
LogWindows: File 'VtuneApi.dll' does not exist
LogWindows: Failed to load 'VtuneApi32e.dll' (GetLastError=126)
LogWindows: File 'VtuneApi32e.dll' does not exist
LogInit: Display: Running engine for game: UE4_Loco_Multiplayer
LogPlatformFile: Not using cached read wrapper
LogInit: Display: RandInit(-915207232) SRandInit(-915207231).
LogInit: Read version file with build ID '3709383'
LogInit: Overriding engine version to CL 3832480, compatible CL 3709383
LogInit: Registered custom module enumerator with build ID '3709383'
LogTaskGraph: Started task graph with 5 named threads and 14 total threads with 3 sets of task threads.
LogStats: Stats thread started at 0.191321
LogD3D11RHI: Aftermath initialized
LogModuleManager: Display: Found up-to-date module file ../../../Engine/Plugins/2D/Paper2D/Binaries/Win64/UE4Editor-Paper2D.dll (API version 3709383).
LogModuleManager: Display: Found up-to-date module file ../../../Engine/Plugins/2D/Paper2D/Binaries/Win64/UE4Editor-Paper2DEditor.dll (API version 3709383).
LogModuleManager: Display: Found up-to-date module file ../../../Engine/Plugins/2D/Paper2D/Binaries/Win64/UE4Editor-PaperSpriteSheetImporter.dll (API version 3709383).
LogModuleManager: Display: Found up-to-date module file ../../../Engine/Plugins/2D/Paper2D/Binaries/Win64/UE4Editor-PaperTiledImporter.dll (API version 3709383).
LogModuleManager: Display: Found up-to-date module file ../../../Engine/Plugins/2D/Paper2D/Binaries/Win64/UE4Editor-SmartSnapping.dll (API version 3709383).
LogModuleManager: Display: Found up-to-date module file ../../../Engine/Plugins/Blendables/LightPropagationVolume/Binaries/Win64/UE4Editor-LightPropagationVolumeRuntime.dll (API version 3709383).
LogModuleManager: Display: Found up-to-date module file ../../../Engine/Plugins/Blendables/LightPropagationVolume/Binaries/Win64/UE4Editor-LightPropagationVolumeEditor.dll (API version 3709383).
LogModuleManager: Display: Found up-to-date module file ../../../Engine/Plugins/Developer/GitSourceControl/Binaries/Win64/UE4Editor-GitSourceControl.dll (API version 3709383).
LogModuleManager: Display: Found up-to-date module file ../../../Engine/Plugins/Developer/PerforceSourceControl/Binaries/Win64/UE4Editor-PerforceSourceControl.dll (API version 3709383).
LogModuleManager: Display: Found up-to-date module file ../../../Engine/Plugins/Developer/SubversionSourceControl/Binaries/Win64/UE4Editor-SubversionSourceControl.dll (API version 3709383).
LogModuleManager: Display: Found up-to-date module file ../../../Engine/Plugins/Developer/UObjectPlugin/Binaries/Win64/UE4Editor-UObjectPlugin.dll (API version 3709383).
LogModuleManager: Display: Found up-to-date module file ../../../Engine/Plugins/Developer/VisualStudioCodeSourceCodeAccess/Binaries/Win64/UE4Editor-VisualStudioCodeSourceCodeAccess.dll (API version 3709383).
LogModuleManager: Display: Found up-to-date module file ../../../Engine/Plugins/Developer/VisualStudioSourceCodeAccess/Binaries/Win64/UE4Editor-VisualStudioSourceCodeAccess.dll (API version 3709383).
LogModuleManager: Display: Found up-to-date module file ../../../Engine/Plugins/Editor/AssetManagerEditor/Binaries/Win64/UE4Editor-AssetManagerEditor.dll (API version 3709383).
LogModuleManager: Display: Found up-to-date module file ../../../Engine/Plugins/Editor/AudioCapture/Binaries/Win64/UE4Editor-AudioCapture.dll (API version 3709383).
LogModuleManager: Display: Found up-to-date module file ../../../Engine/Plugins/Editor/FacialAnimation/Binaries/Win64/UE4Editor-FacialAnimation.dll (API version 3709383).
LogModuleManager: Display: Found up-to-date module file ../../../Engine/Plugins/Editor/FacialAnimation/Binaries/Win64/UE4Editor-FacialAnimationEditor.dll (API version 3709383).
LogModuleManager: Display: Found up-to-date module file ../../../Engine/Plugins/Editor/GameplayTagsEditor/Binaries/Win64/UE4Editor-GameplayTagsEditor.dll (API version 3709383).
LogModuleManager: Display: Found up-to-date module file ../../../Engine/Plugins/Editor/MobileLauncherProfileWizard/Binaries/Win64/UE4Editor-MobileLauncherProfileWizard.dll (API version 3709383).
LogModuleManager: Display: Found up-to-date module file ../../../Engine/Plugins/Editor/PluginBrowser/Binaries/Win64/UE4Editor-PluginBrowser.dll (API version 3709383).
LogModuleManager: Display: Found up-to-date module file ../../../Engine/Plugins/Editor/SpeedTreeImporter/Binaries/Win64/UE4Editor-SpeedTreeImporter.dll (API version 3709383).
LogModuleManager: Display: Found up-to-date module file ../../../Engine/Plugins/Experimental/AlembicImporter/Binaries/Win64/UE4Editor-AlembicImporter.dll (API version 3709383).
LogModuleManager: Display: Found up-to-date module file ../../../Engine/Plugins/Experimental/AlembicImporter/Binaries/Win64/UE4Editor-AlembicLibrary.dll (API version 3709383).
LogModuleManager: Display: Found up-to-date module file ../../../Engine/Plugins/Experimental/CharacterAI/Binaries/Win64/UE4Editor-CharacterAI.dll (API version 3709383).
LogModuleManager: Display: Found up-to-date module file ../../../Engine/Plugins/Experimental/HTML5Networking/Binaries/Win64/UE4Editor-HTML5Networking.dll (API version 3709383).
LogModuleManager: Display: Found up-to-date module file ../../../Engine/Plugins/Media/AndroidMedia/Binaries/Win64/UE4Editor-AndroidMediaEditor.dll (API version 3709383).
LogModuleManager: Display: Found up-to-date module file ../../../Engine/Plugins/Media/AndroidMedia/Binaries/Win64/UE4Editor-AndroidMediaFactory.dll (API version 3709383).
LogModuleManager: Display: Found up-to-date module file ../../../Engine/Plugins/Media/AvfMedia/Binaries/Win64/UE4Editor-AvfMediaEditor.dll (API version 3709383).
LogModuleManager: Display: Found up-to-date module file ../../../Engine/Plugins/Media/AvfMedia/Binaries/Win64/UE4Editor-AvfMediaFactory.dll (API version 3709383).
LogModuleManager: Display: Found up-to-date module file ../../../Engine/Plugins/Media/AvfMedia/Binaries/Win64/UE4Editor-AvfMediaFactory.dll (API version 3709383).
LogModuleManager: Display: Found up-to-date module file ../../../Engine/Plugins/Media/ImgMedia/Binaries/Win64/UE4Editor-ImgMedia.dll (API version 3709383).
LogModuleManager: Display: Found up-to-date module file ../../../Engine/Plugins/Media/ImgMedia/Binaries/Win64/UE4Editor-ImgMediaEditor.dll (API version 3709383).
LogModuleManager: Display: Found up-to-date module file ../../../Engine/Plugins/Media/ImgMedia/Binaries/Win64/UE4Editor-ImgMediaFactory.dll (API version 3709383).
LogModuleManager: Display: Found up-to-date module file ../../../Engine/Plugins/Media/ImgMedia/Binaries/Win64/UE4Editor-ImgMediaFactory.dll (API version 3709383).
LogModuleManager: Display: Found up-to-date module file ../../../Engine/Plugins/Media/ImgMedia/Binaries/Win64/UE4Editor-OpenExrWrapper.dll (API version 3709383).
LogModuleManager: Display: Found up-to-date module file ../../../Engine/Plugins/Media/MediaCompositing/Binaries/Win64/UE4Editor-MediaCompositing.dll (API version 3709383).
LogModuleManager: Display: Found up-to-date module file ../../../Engine/Plugins/Media/MediaCompositing/Binaries/Win64/UE4Editor-MediaCompositingEditor.dll (API version 3709383).
LogModuleManager: Display: Found up-to-date module file ../../../Engine/Plugins/Media/MediaPlayerEditor/Binaries/Win64/UE4Editor-MediaPlayerEditor.dll (API version 3709383).
LogModuleManager: Display: Found up-to-date module file ../../../Engine/Plugins/Media/WmfMedia/Binaries/Win64/UE4Editor-WmfMedia.dll (API version 3709383).
LogModuleManager: Display: Found up-to-date module file ../../../Engine/Plugins/Media/WmfMedia/Binaries/Win64/UE4Editor-WmfMediaEditor.dll (API version 3709383).
LogModuleManager: Display: Found up-to-date module file ../../../Engine/Plugins/Media/WmfMedia/Binaries/Win64/UE4Editor-WmfMediaFactory.dll (API version 3709383).
LogModuleManager: Display: Found up-to-date module file ../../../Engine/Plugins/Media/WmfMedia/Binaries/Win64/UE4Editor-WmfMediaFactory.dll (API version 3709383).
LogModuleManager: Display: Found up-to-date module file ../../../Engine/Plugins/Messaging/TcpMessaging/Binaries/Win64/UE4Editor-TcpMessaging.dll (API version 3709383).
LogModuleManager: Display: Found up-to-date module file ../../../Engine/Plugins/Messaging/UdpMessaging/Binaries/Win64/UE4Editor-UdpMessaging.dll (API version 3709383).
LogModuleManager: Display: Found up-to-date module file ../../../Engine/Plugins/MovieScene/ActorSequence/Binaries/Win64/UE4Editor-ActorSequence.dll (API version 3709383).
LogModuleManager: Display: Found up-to-date module file ../../../Engine/Plugins/MovieScene/LevelSequenceEditor/Binaries/Win64/UE4Editor-LevelSequenceEditor.dll (API version 3709383).
LogModuleManager: Display: Found up-to-date module file ../../../Engine/Plugins/MovieScene/MatineeToLevelSequence/Binaries/Win64/UE4Editor-MatineeToLevelSequence.dll (API version 3709383).
LogModuleManager: Display: Found up-to-date module file ../../../Engine/Plugins/Online/OnlineSubsystem/Binaries/Win64/UE4Editor-OnlineSubsystem.dll (API version 3709383).
LogModuleManager: Display: Found up-to-date module file ../../../Engine/Plugins/Runtime/AndroidPermission/Binaries/Win64/UE4Editor-AndroidPermission.dll (API version 3709383).
LogModuleManager: Display: Found up-to-date module file ../../../Engine/Plugins/Online/OnlineSubsystemNull/Binaries/Win64/UE4Editor-OnlineSubsystemNull.dll (API version 3709383).
LogModuleManager: Display: Found up-to-date module file ../../../Engine/Plugins/Online/OnlineSubsystemUtils/Binaries/Win64/UE4Editor-OnlineSubsystemUtils.dll (API version 3709383).
LogModuleManager: Display: Found up-to-date module file ../../../Engine/Plugins/Online/OnlineSubsystemUtils/Binaries/Win64/UE4Editor-OnlineBlueprintSupport.dll (API version 3709383).
LogModuleManager: Display: Found up-to-date module file ../../../Engine/Plugins/Runtime/AndroidDeviceProfileSelector/Binaries/Win64/UE4Editor-AndroidDeviceProfileSelector.dll (API version 3709383).
LogModuleManager: Display: Found up-to-date module file ../../../Engine/Plugins/Runtime/AppleARKit/Binaries/Win64/UE4Editor-AppleARKit.dll (API version 3709383).
LogModuleManager: Display: Found up-to-date module file ../../../Engine/Plugins/Runtime/ArchVisCharacter/Binaries/Win64/UE4Editor-ArchVisCharacter.dll (API version 3709383).
LogModuleManager: Display: Found up-to-date module file ../../../Engine/Plugins/Runtime/CableComponent/Binaries/Win64/UE4Editor-CableComponent.dll (API version 3709383).
LogModuleManager: Display: Found up-to-date module file ../../../Engine/Plugins/Runtime/CustomMeshComponent/Binaries/Win64/UE4Editor-CustomMeshComponent.dll (API version 3709383).
LogModuleManager: Display: Found up-to-date module file ../../../Engine/Plugins/Runtime/ExampleDeviceProfileSelector/Binaries/Win64/UE4Editor-ExampleDeviceProfileSelector.dll (API version 3709383).
LogModuleManager: Display: Found up-to-date module file ../../../Engine/Plugins/Runtime/ImmediatePhysics/Binaries/Win64/UE4Editor-ImmediatePhysics.dll (API version 3709383).
LogModuleManager: Display: Found up-to-date module file ../../../Engine/Plugins/Runtime/ImmediatePhysics/Binaries/Win64/UE4Editor-ImmediatePhysicsEditor.dll (API version 3709383).
LogModuleManager: Display: Found up-to-date module file ../../../Engine/Plugins/Runtime/LocationServicesBPLibrary/Binaries/Win64/UE4Editor-LocationServicesBPLibrary.dll (API version 3709383).
LogModuleManager: Display: Found up-to-date module file ../../../Engine/Plugins/Runtime/MobilePatchingUtils/Binaries/Win64/UE4Editor-MobilePatchingUtils.dll (API version 3709383).
LogModuleManager: Display: Found up-to-date module file ../../../Engine/Plugins/Runtime/Oculus/OculusVR/Binaries/Win64/UE4Editor-OculusHMD.dll (API version 3709383).
LogModuleManager: Display: Found up-to-date module file ../../../Engine/Plugins/Runtime/Oculus/OculusVR/Binaries/Win64/UE4Editor-OculusInput.dll (API version 3709383).
LogModuleManager: Display: Found up-to-date module file ../../../Engine/Plugins/Runtime/Oculus/OculusVR/Binaries/Win64/UE4Editor-OculusEditor.dll (API version 3709383).
LogModuleManager: Display: Found up-to-date module file ../../../Engine/Plugins/Runtime/PhysXVehicles/Binaries/Win64/UE4Editor-PhysXVehicles.dll (API version 3709383).
LogModuleManager: Display: Found up-to-date module file ../../../Engine/Plugins/Runtime/PhysXVehicles/Binaries/Win64/UE4Editor-PhysXVehiclesEditor.dll (API version 3709383).
LogModuleManager: Display: Found up-to-date module file ../../../Engine/Plugins/Runtime/ProceduralMeshComponent/Binaries/Win64/UE4Editor-ProceduralMeshComponent.dll (API version 3709383).
LogModuleManager: Display: Found up-to-date module file ../../../Engine/Plugins/Runtime/ProceduralMeshComponent/Binaries/Win64/UE4Editor-ProceduralMeshComponentEditor.dll (API version 3709383).
LogModuleManager: Display: Found up-to-date module file ../../../Engine/Plugins/Runtime/RuntimePhysXCooking/Binaries/Win64/UE4Editor-RuntimePhysXCooking.dll (API version 3709383).
LogModuleManager: Display: Found up-to-date module file ../../../Engine/Plugins/Runtime/Steam/SteamVR/Binaries/Win64/UE4Editor-SteamVR.dll (API version 3709383).
LogModuleManager: Display: Found up-to-date module file ../../../Engine/Plugins/Runtime/Steam/SteamVR/Binaries/Win64/UE4Editor-SteamVRController.dll (API version 3709383).
LogModuleManager: Display: Found up-to-date module file ../../../Engine/Plugins/Runtime/WindowsMoviePlayer/Binaries/Win64/UE4Editor-WindowsMoviePlayer.dll (API version 3709383).
LogPluginManager: Mounting plugin Paper2D
LogPluginManager: Mounting plugin LightPropagationVolume
LogPluginManager: Mounting plugin CodeLiteSourceCodeAccess
LogPluginManager: Mounting plugin GitSourceControl
LogPluginManager: Mounting plugin KDevelopSourceCodeAccess
LogPluginManager: Mounting plugin NullSourceCodeAccess
LogPluginManager: Mounting plugin PerforceSourceControl
LogPluginManager: Mounting plugin SubversionSourceControl
LogPluginManager: Mounting plugin UObjectPlugin
LogPluginManager: Mounting plugin VisualStudioCodeSourceCodeAccess
LogPluginManager: Mounting plugin VisualStudioSourceCodeAccess
LogPluginManager: Mounting plugin XCodeSourceCodeAccess
LogPluginManager: Mounting plugin AssetManagerEditor
LogPluginManager: Mounting plugin AudioCapture
LogPluginManager: Mounting plugin FacialAnimation
LogPluginManager: Mounting plugin GameplayTagsEditor
LogPluginManager: Mounting plugin MobileLauncherProfileWizard
LogPluginManager: Mounting plugin PluginBrowser
LogPluginManager: Mounting plugin SpeedTreeImporter
LogPluginManager: Mounting plugin AlembicImporter
LogPluginManager: Mounting plugin CharacterAI
LogPluginManager: Mounting plugin HTML5Networking
LogPluginManager: Mounting plugin AndroidMedia
LogPluginManager: Mounting plugin AvfMedia
LogPluginManager: Mounting plugin ImgMedia
LogPluginManager: Mounting plugin MediaCompositing
LogPluginManager: Mounting plugin MediaPlayerEditor
LogPluginManager: Mounting plugin WmfMedia
LogPluginManager: Mounting plugin TcpMessaging
LogPluginManager: Mounting plugin UdpMessaging
LogPluginManager: Mounting plugin ActorSequence
LogPluginManager: Mounting plugin LevelSequenceEditor
LogPluginManager: Mounting plugin MatineeToLevelSequence
LogPluginManager: Mounting plugin OnlineSubsystemGooglePlay
LogPluginManager: Mounting plugin OnlineSubsystemIOS
LogPluginManager: Mounting plugin OnlineSubsystem
LogPluginManager: Mounting plugin OnlineSubsystemNull
LogPluginManager: Mounting plugin OnlineSubsystemUtils
LogPluginManager: Mounting plugin AndroidDeviceProfileSelector
LogPluginManager: Mounting plugin AndroidMoviePlayer
LogPluginManager: Mounting plugin AndroidPermission
LogPluginManager: Mounting plugin AppleARKit
LogPluginManager: Mounting plugin AppleMoviePlayer
LogPluginManager: Mounting plugin ArchVisCharacter
LogPluginManager: Mounting plugin CableComponent
LogPluginManager: Mounting plugin CustomMeshComponent
LogPluginManager: Mounting plugin ExampleDeviceProfileSelector
LogPluginManager: Mounting plugin GoogleCloudMessaging
LogPluginManager: Mounting plugin ImmediatePhysics
LogPluginManager: Mounting plugin IOSDeviceProfileSelector
LogPluginManager: Mounting plugin LinuxDeviceProfileSelector
LogPluginManager: Mounting plugin LocationServicesBPLibrary
LogPluginManager: Mounting plugin MobilePatchingUtils
LogPluginManager: Mounting plugin OculusVR
LogPluginManager: Plugin shader directory ../../../Engine/Plugins/Runtime/Oculus/OculusVR/Shaders found
LogPluginManager: Mapping shader source directory ../../../Engine/Plugins/Runtime/Oculus/OculusVR/Shaders to virtual directory /Plugin/OculusVR
LogPluginManager: Mounting plugin PhysXVehicles
LogPluginManager: Mounting plugin ProceduralMeshComponent
LogPluginManager: Mounting plugin RuntimePhysXCooking
LogPluginManager: Mounting plugin SteamVR
LogPluginManager: Mounting plugin WindowsMoviePlayer
LogInit: Using libcurl 7.47.1
LogInit:  - built for x86_64-pc-win32
LogInit:  - supports SSL with OpenSSL/1.0.2g
LogInit:  - supports HTTP deflate (compression) using libz 1.2.8
LogInit:  - other features:
LogInit:      CURL_VERSION_SSL
LogInit:      CURL_VERSION_LIBZ
LogInit:      CURL_VERSION_IPV6
LogInit:      CURL_VERSION_ASYNCHDNS
LogInit:      CURL_VERSION_LARGEFILE
LogInit:      CURL_VERSION_IDN
LogInit:  CurlRequestOptions (configurable via config and command line):
LogInit:  - bVerifyPeer = false  - Libcurl will NOT verify peer certificate
LogInit:  - bUseHttpProxy = false  - Libcurl will NOT use HTTP proxy
LogInit:  - bDontReuseConnections = false  - Libcurl will reuse connections
LogInit:  - CertBundlePath = nullptr  - Libcurl will use whatever was configured at build time.
LogInit: Build: ++UE4+Release-4.18-CL-3832480
LogInit: Engine Version: 4.18.3-3832480+++UE4+Release-4.18
LogInit: Compatible Engine Version: 4.18.0-3709383+++UE4+Release-4.18
LogInit: Net CL: 3709383
LogDevObjectVersion: Number of dev versions registered: 16
LogDevObjectVersion:   Dev-Blueprints (B0D832E4-1F89-4F0D-ACCF-7EB736FD4AA2): 10
LogDevObjectVersion:   Dev-Build (E1C64328-A22C-4D53-A36C-8E866417BD8C): 0
LogDevObjectVersion:   Dev-Core (375EC13C-06E4-48FB-B500-84F0262A717E): 2
LogDevObjectVersion:   Dev-Editor (E4B068ED-F494-42E9-A231-DA0B2E46BB41): 20
LogDevObjectVersion:   Dev-Framework (CFFC743F-43B0-4480-9391-14DF171D2073): 30
LogDevObjectVersion:   Dev-Mobile (B02B49B5-BB20-44E9-A304-32B752E40360): 0
LogDevObjectVersion:   Dev-Networking (A4E4105C-59A1-49B5-A7C5-40C4547EDFEE): 0
LogDevObjectVersion:   Dev-Online (39C831C9-5AE6-47DC-9A44-9C173E1C8E7C): 0
LogDevObjectVersion:   Dev-Physics (78F01B33-EBEA-4F98-B9B4-84EACCB95AA2): 0
LogDevObjectVersion:   Dev-Platform (6631380F-2D4D-43E0-8009-CF276956A95A): 0
LogDevObjectVersion:   Dev-Rendering (12F88B9F-8875-4AFC-A67C-D90C383ABD29): 20
LogDevObjectVersion:   Dev-Sequencer (7B5AE74C-D270-4C10-A958-57980B212A5A): 4
LogDevObjectVersion:   Dev-VR (D7296918-1DD6-4BDD-9DE2-64A83CC13884): 0
LogDevObjectVersion:   Dev-LoadTimes (C2A15278-BFE7-4AFE-6C17-90FF531DF755): 1
LogDevObjectVersion:   Private-Geometry (6EACA3D4-40EC-4CC1-B786-8BED09428FC5): 1
LogDevObjectVersion:   Dev-AnimPhys (29E575DD-E0A3-4627-9D10-D276232CDCEA): 12
LogInit: Compiled (64-bit): Jan 12 2018 02:04:55
LogInit: Compiled with Visual C++: 19.00.24215.01
LogInit: Build Configuration: Development
LogInit: Branch Name: ++UE4+Release-4.18
LogInit: Command line:  
LogInit: Base directory: e:/Program Files/Epic Games/UE_4.18/Engine/Binaries/Win64/
LogInit: Installed Engine Build: 1
LogInit: Presizing for max 8388607 objects, including 0 objects not considered by GC, pre-allocating 0 bytes for permanent pool.
LogInit: Object subsystem initialized
[2020.07.17-18.32.40:053][  0]LogInit: Selected Device Profile: [Windows]
[2020.07.17-18.32.40:053][  0]LogInit: Applying CVar settings loaded from the selected device profile: [Windows]
[2020.07.17-18.32.40:103][  0]LogInit: Computer: DESKTOP-IALHAP5
[2020.07.17-18.32.40:104][  0]LogInit: User: kidvi
[2020.07.17-18.32.40:104][  0]LogInit: CPU Page size=4096, Cores=4
[2020.07.17-18.32.40:104][  0]LogInit: High frequency timer resolution =10.000000 MHz
[2020.07.17-18.32.40:104][  0]LogMemory: Memory total: Physical=16.0GB (16GB approx)
[2020.07.17-18.32.40:104][  0]LogMemory: Platform Memory Stats for Windows
[2020.07.17-18.32.40:104][  0]LogMemory: Process Physical Memory: 272.22 MB used, 272.23 MB peak
[2020.07.17-18.32.40:104][  0]LogMemory: Process Virtual Memory: 269.62 MB used, 269.63 MB peak
[2020.07.17-18.32.40:104][  0]LogMemory: Physical Memory: 3849.94 MB used,  12485.32 MB free, 16335.26 MB total
[2020.07.17-18.32.40:104][  0]LogMemory: Virtual Memory: 4748.14 MB used,  12485.32 MB free, 134217728.00 MB total
[2020.07.17-18.32.40:317][  0]LogInit: Using OS detected language (en-US).
[2020.07.17-18.32.40:317][  0]LogInit: Using OS detected locale (en-US).
[2020.07.17-18.32.40:321][  0]LogTextLocalizationManager: No specific localization for 'en-US' exists, so the 'en' localization will be used.
[2020.07.17-18.32.40:697][  0]LogInit: Setting process to per monitor DPI aware
[2020.07.17-18.32.40:986][  0]LogD3D11RHI: D3D11 adapters:
[2020.07.17-18.32.41:021][  0]LogD3D11RHI:    0. 'AMD Radeon(TM) RX 560 Series' (Feature Level 11_0)
[2020.07.17-18.32.41:021][  0]LogD3D11RHI:       4075/0/8167 MB DedicatedVideo/DedicatedSystem/SharedSystem, Outputs:1, VendorId:0x1002
[2020.07.17-18.32.41:023][  0]LogD3D11RHI:    1. 'Microsoft Basic Render Driver' (Feature Level 11_0)
[2020.07.17-18.32.41:023][  0]LogD3D11RHI:       0/0/8167 MB DedicatedVideo/DedicatedSystem/SharedSystem, Outputs:0, VendorId:0x1414
[2020.07.17-18.32.41:023][  0]LogD3D11RHI: Chosen D3D11 Adapter: 0
[2020.07.17-18.32.41:030][  0]LogD3D11RHI: Creating new Direct3DDevice
[2020.07.17-18.32.41:030][  0]LogD3D11RHI:     GPU DeviceId: 0x67ef (for the marketing name, search the web for "GPU Device Id")
[2020.07.17-18.32.41:030][  0]LogWindows: EnumDisplayDevices:
[2020.07.17-18.32.41:031][  0]LogWindows:    0. 'AMD Radeon(TM) RX 560 Series' (P:1 D:1)
[2020.07.17-18.32.41:031][  0]LogWindows:    1. 'AMD Radeon(TM) RX 560 Series' (P:0 D:0)
[2020.07.17-18.32.41:031][  0]LogWindows:    2. 'AMD Radeon(TM) RX 560 Series' (P:0 D:0)
[2020.07.17-18.32.41:031][  0]LogWindows:    3. 'AMD Radeon(TM) RX 560 Series' (P:0 D:0)
[2020.07.17-18.32.41:032][  0]LogWindows:    4. 'AMD Radeon(TM) RX 560 Series' (P:0 D:0)
[2020.07.17-18.32.41:032][  0]LogWindows:    5. 'AMD Radeon(TM) RX 560 Series' (P:0 D:0)
[2020.07.17-18.32.41:032][  0]LogWindows:    6. 'AMD Radeon(TM) RX 560 Series' (P:0 D:0)
[2020.07.17-18.32.41:032][  0]LogWindows: DebugString: GetVideoDriverDetailsInvalid PrimaryIsNotTheChoosenAdapter GetVideoDriverDetailsInvalid PrimaryIsNotTheChoosenAdapter GetVideoDriverDetailsInvalid PrimaryIsNotTheChoosenAdapter GetVideoDriverDetailsInvalid PrimaryIsNotTheChoosenAdapter GetVideoDriverDetailsInvalid PrimaryIsNotTheChoosenAdapter GetVideoDriverDetailsInvalid PrimaryIsNotTheChoosenAdapter GetVideoDriverDetailsInvalid PrimaryIsNotTheChoosenAdapter FoundDriverCount:0 
[2020.07.17-18.32.41:032][  0]LogD3D11RHI:     Adapter Name: AMD Radeon(TM) RX 560 Series
[2020.07.17-18.32.41:032][  0]LogD3D11RHI:   Driver Version: Unknown (internal:Unknown, unified:Unknown)
[2020.07.17-18.32.41:032][  0]LogD3D11RHI:      Driver Date: Unknown
[2020.07.17-18.32.41:032][  0]LogRHI: Texture pool is 2853 MB (70% of 4075 MB)
[2020.07.17-18.32.41:082][  0]LogD3D11RHI: Async texture creation enabled
[2020.07.17-18.32.41:093][  0]LogD3D11RHI: GPU Timing Frequency: 25.000000 (Debug: 2 1)
[2020.07.17-18.32.41:094][  0]LogShaderCompilers: Guid format shader working directory is -22 characters bigger than the processId version (H:/Git Hub/shooter900/UE4-Loco-multiplayer-Game/UE4_Loco_Multiplayer/Intermediate/Shaders/WorkingDirectory/4304/).
[2020.07.17-18.32.41:094][  0]LogShaderCompilers: Cleaned the shader compiler working directory 'C:/Users/kidvi/AppData/Local/Temp/UnrealShaderWorkingDir/1E9A3DBE4DD81C4D6E951EB62A9BDA08/'.
[2020.07.17-18.32.41:094][  0]LogShaderCompilers: Display: Using Local Shader Compiler.
[2020.07.17-18.32.42:024][  0]LogTemp: Display: Loaded TP AllDesktopTargetPlatform
[2020.07.17-18.32.42:077][  0]LogTemp: Display: Loaded TP MacClientTargetPlatform
[2020.07.17-18.32.42:131][  0]LogTemp: Display: Loaded TP MacNoEditorTargetPlatform
[2020.07.17-18.32.42:183][  0]LogTemp: Display: Loaded TP MacServerTargetPlatform
[2020.07.17-18.32.42:236][  0]LogTemp: Display: Loaded TP MacTargetPlatform
[2020.07.17-18.32.42:288][  0]LogTemp: Display: Loaded TP WindowsClientTargetPlatform
[2020.07.17-18.32.42:342][  0]LogTemp: Display: Loaded TP WindowsNoEditorTargetPlatform
[2020.07.17-18.32.42:394][  0]LogTemp: Display: Loaded TP WindowsServerTargetPlatform
[2020.07.17-18.32.42:441][  0]LogTemp: Display: Loaded TP WindowsTargetPlatform
[2020.07.17-18.32.42:493][  0]LogTemp: Display: Loaded TP Android_ASTCTargetPlatform
[2020.07.17-18.32.42:545][  0]LogTemp: Display: Loaded TP Android_ATCTargetPlatform
[2020.07.17-18.32.42:596][  0]LogTemp: Display: Loaded TP Android_DXTTargetPlatform
[2020.07.17-18.32.42:649][  0]LogTemp: Display: Loaded TP Android_ETC1TargetPlatform
[2020.07.17-18.32.42:702][  0]LogTemp: Display: Loaded TP Android_ETC2TargetPlatform
[2020.07.17-18.32.42:805][  0]LogTemp: Display: Loaded TP Android_MultiTargetPlatform
[2020.07.17-18.32.42:805][  0]LogTemp: Display: Loaded TP Android_PVRTCTargetPlatform
[2020.07.17-18.32.42:857][  0]LogTemp: Display: Loaded TP AndroidTargetPlatform
[2020.07.17-18.32.42:897][  0]LogTemp: Display: Loaded TP HTML5TargetPlatform
[2020.07.17-18.32.42:996][  0]LogTemp: Display: Loaded TP IOSTargetPlatform
[2020.07.17-18.32.43:026][  0]LogTemp: Display: Loaded TP TVOSTargetPlatform
[2020.07.17-18.32.43:077][  0]LogTemp: Display: Loaded TP LinuxClientTargetPlatform
[2020.07.17-18.32.43:128][  0]LogTemp: Display: Loaded TP LinuxNoEditorTargetPlatform
[2020.07.17-18.32.43:179][  0]LogTemp: Display: Loaded TP LinuxServerTargetPlatform
[2020.07.17-18.32.43:231][  0]LogTemp: Display: Loaded TP LinuxTargetPlatform
[2020.07.17-18.32.43:231][  0]LogTargetPlatformManager: Display: Building Assets For Windows
[2020.07.17-18.32.43:790][  0]LogDerivedDataCache: Display: Max Cache Size: 512 MB
[2020.07.17-18.32.43:848][  0]LogDerivedDataCache: Loaded boot cache 0.06s 78MB C:/Users/kidvi/AppData/Local/UnrealEngine/4.18/DerivedDataCache/Boot.ddc.
[2020.07.17-18.32.43:848][  0]LogDerivedDataCache: Display: Loaded Boot cache: C:/Users/kidvi/AppData/Local/UnrealEngine/4.18/DerivedDataCache/Boot.ddc
[2020.07.17-18.32.43:848][  0]LogDerivedDataCache: FDerivedDataBackendGraph:  Pak pak cache file H:/Git Hub/shooter900/UE4-Loco-multiplayer-Game/UE4_Loco_Multiplayer/DerivedDataCache/DDC.ddp not found, will not use a pak cache.
[2020.07.17-18.32.43:848][  0]LogDerivedDataCache: Unable to find inner node Pak for hierarchical cache Hierarchy.
[2020.07.17-18.32.43:848][  0]LogDerivedDataCache: FDerivedDataBackendGraph:  CompressedPak pak cache file H:/Git Hub/shooter900/UE4-Loco-multiplayer-Game/UE4_Loco_Multiplayer/DerivedDataCache/Compressed.ddp not found, will not use a pak cache.
[2020.07.17-18.32.43:848][  0]LogDerivedDataCache: Unable to find inner node CompressedPak for hierarchical cache Hierarchy.
[2020.07.17-18.32.43:864][  0]LogDerivedDataCache: Display: Pak cache opened for reading ../../../Engine/DerivedDataCache/Compressed.ddp.
[2020.07.17-18.32.43:876][  0]LogDerivedDataCache: Using Local data cache path C:/Users/kidvi/AppData/Local/UnrealEngine/Common/DerivedDataCache: Writable
[2020.07.17-18.32.43:886][  0]LogMaterial: Verifying Global Shaders for PCD3D_SM5
[2020.07.17-18.32.43:886][  0]LogSlate: Using Freetype 2.6.0
[2020.07.17-18.32.43:887][  0]LogSlate: SlateFontCache - WITH_FREETYPE: 1, WITH_HARFBUZZ: 1
[2020.07.17-18.32.43:887][  0]LogSlate: SlateFontCache - WITH_FREETYPE: 1, WITH_HARFBUZZ: 1
[2020.07.17-18.32.44:268][  0]LogInit: Selected Device Profile: [Windows]
[2020.07.17-18.32.44:626][  0]LogSimplygon: Simplygon DLL not present - disabling.
[2020.07.17-18.32.44:667][  0]LogMeshReduction: Using SimplygonSwarm for distributed automatic mesh merging
[2020.07.17-18.32.44:667][  0]LogMeshReduction: Using QuadricMeshReduction for automatic static mesh reduction
[2020.07.17-18.32.44:667][  0]LogMeshReduction: No automatic skeletal mesh reduction module available
[2020.07.17-18.32.44:667][  0]LogMeshReduction: No automatic mesh merging module available
[2020.07.17-18.32.44:667][  0]LogMeshMerging: No automatic mesh merging module available
[2020.07.17-18.32.44:701][  0]LogNetVersion: UE4_Loco_Multiplayer , NetCL: 3709383, EngineNetVer: 2, GameNetVer: 0 (Checksum: 1342504481)
[2020.07.17-18.32.44:866][  0]LogAssetRegistry: FAssetRegistry took 0.0266 seconds to start up
[2020.07.17-18.32.45:941][  0]LogPackageLocalizationCache: Processed 7 localized package path(s) for 2 prioritized culture(s) in 0.650845 seconds
[2020.07.17-18.32.45:948][  0]LogUObjectArray: 35870 objects as part of root set at end of initial load.
[2020.07.17-18.32.45:948][  0]LogUObjectAllocator: 7363704 out of 0 bytes used by permanent object pool.
[2020.07.17-18.32.45:948][  0]LogUObjectArray: CloseDisregardForGC: 0/0 objects in disregard for GC pool
[2020.07.17-18.32.45:996][  0]LogInit: WinSock: version 1.1 (2.2), MaxSocks=32767, MaxUdp=65467
[2020.07.17-18.32.48:739][  0]LogTcpMessaging: Initializing TcpMessaging bridge
[2020.07.17-18.32.48:791][  0]LogUdpMessaging: Initializing bridge on interface 0.0.0.0:0 to multicast group 230.0.0.1:6666.
[2020.07.17-18.32.50:524][  0]LogMaterial: Uniform references updated for custom material expression Custom.
[2020.07.17-18.32.51:004][  0]SourceControl: Source control is disabled
[2020.07.17-18.32.52:707][  0]LogAndroidPermission: UAndroidPermissionCallbackProxy::GetInstance
[2020.07.17-18.32.53:015][  0]LogOcInput: OculusInput pre-init called
[2020.07.17-18.32.53:329][  0]LogEngine: Initializing Engine...
[2020.07.17-18.32.53:332][  0]LogHMD: Failed to initialize OpenVR with code 110
[2020.07.17-18.32.53:515][  0]LogStats: UGameplayTagsManager::ConstructGameplayTagTree: Construct from data asset -  0.000 s
[2020.07.17-18.32.53:515][  0]LogStats: UGameplayTagsManager::ConstructGameplayTagTree: GameplayTagTreeChangedEvent.Broadcast -  0.000 s
[2020.07.17-18.32.53:632][  0]LogAIModule: Creating AISystem for world Untitled
[2020.07.17-18.32.53:645][  0]LogInit: XAudio2 using 'Speakers (Realtek(R) Audio)' : 2 channels at 48 kHz using 32 bits per sample (channel mask 0x3)
[2020.07.17-18.32.53:663][  0]LogInit: FAudioDevice initialized.
[2020.07.17-18.32.53:752][  0]LogDerivedDataCache: Saved boot cache 0.09s 78MB C:/Users/kidvi/AppData/Local/UnrealEngine/4.18/DerivedDataCache/Boot.ddc.
[2020.07.17-18.32.53:762][  0]LogInit: Texture streaming: Enabled
[2020.07.17-18.32.53:873][  0]LogEngineSessionManager: EngineSessionManager initialized
[2020.07.17-18.32.53:994][  0]LogInit: Transaction tracking system initialized
[2020.07.17-18.32.54:305][  0]BlueprintLog: New page: Editor Load
[2020.07.17-18.32.55:192][  0]LocalizationService: Localization service is disabled
[2020.07.17-18.32.55:980][  0]LogConsoleResponse: Display: 
[2020.07.17-18.32.56:162][  0]LogCook: Display: Max memory allowance for cook 16384mb min free memory 0mb
[2020.07.17-18.32.56:162][  0]LogCook: Display: Mobile HDR setting 1
[2020.07.17-18.32.56:162][  0]LogGameplayTags: Display: UGameplayTagsManager::DoneAddingNativeTags. DelegateIsBound: 0
[2020.07.17-18.32.56:196][  0]LogFileCache: Scanning file cache for directory 'H:/Git Hub/shooter900/UE4-Loco-multiplayer-Game/UE4_Loco_Multiplayer/Content/' took 0.03s
[2020.07.17-18.32.57:486][  0]Cmd: MAP LOAD FILE="H:/Git Hub/shooter900/UE4-Loco-multiplayer-Game/UE4_Loco_Multiplayer/Content/ThirdPersonBP/Maps/ThirdPersonExampleMap.umap" TEMPLATE=0 SHOWPROGRESS=1 FEATURELEVEL=3
[2020.07.17-18.32.57:486][  0]LogEditorServer: Warning: Can't find file 'H:/Git Hub/shooter900/UE4-Loco-multiplayer-Game/UE4_Loco_Multiplayer/Content/ThirdPersonBP/Maps/ThirdPersonExampleMap.umap'
[2020.07.17-18.32.57:486][  0]Cmd: MAP CHECKDEP NOCLEARLOG
[2020.07.17-18.32.57:537][  0]MapCheck: Map check complete: 0 Error(s), 0 Warning(s), took 51.134ms to complete.
[2020.07.17-18.32.57:538][  0]LogFileHelpers: Loading map 'ThirdPersonExampleMap' took 0.052
[2020.07.17-18.32.57:679][  0]LogCollectionManager: Loaded 0 collections in 0.001780 seconds
[2020.07.17-18.32.57:757][  0]LogFileCache: Scanning file cache for directory 'H:/Git Hub/shooter900/UE4-Loco-multiplayer-Game/UE4_Loco_Multiplayer/Saved/Collections/' took 0.01s
[2020.07.17-18.32.57:758][  0]LogFileCache: Scanning file cache for directory 'H:/Git Hub/shooter900/UE4-Loco-multiplayer-Game/UE4_Loco_Multiplayer/Content/Developers/kidvi/Collections/' took 0.01s
[2020.07.17-18.32.57:758][  0]LogFileCache: Scanning file cache for directory 'H:/Git Hub/shooter900/UE4-Loco-multiplayer-Game/UE4_Loco_Multiplayer/Content/Collections/' took 0.01s
[2020.07.17-18.32.57:758][  0]LogCollectionManager: Rebuilt the GUID cache for 0 collections in 0.000000 seconds
[2020.07.17-18.32.57:768][  0]LogContentBrowser: Native class hierarchy populated in 0.0104 seconds. Added 2363 classes and 519 folders.
[2020.07.17-18.32.57:827][  0]LogContentBrowser: Native class hierarchy updated for 'WidgetCarousel' in 0.0003 seconds. Added 0 classes and 0 folders.
[2020.07.17-18.32.57:883][  0]LogContentBrowser: Native class hierarchy updated for 'AddContentDialog' in 0.0003 seconds. Added 0 classes and 0 folders.
[2020.07.17-18.32.57:928][  0]LogContentBrowser: Native class hierarchy updated for 'SceneOutliner' in 0.0003 seconds. Added 1 classes and 2 folders.
[2020.07.17-18.32.58:053][  0]LogContentBrowser: Native class hierarchy updated for 'HierarchicalLODOutliner' in 0.0004 seconds. Added 1 classes and 2 folders.
[2020.07.17-18.32.58:053][  0]LogLoad: (Engine Initialization) Total time: 21.56 seconds
[2020.07.17-18.32.58:053][  0]LogLoad: (Engine Initialization) Total Blueprint compile time: 0.00 seconds
[2020.07.17-18.32.58:054][  0]LogExternalProfiler: No external profilers were discovered.  External profiling features will not be available.
[2020.07.17-18.32.58:081][  0]SourceControl: On branch master
[2020.07.17-18.32.58:081][  0]SourceControl: Your branch is up to date with 'origin/master'.
[2020.07.17-18.32.58:081][  0]SourceControl: Changes not staged for commit:
[2020.07.17-18.32.58:081][  0]SourceControl:   (use "git add/rm <file>..." to update what will be committed)
[2020.07.17-18.32.58:081][  0]SourceControl:   (use "git restore <file>..." to discard changes in working directory)
[2020.07.17-18.32.58:081][  0]SourceControl: 	modified:   UE4_Loco_Multiplayer/Intermediate/CachedAssetRegistry.bin
[2020.07.17-18.32.58:081][  0]SourceControl: 	modified:   UE4_Loco_Multiplayer/Saved/Config/Windows/Engine.ini
[2020.07.17-18.32.58:081][  0]SourceControl: 	deleted:    UE4_Loco_Multiplayer/Saved/Logs/UE4_Loco_Multiplayer-backup-2020.07.17-12.50.56.log
[2020.07.17-18.32.58:081][  0]SourceControl: 	modified:   UE4_Loco_Multiplayer/Saved/Logs/UE4_Loco_Multiplayer.log
[2020.07.17-18.32.58:081][  0]SourceControl: Untracked files:
[2020.07.17-18.32.58:081][  0]SourceControl:   (use "git add <file>..." to include in what will be committed)
[2020.07.17-18.32.58:081][  0]SourceControl: 	UE4_Loco_Multiplayer/Saved/Config/CrashReportClient/UE4CC-Windows-7E9BA4E0423406A47DF5A590A34100ED/
[2020.07.17-18.32.58:081][  0]SourceControl: 	UE4_Loco_Multiplayer/Saved/Logs/UE4_Loco_Multiplayer-backup-2020.07.17-14.32.37.log
[2020.07.17-18.32.58:081][  0]SourceControl: no changes added to commit (use "git add" and/or "git commit -a")
[2020.07.17-18.32.58:082][  0]LogContentStreaming: Texture pool size now 800 MB
[2020.07.17-18.32.58:083][  0]LogSlate: Took 0.000248 seconds to synchronously load lazily loaded font '../../../Engine/Content/Slate/Fonts/Roboto-Regular.ttf' (155K)
[2020.07.17-18.32.58:086][  0]LogSlate: Took 0.000227 seconds to synchronously load lazily loaded font '../../../Engine/Content/Slate/Fonts/Roboto-Bold.ttf' (160K)
[2020.07.17-18.32.58:088][  0]LogSlate: Took 0.000215 seconds to synchronously load lazily loaded font '../../../Engine/Content/Editor/Slate/Fonts/FontAwesome.ttf' (139K)
[2020.07.17-18.32.58:168][  0]LogSlate: Took 0.000277 seconds to synchronously load lazily loaded font '../../../Engine/Content/Slate/Fonts/Roboto-Light.ttf' (159K)
[2020.07.17-18.32.58:210][  2]LogRenderer: Reallocating scene render targets to support 1048x484 Format 9 NumSamples 1 (Frame:1).
[2020.07.17-18.32.58:280][  2]LogAssetRegistry: Asset discovery search completed in 13.4364 seconds
[2020.07.17-18.32.58:283][  2]LogCollectionManager: Rebuilt the object cache for 0 collections in 0.000000 seconds (found 0 objects)
[2020.07.17-18.32.58:283][  2]LogCollectionManager: Fixed up redirectors for 0 collections in 0.000111 seconds (updated 0 objects)
[2020.07.17-18.38.04:236][545]LogSlate: Took 0.000248 seconds to synchronously load lazily loaded font '../../../Engine/Content/Slate/Fonts/Roboto-Light.ttf' (159K)
[2020.07.17-18.38.04:571][545]LogFactory: FactoryCreateFile: StaticMesh with FbxFactory (0 0 C:\Users\kidvi\Desktop\AMARITA.fbx)
[2020.07.17-18.38.04:614][545]LogFbx: ItemName: GlobalSettings, ItemCount : 1
[2020.07.17-18.38.04:614][545]LogFbx: ItemName: NodeAttribute, ItemCount : 52
[2020.07.17-18.38.04:615][545]LogFbx: ItemName: Geometry, ItemCount : 1
[2020.07.17-18.38.04:615][545]LogFbx: ItemName: Model, ItemCount : 53
[2020.07.17-18.38.04:615][545]LogFbx: ItemName: Pose, ItemCount : 1
[2020.07.17-18.38.04:615][545]LogFbx: ItemName: Deformer, ItemCount : 52
[2020.07.17-18.38.04:615][545]LogFbx: ItemName: Material, ItemCount : 12
[2020.07.17-18.38.04:615][545]LogFbx: ItemName: Texture, ItemCount : 2
[2020.07.17-18.38.04:615][545]LogFbx: ItemName: Video, ItemCount : 2
[2020.07.17-18.38.04:620][545]LogFbx: Loading FBX Scene from C:\Users\kidvi\Desktop\AMARITA.fbx
[2020.07.17-18.38.04:761][545]LogFbx: FBX Scene Loaded Succesfully
[2020.07.17-18.38.06:919][545]LogFbx: Loading FBX Scene from C:\Users\kidvi\Desktop\AMARITA.fbx
[2020.07.17-18.38.07:033][545]LogFbx: FBX Scene Loaded Succesfully
[2020.07.17-18.38.07:036][545]LogFbx: =================================================
[2020.07.17-18.38.07:036][545]LogFbx: Dumping Node START [girl] 
[2020.07.17-18.38.07:036][545]LogFbx: 	Total Deformer Count 1598396672.
[2020.07.17-18.38.07:036][545]LogFbx: 		[Node 1] root (Type Skin).
[2020.07.17-18.38.07:036][545]LogFbx: =================================================
[2020.07.17-18.38.07:036][545]LogFbx: 	Attribute (BDress_Top.108) Type (4).
[2020.07.17-18.38.07:036][545]LogFbx: 		[Node Attribute Child 1] girl (Type Mesh).
[2020.07.17-18.38.07:036][545]LogFbx: Dumping Node END [girl]
[2020.07.17-18.38.07:037][545]LogFbx: =================================================
[2020.07.17-18.38.07:037][545]LogFbx: Dumping Node START [girl] 
[2020.07.17-18.38.07:037][545]LogFbx: 	Total Deformer Count 1598396672.
[2020.07.17-18.38.07:037][545]LogFbx: 		[Node 1] root (Type Skin).
[2020.07.17-18.38.07:037][545]LogFbx: =================================================
[2020.07.17-18.38.07:037][545]LogFbx: 	Attribute (BDress_Top.108) Type (4).
[2020.07.17-18.38.07:037][545]LogFbx: 		[Node Attribute Child 1] girl (Type Mesh).
[2020.07.17-18.38.07:037][545]LogFbx: Dumping Node END [girl]
[2020.07.17-18.38.07:038][545]LogFbx: Warning: Not valid bind pose for Pose (BDress_Top.108) - Node girl : The relative matrices do not match
[2020.07.17-18.38.07:038][545]LogFbx: Warning: Getting valid bind pose failed. Try to recreate bind pose
[2020.07.17-18.38.07:039][545]LogFbx: Valid bind pose for Pose (FbxSDKBindPose) - girl
[2020.07.17-18.38.07:039][545]LogFbx: Warning: Recreating bind pose succeeded.
[2020.07.17-18.38.07:060][545]LogLinker: Can't find file '/Game/Material_001'
[2020.07.17-18.38.07:060][545]LogLinker: Can't find file '/Game/Material_001'
[2020.07.17-18.38.07:060][545]LogMaterial: Warning: Material /Game/Material_001.Material_001 needed to have new flag set bUsedWithSkeletalMesh !
[2020.07.17-18.38.07:062][545]LogMaterial: Missing cached shader map for material Material_001, compiling. 
[2020.07.17-18.38.07:890][545]LogMaterial: Missing cached shader map for material Material_001, compiling. 
[2020.07.17-18.38.07:950][545]LogLinker: Can't find file '/Game/Material_005'
[2020.07.17-18.38.07:950][545]LogLinker: Can't find file '/Game/Material_005'
[2020.07.17-18.38.07:950][545]LogMaterial: Warning: Material /Game/Material_005.Material_005 needed to have new flag set bUsedWithSkeletalMesh !
[2020.07.17-18.38.07:957][545]LogMaterial: Missing cached shader map for material Material_005, compiling. 
[2020.07.17-18.38.08:072][545]LogMaterial: Missing cached shader map for material Material_005, compiling. 
[2020.07.17-18.38.08:137][545]LogLinker: Can't find file '/Game/Material'
[2020.07.17-18.38.08:137][545]LogLinker: Can't find file '/Game/Material'
[2020.07.17-18.38.08:137][545]LogMaterial: Warning: Material /Game/Material.Material needed to have new flag set bUsedWithSkeletalMesh !
[2020.07.17-18.38.08:139][545]LogMaterial: Missing cached shader map for material Material, compiling. 
[2020.07.17-18.38.08:231][545]LogMaterial: Missing cached shader map for material Material, compiling. 
[2020.07.17-18.38.08:291][545]LogSlate: Took 0.000282 seconds to synchronously load lazily loaded font '../../../Engine/Content/Slate/Fonts/Roboto-Regular.ttf' (155K)
[2020.07.17-18.38.08:297][545]LogLinker: Can't find file '/Game/Material_003'
[2020.07.17-18.38.08:298][545]LogLinker: Can't find file '/Game/Material_003'
[2020.07.17-18.38.08:298][545]LogMaterial: Warning: Material /Game/Material_003.Material_003 needed to have new flag set bUsedWithSkeletalMesh !
[2020.07.17-18.38.08:301][545]LogMaterial: Missing cached shader map for material Material_003, compiling. 
[2020.07.17-18.38.08:402][545]LogMaterial: Missing cached shader map for material Material_003, compiling. 
[2020.07.17-18.38.08:463][545]LogLinker: Can't find file '/Game/Material_004'
[2020.07.17-18.38.08:463][545]LogLinker: Can't find file '/Game/Material_004'
[2020.07.17-18.38.08:463][545]LogMaterial: Warning: Material /Game/Material_004.Material_004 needed to have new flag set bUsedWithSkeletalMesh !
[2020.07.17-18.38.08:465][545]LogMaterial: Missing cached shader map for material Material_004, compiling. 
[2020.07.17-18.38.08:562][545]LogMaterial: Missing cached shader map for material Material_004, compiling. 
[2020.07.17-18.38.08:623][545]LogLinker: Can't find file '/Game/Material_002'
[2020.07.17-18.38.08:623][545]LogLinker: Can't find file '/Game/Material_002'
[2020.07.17-18.38.08:623][545]LogMaterial: Warning: Material /Game/Material_002.Material_002 needed to have new flag set bUsedWithSkeletalMesh !
[2020.07.17-18.38.08:625][545]LogMaterial: Missing cached shader map for material Material_002, compiling. 
[2020.07.17-18.38.08:723][545]LogMaterial: Missing cached shader map for material Material_002, compiling. 
[2020.07.17-18.38.08:784][545]LogLinker: Can't find file '/Game/Material_006'
[2020.07.17-18.38.08:784][545]LogLinker: Can't find file '/Game/Material_006'
[2020.07.17-18.38.08:784][545]LogMaterial: Warning: Material /Game/Material_006.Material_006 needed to have new flag set bUsedWithSkeletalMesh !
[2020.07.17-18.38.08:786][545]LogMaterial: Missing cached shader map for material Material_006, compiling. 
[2020.07.17-18.38.08:892][545]LogMaterial: Missing cached shader map for material Material_006, compiling. 
[2020.07.17-18.38.08:956][545]LogLinker: Can't find file '/Game/PackedMaterial0'
[2020.07.17-18.38.08:956][545]LogLinker: Can't find file '/Game/PackedMaterial0'
[2020.07.17-18.38.08:957][545]LogMaterial: Warning: Material /Game/PackedMaterial0.PackedMaterial0 needed to have new flag set bUsedWithSkeletalMesh !
[2020.07.17-18.38.08:958][545]LogMaterial: Missing cached shader map for material PackedMaterial0, compiling. 
[2020.07.17-18.38.09:058][545]LogMaterial: Missing cached shader map for material PackedMaterial0, compiling. 
[2020.07.17-18.38.09:118][545]LogLinker: Can't find file '/Game/Material_008'
[2020.07.17-18.38.09:119][545]LogLinker: Can't find file '/Game/Material_008'
[2020.07.17-18.38.09:119][545]LogMaterial: Warning: Material /Game/Material_008.Material_008 needed to have new flag set bUsedWithSkeletalMesh !
[2020.07.17-18.38.09:121][545]LogMaterial: Missing cached shader map for material Material_008, compiling. 
[2020.07.17-18.38.09:219][545]LogMaterial: Missing cached shader map for material Material_008, compiling. 
[2020.07.17-18.38.09:279][545]LogLinker: Can't find file '/Game/Material_009'
[2020.07.17-18.38.09:280][545]LogLinker: Can't find file '/Game/Material_009'
[2020.07.17-18.38.09:280][545]LogMaterial: Warning: Material /Game/Material_009.Material_009 needed to have new flag set bUsedWithSkeletalMesh !
[2020.07.17-18.38.09:287][545]LogMaterial: Missing cached shader map for material Material_009, compiling. 
[2020.07.17-18.38.09:388][545]LogMaterial: Missing cached shader map for material Material_009, compiling. 
[2020.07.17-18.38.09:449][545]LogLinker: Can't find file '/Game/blinn5SG'
[2020.07.17-18.38.09:449][545]LogLinker: Can't find file '/Game/blinn5SG'
[2020.07.17-18.38.09:450][545]LogMaterial: Warning: Material /Game/blinn5SG.blinn5SG needed to have new flag set bUsedWithSkeletalMesh !
[2020.07.17-18.38.09:464][545]LogMaterial: Missing cached shader map for material blinn5SG, compiling. 
[2020.07.17-18.38.09:580][545]LogLinker: Can't find file '/Game/Girly_packed0_diffuse'
[2020.07.17-18.38.09:580][545]LogLinker: Can't find file '/Game/Girly_packed0_diffuse'
[2020.07.17-18.38.09:580][545]LogFbxMaterialImport: Warning: Unable to find Texture file C:\Users\Robertz\Desktop\girl\New folder\1\Girly_packed0_diffuse.png
[2020.07.17-18.38.09:580][545]LogLinker: Can't find file '/Game/0'
[2020.07.17-18.38.09:580][545]LogLinker: Can't find file '/Game/0'
[2020.07.17-18.38.09:581][545]LogFbxMaterialImport: Warning: Unable to find Texture file C:\0.25
[2020.07.17-18.38.09:583][545]LogMaterial: Missing cached shader map for material blinn5SG, compiling. 
[2020.07.17-18.38.09:642][545]LogLinker: Can't find file '/Game/Material_007'
[2020.07.17-18.38.09:642][545]LogLinker: Can't find file '/Game/Material_007'
[2020.07.17-18.38.09:642][545]LogMaterial: Warning: Material /Game/Material_007.Material_007 needed to have new flag set bUsedWithSkeletalMesh !
[2020.07.17-18.38.09:644][545]LogMaterial: Missing cached shader map for material Material_007, compiling. 
[2020.07.17-18.38.09:741][545]LogMaterial: Missing cached shader map for material Material_007, compiling. 
[2020.07.17-18.38.09:799][545]LogFbx: Triangulating skeletal mesh girl
[2020.07.17-18.38.19:890][545]LogFbx: Warning: Bones digested - 52  Depth of hierarchy - 11
[2020.07.17-18.38.24:840][545]LogSkeletalMesh: Section 0: 867 vertices, 9 active bones
[2020.07.17-18.38.24:841][545]LogSkeletalMesh: Section 1: 379 vertices, 9 active bones
[2020.07.17-18.38.24:867][545]LogSkeletalMesh: Section 2: 88176 vertices, 1 active bones
[2020.07.17-18.38.24:867][545]LogSkeletalMesh: Section 3: 906 vertices, 9 active bones
[2020.07.17-18.38.24:867][545]LogSkeletalMesh: Section 4: 5156 vertices, 41 active bones
[2020.07.17-18.38.24:868][545]LogSkeletalMesh: Section 5: 1541 vertices, 4 active bones
[2020.07.17-18.38.24:868][545]LogSkeletalMesh: Section 6: 234 vertices, 4 active bones
[2020.07.17-18.38.24:868][545]LogSkeletalMesh: Section 7: 190 vertices, 1 active bones
[2020.07.17-18.38.24:868][545]LogSkeletalMesh: Section 8: 1622 vertices, 2 active bones
[2020.07.17-18.38.24:868][545]LogSkeletalMesh: Section 9: 82 vertices, 1 active bones
[2020.07.17-18.38.24:868][545]LogSkeletalMesh: Section 10: 1524 vertices, 7 active bones
[2020.07.17-18.38.24:868][545]LogSkeletalMesh: Section 11: 778 vertices, 4 active bones
[2020.07.17-18.38.25:204][545]LogSkeletalMesh: Section 0: Material=0, 920 triangles
[2020.07.17-18.38.25:204][545]LogSkeletalMesh: Section 1: Material=1, 380 triangles
[2020.07.17-18.38.25:204][545]LogSkeletalMesh: Section 2: Material=2, 171641 triangles
[2020.07.17-18.38.25:204][545]LogSkeletalMesh: Section 3: Material=3, 1580 triangles
[2020.07.17-18.38.25:204][545]LogSkeletalMesh: Section 4: Material=4, 9039 triangles
[2020.07.17-18.38.25:204][545]LogSkeletalMesh: Section 5: Material=5, 2878 triangles
[2020.07.17-18.38.25:204][545]LogSkeletalMesh: Section 6: Material=6, 336 triangles
[2020.07.17-18.38.25:204][545]LogSkeletalMesh: Section 7: Material=7, 338 triangles
[2020.07.17-18.38.25:204][545]LogSkeletalMesh: Section 8: Material=8, 2800 triangles
[2020.07.17-18.38.25:204][545]LogSkeletalMesh: Section 9: Material=9, 120 triangles
[2020.07.17-18.38.25:204][545]LogSkeletalMesh: Section 10: Material=10, 2456 triangles
[2020.07.17-18.38.25:204][545]LogSkeletalMesh: Section 11: Material=11, 1016 triangles
[2020.07.17-18.38.25:325][545]LogLinker: Can't find file '/Game/AMARITA_Skeleton'
[2020.07.17-18.38.25:325][545]LogLinker: Can't find file '/Game/AMARITA_Skeleton'
[2020.07.17-18.38.25:636][545]LogLinker: Can't find file '/Game/AMARITA_PhysicsAsset'
[2020.07.17-18.38.25:636][545]LogLinker: Can't find file '/Game/AMARITA_PhysicsAsset'
[2020.07.17-18.38.25:707][545]FBXImport: Warning: No smoothing group information was found in this FBX scene.  Please make sure to enable the 'Export Smoothing Groups' option in the FBX Exporter plug-in before exporting the file.  Even for tools that don't support smoothing groups, the FBX Exporter will generate appropriate smoothing data at export-time so that correct vertex normals can be inferred while importing. 
[2020.07.17-18.38.33:015][ 24]LogRenderer: Reallocating scene render targets to support 1528x624 Format 9 NumSamples 1 (Frame:2157).
