Log file open, 07/13/20 18:18:21
LogWindows: Failed to load 'aqProf.dll' (GetLastError=126)
LogWindows: File 'aqProf.dll' does not exist
LogWindows: Failed to load 'VSPerf140.dll' (GetLastError=126)
LogWindows: File 'VSPerf140.dll' does not exist
LogWindows: Failed to load 'VtuneApi.dll' (GetLastError=126)
LogWindows: File 'VtuneApi.dll' does not exist
LogWindows: Failed to load 'VtuneApi32e.dll' (GetLastError=126)
LogWindows: File 'VtuneApi32e.dll' does not exist
LogInit: Display: Running engine for game: UE4_Loco_Multiplayer
LogPlatformFile: Not using cached read wrapper
LogInit: Display: RandInit(-988294647) SRandInit(-988294646).
LogInit: Read version file with build ID '3709383'
LogInit: Overriding engine version to CL 3832480, compatible CL 3709383
LogInit: Registered custom module enumerator with build ID '3709383'
LogTaskGraph: Started task graph with 5 named threads and 8 total threads with 3 sets of task threads.
LogStats: Stats thread started at 0.524146
LogD3D11RHI: Aftermath initialized
LogModuleManager: Display: Found up-to-date module file ../../../Engine/Plugins/2D/Paper2D/Binaries/Win64/UE4Editor-Paper2D.dll (API version 3709383).
LogModuleManager: Display: Found up-to-date module file ../../../Engine/Plugins/2D/Paper2D/Binaries/Win64/UE4Editor-Paper2DEditor.dll (API version 3709383).
LogModuleManager: Display: Found up-to-date module file ../../../Engine/Plugins/2D/Paper2D/Binaries/Win64/UE4Editor-PaperSpriteSheetImporter.dll (API version 3709383).
LogModuleManager: Display: Found up-to-date module file ../../../Engine/Plugins/2D/Paper2D/Binaries/Win64/UE4Editor-PaperTiledImporter.dll (API version 3709383).
LogModuleManager: Display: Found up-to-date module file ../../../Engine/Plugins/2D/Paper2D/Binaries/Win64/UE4Editor-SmartSnapping.dll (API version 3709383).
LogModuleManager: Display: Found up-to-date module file ../../../Engine/Plugins/Blendables/LightPropagationVolume/Binaries/Win64/UE4Editor-LightPropagationVolumeRuntime.dll (API version 3709383).
LogModuleManager: Display: Found up-to-date module file ../../../Engine/Plugins/Blendables/LightPropagationVolume/Binaries/Win64/UE4Editor-LightPropagationVolumeEditor.dll (API version 3709383).
LogModuleManager: Display: Found up-to-date module file ../../../Engine/Plugins/Developer/GitSourceControl/Binaries/Win64/UE4Editor-GitSourceControl.dll (API version 3709383).
LogModuleManager: Display: Found up-to-date module file ../../../Engine/Plugins/Developer/PerforceSourceControl/Binaries/Win64/UE4Editor-PerforceSourceControl.dll (API version 3709383).
LogModuleManager: Display: Found up-to-date module file ../../../Engine/Plugins/Developer/SubversionSourceControl/Binaries/Win64/UE4Editor-SubversionSourceControl.dll (API version 3709383).
LogModuleManager: Display: Found up-to-date module file ../../../Engine/Plugins/Developer/UObjectPlugin/Binaries/Win64/UE4Editor-UObjectPlugin.dll (API version 3709383).
LogModuleManager: Display: Found up-to-date module file ../../../Engine/Plugins/Developer/VisualStudioCodeSourceCodeAccess/Binaries/Win64/UE4Editor-VisualStudioCodeSourceCodeAccess.dll (API version 3709383).
LogModuleManager: Display: Found up-to-date module file ../../../Engine/Plugins/Developer/VisualStudioSourceCodeAccess/Binaries/Win64/UE4Editor-VisualStudioSourceCodeAccess.dll (API version 3709383).
LogModuleManager: Display: Found up-to-date module file ../../../Engine/Plugins/Editor/AssetManagerEditor/Binaries/Win64/UE4Editor-AssetManagerEditor.dll (API version 3709383).
LogModuleManager: Display: Found up-to-date module file ../../../Engine/Plugins/Editor/AudioCapture/Binaries/Win64/UE4Editor-AudioCapture.dll (API version 3709383).
LogModuleManager: Display: Found up-to-date module file ../../../Engine/Plugins/Editor/FacialAnimation/Binaries/Win64/UE4Editor-FacialAnimation.dll (API version 3709383).
LogModuleManager: Display: Found up-to-date module file ../../../Engine/Plugins/Editor/FacialAnimation/Binaries/Win64/UE4Editor-FacialAnimationEditor.dll (API version 3709383).
LogModuleManager: Display: Found up-to-date module file ../../../Engine/Plugins/Editor/GameplayTagsEditor/Binaries/Win64/UE4Editor-GameplayTagsEditor.dll (API version 3709383).
LogModuleManager: Display: Found up-to-date module file ../../../Engine/Plugins/Editor/MobileLauncherProfileWizard/Binaries/Win64/UE4Editor-MobileLauncherProfileWizard.dll (API version 3709383).
LogModuleManager: Display: Found up-to-date module file ../../../Engine/Plugins/Editor/PluginBrowser/Binaries/Win64/UE4Editor-PluginBrowser.dll (API version 3709383).
LogModuleManager: Display: Found up-to-date module file ../../../Engine/Plugins/Editor/SpeedTreeImporter/Binaries/Win64/UE4Editor-SpeedTreeImporter.dll (API version 3709383).
LogModuleManager: Display: Found up-to-date module file ../../../Engine/Plugins/Experimental/AlembicImporter/Binaries/Win64/UE4Editor-AlembicImporter.dll (API version 3709383).
LogModuleManager: Display: Found up-to-date module file ../../../Engine/Plugins/Experimental/AlembicImporter/Binaries/Win64/UE4Editor-AlembicLibrary.dll (API version 3709383).
LogModuleManager: Display: Found up-to-date module file ../../../Engine/Plugins/Experimental/CharacterAI/Binaries/Win64/UE4Editor-CharacterAI.dll (API version 3709383).
LogModuleManager: Display: Found up-to-date module file ../../../Engine/Plugins/Experimental/HTML5Networking/Binaries/Win64/UE4Editor-HTML5Networking.dll (API version 3709383).
LogModuleManager: Display: Found up-to-date module file ../../../Engine/Plugins/Media/AndroidMedia/Binaries/Win64/UE4Editor-AndroidMediaEditor.dll (API version 3709383).
LogModuleManager: Display: Found up-to-date module file ../../../Engine/Plugins/Media/AndroidMedia/Binaries/Win64/UE4Editor-AndroidMediaFactory.dll (API version 3709383).
LogModuleManager: Display: Found up-to-date module file ../../../Engine/Plugins/Media/AvfMedia/Binaries/Win64/UE4Editor-AvfMediaEditor.dll (API version 3709383).
LogModuleManager: Display: Found up-to-date module file ../../../Engine/Plugins/Media/AvfMedia/Binaries/Win64/UE4Editor-AvfMediaFactory.dll (API version 3709383).
LogModuleManager: Display: Found up-to-date module file ../../../Engine/Plugins/Media/AvfMedia/Binaries/Win64/UE4Editor-AvfMediaFactory.dll (API version 3709383).
LogModuleManager: Display: Found up-to-date module file ../../../Engine/Plugins/Media/ImgMedia/Binaries/Win64/UE4Editor-ImgMedia.dll (API version 3709383).
LogModuleManager: Display: Found up-to-date module file ../../../Engine/Plugins/Media/ImgMedia/Binaries/Win64/UE4Editor-ImgMediaEditor.dll (API version 3709383).
LogModuleManager: Display: Found up-to-date module file ../../../Engine/Plugins/Media/ImgMedia/Binaries/Win64/UE4Editor-ImgMediaFactory.dll (API version 3709383).
LogModuleManager: Display: Found up-to-date module file ../../../Engine/Plugins/Media/ImgMedia/Binaries/Win64/UE4Editor-ImgMediaFactory.dll (API version 3709383).
LogModuleManager: Display: Found up-to-date module file ../../../Engine/Plugins/Media/ImgMedia/Binaries/Win64/UE4Editor-OpenExrWrapper.dll (API version 3709383).
LogModuleManager: Display: Found up-to-date module file ../../../Engine/Plugins/Media/MediaCompositing/Binaries/Win64/UE4Editor-MediaCompositing.dll (API version 3709383).
LogModuleManager: Display: Found up-to-date module file ../../../Engine/Plugins/Media/MediaCompositing/Binaries/Win64/UE4Editor-MediaCompositingEditor.dll (API version 3709383).
LogModuleManager: Display: Found up-to-date module file ../../../Engine/Plugins/Media/MediaPlayerEditor/Binaries/Win64/UE4Editor-MediaPlayerEditor.dll (API version 3709383).
LogModuleManager: Display: Found up-to-date module file ../../../Engine/Plugins/Media/WmfMedia/Binaries/Win64/UE4Editor-WmfMedia.dll (API version 3709383).
LogModuleManager: Display: Found up-to-date module file ../../../Engine/Plugins/Media/WmfMedia/Binaries/Win64/UE4Editor-WmfMediaEditor.dll (API version 3709383).
LogModuleManager: Display: Found up-to-date module file ../../../Engine/Plugins/Media/WmfMedia/Binaries/Win64/UE4Editor-WmfMediaFactory.dll (API version 3709383).
LogModuleManager: Display: Found up-to-date module file ../../../Engine/Plugins/Media/WmfMedia/Binaries/Win64/UE4Editor-WmfMediaFactory.dll (API version 3709383).
LogModuleManager: Display: Found up-to-date module file ../../../Engine/Plugins/Messaging/TcpMessaging/Binaries/Win64/UE4Editor-TcpMessaging.dll (API version 3709383).
LogModuleManager: Display: Found up-to-date module file ../../../Engine/Plugins/Messaging/UdpMessaging/Binaries/Win64/UE4Editor-UdpMessaging.dll (API version 3709383).
LogModuleManager: Display: Found up-to-date module file ../../../Engine/Plugins/MovieScene/ActorSequence/Binaries/Win64/UE4Editor-ActorSequence.dll (API version 3709383).
LogModuleManager: Display: Found up-to-date module file ../../../Engine/Plugins/MovieScene/LevelSequenceEditor/Binaries/Win64/UE4Editor-LevelSequenceEditor.dll (API version 3709383).
LogModuleManager: Display: Found up-to-date module file ../../../Engine/Plugins/MovieScene/MatineeToLevelSequence/Binaries/Win64/UE4Editor-MatineeToLevelSequence.dll (API version 3709383).
LogModuleManager: Display: Found up-to-date module file ../../../Engine/Plugins/Online/OnlineSubsystem/Binaries/Win64/UE4Editor-OnlineSubsystem.dll (API version 3709383).
LogModuleManager: Display: Found up-to-date module file ../../../Engine/Plugins/Runtime/AndroidPermission/Binaries/Win64/UE4Editor-AndroidPermission.dll (API version 3709383).
LogModuleManager: Display: Found up-to-date module file ../../../Engine/Plugins/Online/OnlineSubsystemNull/Binaries/Win64/UE4Editor-OnlineSubsystemNull.dll (API version 3709383).
LogModuleManager: Display: Found up-to-date module file ../../../Engine/Plugins/Online/OnlineSubsystemUtils/Binaries/Win64/UE4Editor-OnlineSubsystemUtils.dll (API version 3709383).
LogModuleManager: Display: Found up-to-date module file ../../../Engine/Plugins/Online/OnlineSubsystemUtils/Binaries/Win64/UE4Editor-OnlineBlueprintSupport.dll (API version 3709383).
LogModuleManager: Display: Found up-to-date module file ../../../Engine/Plugins/Runtime/AndroidDeviceProfileSelector/Binaries/Win64/UE4Editor-AndroidDeviceProfileSelector.dll (API version 3709383).
LogModuleManager: Display: Found up-to-date module file ../../../Engine/Plugins/Runtime/AppleARKit/Binaries/Win64/UE4Editor-AppleARKit.dll (API version 3709383).
LogModuleManager: Display: Found up-to-date module file ../../../Engine/Plugins/Runtime/ArchVisCharacter/Binaries/Win64/UE4Editor-ArchVisCharacter.dll (API version 3709383).
LogModuleManager: Display: Found up-to-date module file ../../../Engine/Plugins/Runtime/CableComponent/Binaries/Win64/UE4Editor-CableComponent.dll (API version 3709383).
LogModuleManager: Display: Found up-to-date module file ../../../Engine/Plugins/Runtime/CustomMeshComponent/Binaries/Win64/UE4Editor-CustomMeshComponent.dll (API version 3709383).
LogModuleManager: Display: Found up-to-date module file ../../../Engine/Plugins/Runtime/ExampleDeviceProfileSelector/Binaries/Win64/UE4Editor-ExampleDeviceProfileSelector.dll (API version 3709383).
LogModuleManager: Display: Found up-to-date module file ../../../Engine/Plugins/Runtime/ImmediatePhysics/Binaries/Win64/UE4Editor-ImmediatePhysics.dll (API version 3709383).
LogModuleManager: Display: Found up-to-date module file ../../../Engine/Plugins/Runtime/ImmediatePhysics/Binaries/Win64/UE4Editor-ImmediatePhysicsEditor.dll (API version 3709383).
LogModuleManager: Display: Found up-to-date module file ../../../Engine/Plugins/Runtime/LocationServicesBPLibrary/Binaries/Win64/UE4Editor-LocationServicesBPLibrary.dll (API version 3709383).
LogModuleManager: Display: Found up-to-date module file ../../../Engine/Plugins/Runtime/MobilePatchingUtils/Binaries/Win64/UE4Editor-MobilePatchingUtils.dll (API version 3709383).
LogModuleManager: Display: Found up-to-date module file ../../../Engine/Plugins/Runtime/Oculus/OculusVR/Binaries/Win64/UE4Editor-OculusHMD.dll (API version 3709383).
LogModuleManager: Display: Found up-to-date module file ../../../Engine/Plugins/Runtime/Oculus/OculusVR/Binaries/Win64/UE4Editor-OculusInput.dll (API version 3709383).
LogModuleManager: Display: Found up-to-date module file ../../../Engine/Plugins/Runtime/Oculus/OculusVR/Binaries/Win64/UE4Editor-OculusEditor.dll (API version 3709383).
LogModuleManager: Display: Found up-to-date module file ../../../Engine/Plugins/Runtime/PhysXVehicles/Binaries/Win64/UE4Editor-PhysXVehicles.dll (API version 3709383).
LogModuleManager: Display: Found up-to-date module file ../../../Engine/Plugins/Runtime/PhysXVehicles/Binaries/Win64/UE4Editor-PhysXVehiclesEditor.dll (API version 3709383).
LogModuleManager: Display: Found up-to-date module file ../../../Engine/Plugins/Runtime/ProceduralMeshComponent/Binaries/Win64/UE4Editor-ProceduralMeshComponent.dll (API version 3709383).
LogModuleManager: Display: Found up-to-date module file ../../../Engine/Plugins/Runtime/ProceduralMeshComponent/Binaries/Win64/UE4Editor-ProceduralMeshComponentEditor.dll (API version 3709383).
LogModuleManager: Display: Found up-to-date module file ../../../Engine/Plugins/Runtime/RuntimePhysXCooking/Binaries/Win64/UE4Editor-RuntimePhysXCooking.dll (API version 3709383).
LogModuleManager: Display: Found up-to-date module file ../../../Engine/Plugins/Runtime/Steam/SteamVR/Binaries/Win64/UE4Editor-SteamVR.dll (API version 3709383).
LogModuleManager: Display: Found up-to-date module file ../../../Engine/Plugins/Runtime/Steam/SteamVR/Binaries/Win64/UE4Editor-SteamVRController.dll (API version 3709383).
LogModuleManager: Display: Found up-to-date module file ../../../Engine/Plugins/Runtime/WindowsMoviePlayer/Binaries/Win64/UE4Editor-WindowsMoviePlayer.dll (API version 3709383).
LogPluginManager: Mounting plugin Paper2D
LogPluginManager: Mounting plugin LightPropagationVolume
LogPluginManager: Mounting plugin CodeLiteSourceCodeAccess
LogPluginManager: Mounting plugin GitSourceControl
LogPluginManager: Mounting plugin KDevelopSourceCodeAccess
LogPluginManager: Mounting plugin NullSourceCodeAccess
LogPluginManager: Mounting plugin PerforceSourceControl
LogPluginManager: Mounting plugin SubversionSourceControl
LogPluginManager: Mounting plugin UObjectPlugin
LogPluginManager: Mounting plugin VisualStudioCodeSourceCodeAccess
LogPluginManager: Mounting plugin VisualStudioSourceCodeAccess
LogPluginManager: Mounting plugin XCodeSourceCodeAccess
LogPluginManager: Mounting plugin AssetManagerEditor
LogPluginManager: Mounting plugin AudioCapture
LogPluginManager: Mounting plugin FacialAnimation
LogPluginManager: Mounting plugin GameplayTagsEditor
LogPluginManager: Mounting plugin MobileLauncherProfileWizard
LogPluginManager: Mounting plugin PluginBrowser
LogPluginManager: Mounting plugin SpeedTreeImporter
LogPluginManager: Mounting plugin AlembicImporter
LogPluginManager: Mounting plugin CharacterAI
LogPluginManager: Mounting plugin HTML5Networking
LogPluginManager: Mounting plugin AndroidMedia
LogPluginManager: Mounting plugin AvfMedia
LogPluginManager: Mounting plugin ImgMedia
LogPluginManager: Mounting plugin MediaCompositing
LogPluginManager: Mounting plugin MediaPlayerEditor
LogPluginManager: Mounting plugin WmfMedia
LogPluginManager: Mounting plugin TcpMessaging
LogPluginManager: Mounting plugin UdpMessaging
LogPluginManager: Mounting plugin ActorSequence
LogPluginManager: Mounting plugin LevelSequenceEditor
LogPluginManager: Mounting plugin MatineeToLevelSequence
LogPluginManager: Mounting plugin OnlineSubsystemGooglePlay
LogPluginManager: Mounting plugin OnlineSubsystemIOS
LogPluginManager: Mounting plugin OnlineSubsystem
LogPluginManager: Mounting plugin OnlineSubsystemNull
LogPluginManager: Mounting plugin OnlineSubsystemUtils
LogPluginManager: Mounting plugin AndroidDeviceProfileSelector
LogPluginManager: Mounting plugin AndroidMoviePlayer
LogPluginManager: Mounting plugin AndroidPermission
LogPluginManager: Mounting plugin AppleARKit
LogPluginManager: Mounting plugin AppleMoviePlayer
LogPluginManager: Mounting plugin ArchVisCharacter
LogPluginManager: Mounting plugin CableComponent
LogPluginManager: Mounting plugin CustomMeshComponent
LogPluginManager: Mounting plugin ExampleDeviceProfileSelector
LogPluginManager: Mounting plugin GoogleCloudMessaging
LogPluginManager: Mounting plugin ImmediatePhysics
LogPluginManager: Mounting plugin IOSDeviceProfileSelector
LogPluginManager: Mounting plugin LinuxDeviceProfileSelector
LogPluginManager: Mounting plugin LocationServicesBPLibrary
LogPluginManager: Mounting plugin MobilePatchingUtils
LogPluginManager: Mounting plugin OculusVR
LogPluginManager: Plugin shader directory ../../../Engine/Plugins/Runtime/Oculus/OculusVR/Shaders found
LogPluginManager: Mapping shader source directory ../../../Engine/Plugins/Runtime/Oculus/OculusVR/Shaders to virtual directory /Plugin/OculusVR
LogPluginManager: Mounting plugin PhysXVehicles
LogPluginManager: Mounting plugin ProceduralMeshComponent
LogPluginManager: Mounting plugin RuntimePhysXCooking
LogPluginManager: Mounting plugin SteamVR
LogPluginManager: Mounting plugin WindowsMoviePlayer
LogInit: Using libcurl 7.47.1
LogInit:  - built for x86_64-pc-win32
LogInit:  - supports SSL with OpenSSL/1.0.2g
LogInit:  - supports HTTP deflate (compression) using libz 1.2.8
LogInit:  - other features:
LogInit:      CURL_VERSION_SSL
LogInit:      CURL_VERSION_LIBZ
LogInit:      CURL_VERSION_IPV6
LogInit:      CURL_VERSION_ASYNCHDNS
LogInit:      CURL_VERSION_LARGEFILE
LogInit:      CURL_VERSION_IDN
LogInit:  CurlRequestOptions (configurable via config and command line):
LogInit:  - bVerifyPeer = false  - Libcurl will NOT verify peer certificate
LogInit:  - bUseHttpProxy = false  - Libcurl will NOT use HTTP proxy
LogInit:  - bDontReuseConnections = false  - Libcurl will reuse connections
LogInit:  - CertBundlePath = nullptr  - Libcurl will use whatever was configured at build time.
LogInit: Build: ++UE4+Release-4.18-CL-3832480
LogInit: Engine Version: 4.18.3-3832480+++UE4+Release-4.18
LogInit: Compatible Engine Version: 4.18.0-3709383+++UE4+Release-4.18
LogInit: Net CL: 3709383
LogDevObjectVersion: Number of dev versions registered: 16
LogDevObjectVersion:   Dev-Blueprints (B0D832E4-1F89-4F0D-ACCF-7EB736FD4AA2): 10
LogDevObjectVersion:   Dev-Build (E1C64328-A22C-4D53-A36C-8E866417BD8C): 0
LogDevObjectVersion:   Dev-Core (375EC13C-06E4-48FB-B500-84F0262A717E): 2
LogDevObjectVersion:   Dev-Editor (E4B068ED-F494-42E9-A231-DA0B2E46BB41): 20
LogDevObjectVersion:   Dev-Framework (CFFC743F-43B0-4480-9391-14DF171D2073): 30
LogDevObjectVersion:   Dev-Mobile (B02B49B5-BB20-44E9-A304-32B752E40360): 0
LogDevObjectVersion:   Dev-Networking (A4E4105C-59A1-49B5-A7C5-40C4547EDFEE): 0
LogDevObjectVersion:   Dev-Online (39C831C9-5AE6-47DC-9A44-9C173E1C8E7C): 0
LogDevObjectVersion:   Dev-Physics (78F01B33-EBEA-4F98-B9B4-84EACCB95AA2): 0
LogDevObjectVersion:   Dev-Platform (6631380F-2D4D-43E0-8009-CF276956A95A): 0
LogDevObjectVersion:   Dev-Rendering (12F88B9F-8875-4AFC-A67C-D90C383ABD29): 20
LogDevObjectVersion:   Dev-Sequencer (7B5AE74C-D270-4C10-A958-57980B212A5A): 4
LogDevObjectVersion:   Dev-VR (D7296918-1DD6-4BDD-9DE2-64A83CC13884): 0
LogDevObjectVersion:   Dev-LoadTimes (C2A15278-BFE7-4AFE-6C17-90FF531DF755): 1
LogDevObjectVersion:   Private-Geometry (6EACA3D4-40EC-4CC1-B786-8BED09428FC5): 1
LogDevObjectVersion:   Dev-AnimPhys (29E575DD-E0A3-4627-9D10-D276232CDCEA): 12
LogInit: Compiled (64-bit): Jan 12 2018 02:04:55
LogInit: Compiled with Visual C++: 19.00.24215.01
LogInit: Build Configuration: Development
LogInit: Branch Name: ++UE4+Release-4.18
LogInit: Command line:  
LogInit: Base directory: E:/GameDev/Unreal/Engine/UE_4.18/Engine/Binaries/Win64/
LogInit: Installed Engine Build: 1
LogInit: Presizing for max 8388607 objects, including 0 objects not considered by GC, pre-allocating 0 bytes for permanent pool.
LogInit: Object subsystem initialized
[2020.07.13-12.19.30:803][  0]LogInit: Selected Device Profile: [Windows]
[2020.07.13-12.19.30:803][  0]LogInit: Applying CVar settings loaded from the selected device profile: [Windows]
[2020.07.13-12.19.31:872][  0]LogInit: Computer: ISHRAQ-PC
[2020.07.13-12.19.31:872][  0]LogInit: User: farha
[2020.07.13-12.19.31:872][  0]LogInit: CPU Page size=4096, Cores=2
[2020.07.13-12.19.31:872][  0]LogInit: High frequency timer resolution =10.000000 MHz
[2020.07.13-12.19.31:994][  0]LogMemory: Memory total: Physical=3.9GB (4GB approx)
[2020.07.13-12.19.32:281][  0]LogMemory: Platform Memory Stats for Windows
[2020.07.13-12.19.32:281][  0]LogMemory: Process Physical Memory: 215.86 MB used, 215.86 MB peak
[2020.07.13-12.19.32:281][  0]LogMemory: Process Virtual Memory: 269.29 MB used, 269.29 MB peak
[2020.07.13-12.19.32:281][  0]LogMemory: Physical Memory: 3503.79 MB used,  473.22 MB free, 3977.01 MB total
[2020.07.13-12.19.32:281][  0]LogMemory: Virtual Memory: 4759.64 MB used,  473.22 MB free, 134217728.00 MB total
[2020.07.13-12.19.43:170][  0]LogInit: Using OS detected language (en-US).
[2020.07.13-12.19.43:170][  0]LogInit: Using OS detected locale (en-US).
[2020.07.13-12.19.44:203][  0]LogTextLocalizationManager: No specific localization for 'en-US' exists, so the 'en' localization will be used.
[2020.07.13-12.19.51:319][  0]LogInit: Setting process to per monitor DPI aware
[2020.07.13-12.20.01:532][  0]LogD3D11RHI: D3D11 adapters:
[2020.07.13-12.20.01:725][  0]LogD3D11RHI:    0. 'Intel(R) HD Graphics 3000' (Feature Level 10_0)
[2020.07.13-12.20.01:725][  0]LogD3D11RHI:       32/0/1632 MB DedicatedVideo/DedicatedSystem/SharedSystem, Outputs:1, VendorId:0x8086
[2020.07.13-12.20.01:900][  0]LogD3D11RHI:    1. 'Microsoft Basic Render Driver' (Feature Level 11_0)
[2020.07.13-12.20.01:900][  0]LogD3D11RHI:       0/0/1988 MB DedicatedVideo/DedicatedSystem/SharedSystem, Outputs:0, VendorId:0x1414
[2020.07.13-12.20.01:900][  0]LogD3D11RHI: Chosen D3D11 Adapter: 0
[2020.07.13-12.20.02:099][  0]LogD3D11RHI: Creating new Direct3DDevice
[2020.07.13-12.20.02:100][  0]LogD3D11RHI:     GPU DeviceId: 0x126 (for the marketing name, search the web for "GPU Device Id")
[2020.07.13-12.20.02:132][  0]LogWindows: EnumDisplayDevices:
[2020.07.13-12.20.02:132][  0]LogWindows:    0. 'Intel(R) HD Graphics 3000' (P:1 D:1)
[2020.07.13-12.20.02:132][  0]LogWindows:    1. 'Intel(R) HD Graphics 3000' (P:0 D:0)
[2020.07.13-12.20.02:132][  0]LogWindows: DebugString: GetVideoDriverDetailsInvalid PrimaryIsNotTheChoosenAdapter GetVideoDriverDetailsInvalid PrimaryIsNotTheChoosenAdapter FoundDriverCount:0 
[2020.07.13-12.20.02:132][  0]LogD3D11RHI:     Adapter Name: Intel(R) HD Graphics 3000
[2020.07.13-12.20.02:133][  0]LogD3D11RHI:   Driver Version: Unknown (internal:Unknown, unified:Unknown)
[2020.07.13-12.20.02:133][  0]LogD3D11RHI:      Driver Date: Unknown
[2020.07.13-12.20.02:133][  0]LogRHI: Texture pool is 593 MB (70% of 848 MB)
[2020.07.13-12.20.02:186][  0]LogD3D11RHI: Async texture creation enabled
[2020.07.13-12.20.04:998][  0]LogD3D11RHI: GPU Timing Frequency: 12.500000 (Debug: 2 1)
[2020.07.13-12.20.06:019][  0]LogShaderCompilers: Guid format shader working directory is -22 characters bigger than the processId version (../../../../../GITHUB/UE4-Loco-multiplayer-Game/UE4_Loco_Multiplayer/Intermediate/Shaders/WorkingDirectory/5724/).
[2020.07.13-12.20.06:049][  0]LogShaderCompilers: Cleaned the shader compiler working directory 'C:/Users/farha/AppData/Local/Temp/UnrealShaderWorkingDir/C00ABB504685EC235D5EBC8573643E79/'.
[2020.07.13-12.20.06:155][  0]LogShaderCompilers: Display: Using Local Shader Compiler.
[2020.07.13-12.20.41:319][  0]LogTemp: Display: Loaded TP AllDesktopTargetPlatform
[2020.07.13-12.20.41:615][  0]LogTemp: Display: Loaded TP MacClientTargetPlatform
[2020.07.13-12.20.41:706][  0]LogTemp: Display: Loaded TP MacNoEditorTargetPlatform
[2020.07.13-12.20.41:949][  0]LogTemp: Display: Loaded TP MacServerTargetPlatform
[2020.07.13-12.20.43:429][  0]LogTemp: Display: Loaded TP MacTargetPlatform
[2020.07.13-12.20.43:716][  0]LogTemp: Display: Loaded TP WindowsClientTargetPlatform
[2020.07.13-12.20.43:984][  0]LogTemp: Display: Loaded TP WindowsNoEditorTargetPlatform
[2020.07.13-12.20.44:079][  0]LogTemp: Display: Loaded TP WindowsServerTargetPlatform
[2020.07.13-12.20.44:974][  0]LogTemp: Display: Loaded TP WindowsTargetPlatform
[2020.07.13-12.20.45:948][  0]LogTemp: Display: Loaded TP Android_ASTCTargetPlatform
[2020.07.13-12.20.46:226][  0]LogTemp: Display: Loaded TP Android_ATCTargetPlatform
[2020.07.13-12.20.47:475][  0]LogTemp: Display: Loaded TP Android_DXTTargetPlatform
[2020.07.13-12.20.48:170][  0]LogTemp: Display: Loaded TP Android_ETC1TargetPlatform
[2020.07.13-12.20.49:296][  0]LogTemp: Display: Loaded TP Android_ETC2TargetPlatform
[2020.07.13-12.20.51:335][  0]LogTemp: Display: Loaded TP Android_MultiTargetPlatform
[2020.07.13-12.20.51:335][  0]LogTemp: Display: Loaded TP Android_PVRTCTargetPlatform
[2020.07.13-12.20.53:629][  0]LogTemp: Display: Loaded TP AndroidTargetPlatform
[2020.07.13-12.20.54:715][  0]LogTemp: Display: Loaded TP HTML5TargetPlatform
[2020.07.13-12.20.58:421][  0]LogTemp: Display: Loaded TP IOSTargetPlatform
[2020.07.13-12.20.59:015][  0]LogTemp: Display: Loaded TP TVOSTargetPlatform
[2020.07.13-12.21.00:251][  0]LogTemp: Display: Loaded TP LinuxClientTargetPlatform
[2020.07.13-12.21.00:745][  0]LogTemp: Display: Loaded TP LinuxNoEditorTargetPlatform
[2020.07.13-12.21.01:644][  0]LogTemp: Display: Loaded TP LinuxServerTargetPlatform
[2020.07.13-12.21.02:319][  0]LogTemp: Display: Loaded TP LinuxTargetPlatform
[2020.07.13-12.21.02:319][  0]LogTargetPlatformManager: Display: Building Assets For Windows
[2020.07.13-12.21.08:445][  0]LogDerivedDataCache: Display: Max Cache Size: 512 MB
[2020.07.13-12.21.29:544][  0]LogDerivedDataCache: Loaded boot cache 21.08s 75MB C:/Users/farha/AppData/Local/UnrealEngine/4.18/DerivedDataCache/Boot.ddc.
[2020.07.13-12.21.29:637][  0]LogDerivedDataCache: Display: Loaded Boot cache: C:/Users/farha/AppData/Local/UnrealEngine/4.18/DerivedDataCache/Boot.ddc
[2020.07.13-12.21.29:637][  0]LogDerivedDataCache: FDerivedDataBackendGraph:  Pak pak cache file ../../../../../GITHUB/UE4-Loco-multiplayer-Game/UE4_Loco_Multiplayer/DerivedDataCache/DDC.ddp not found, will not use a pak cache.
[2020.07.13-12.21.29:637][  0]LogDerivedDataCache: Unable to find inner node Pak for hierarchical cache Hierarchy.
[2020.07.13-12.21.29:637][  0]LogDerivedDataCache: FDerivedDataBackendGraph:  CompressedPak pak cache file ../../../../../GITHUB/UE4-Loco-multiplayer-Game/UE4_Loco_Multiplayer/DerivedDataCache/Compressed.ddp not found, will not use a pak cache.
[2020.07.13-12.21.29:637][  0]LogDerivedDataCache: Unable to find inner node CompressedPak for hierarchical cache Hierarchy.
[2020.07.13-12.21.31:015][  0]LogDerivedDataCache: Display: Pak cache opened for reading ../../../Engine/DerivedDataCache/Compressed.ddp.
[2020.07.13-12.21.33:128][  0]LogDerivedDataCache: Using Local data cache path C:/Users/farha/AppData/Local/UnrealEngine/Common/DerivedDataCache: Writable
[2020.07.13-12.21.38:164][  0]LogMaterial: Verifying Global Shaders for PCD3D_SM4
[2020.07.13-12.21.40:427][  0]LogSlate: Using Freetype 2.6.0
[2020.07.13-12.21.40:819][  0]LogSlate: SlateFontCache - WITH_FREETYPE: 1, WITH_HARFBUZZ: 1
[2020.07.13-12.21.41:008][  0]LogSlate: SlateFontCache - WITH_FREETYPE: 1, WITH_HARFBUZZ: 1
[2020.07.13-12.22.29:579][  0]LogInit: Selected Device Profile: [Windows]
[2020.07.13-12.22.48:425][  0]LogSimplygon: Simplygon DLL not present - disabling.
[2020.07.13-12.22.48:773][  0]LogMeshReduction: Using SimplygonSwarm for distributed automatic mesh merging
[2020.07.13-12.22.48:897][  0]LogMeshReduction: Using QuadricMeshReduction for automatic static mesh reduction
[2020.07.13-12.22.48:905][  0]LogMeshReduction: No automatic skeletal mesh reduction module available
[2020.07.13-12.22.48:905][  0]LogMeshReduction: No automatic mesh merging module available
[2020.07.13-12.22.48:905][  0]LogMeshMerging: No automatic mesh merging module available
[2020.07.13-12.22.51:398][  0]LogNetVersion: UE4_Loco_Multiplayer , NetCL: 3709383, EngineNetVer: 2, GameNetVer: 0 (Checksum: 1342504481)
[2020.07.13-12.23.02:112][  0]LogAssetRegistry: FAssetRegistry took 0.1338 seconds to start up
[2020.07.13-12.23.25:007][  0]LogPackageLocalizationCache: Processed 7 localized package path(s) for 2 prioritized culture(s) in 1.510475 seconds
[2020.07.13-12.23.25:112][  0]LogUObjectArray: 35870 objects as part of root set at end of initial load.
[2020.07.13-12.23.25:112][  0]LogUObjectAllocator: 7363704 out of 0 bytes used by permanent object pool.
[2020.07.13-12.23.25:112][  0]LogUObjectArray: CloseDisregardForGC: 0/0 objects in disregard for GC pool
[2020.07.13-12.23.25:346][  0]LogInit: WinSock: version 1.1 (2.2), MaxSocks=32767, MaxUdp=65467
[2020.07.13-12.24.52:308][  0]LogTcpMessaging: Initializing TcpMessaging bridge
[2020.07.13-12.24.52:419][  0]LogUdpMessaging: Initializing bridge on interface 0.0.0.0:0 to multicast group 230.0.0.1:6666.
[2020.07.13-12.24.58:028][  0]LogMaterial: Uniform references updated for custom material expression Custom.
[2020.07.13-12.25.02:113][  0]SourceControl: Source control is disabled
[2020.07.13-12.25.02:119][  0]SourceControl: Source control is disabled
[2020.07.13-12.25.02:637][  0]SourceControl: Source control is disabled
[2020.07.13-12.25.02:837][  0]SourceControl: Source control is disabled
[2020.07.13-12.25.07:201][  0]LogAndroidPermission: UAndroidPermissionCallbackProxy::GetInstance
[2020.07.13-12.25.07:784][  0]LogOcInput: OculusInput pre-init called
[2020.07.13-12.25.09:455][  0]LogEngine: Initializing Engine...
[2020.07.13-12.25.09:626][  0]LogHMD: Failed to initialize OpenVR with code 110
[2020.07.13-12.25.13:805][  0]LogStats: UGameplayTagsManager::ConstructGameplayTagTree: Construct from data asset -  0.000 s
[2020.07.13-12.25.13:807][  0]LogStats: UGameplayTagsManager::ConstructGameplayTagTree: GameplayTagTreeChangedEvent.Broadcast -  0.000 s
[2020.07.13-12.25.14:838][  0]LogAIModule: Creating AISystem for world Untitled
[2020.07.13-12.25.15:354][  0]LogInit: XAudio2 using 'Speakers (2- High Definition Audio Device)' : 2 channels at 48 kHz using 16 bits per sample (channel mask 0x3)
[2020.07.13-12.25.15:781][  0]LogInit: FAudioDevice initialized.
[2020.07.13-12.25.17:627][  0]LogDerivedDataCache: Saved boot cache 1.79s 75MB C:/Users/farha/AppData/Local/UnrealEngine/4.18/DerivedDataCache/Boot.ddc.
[2020.07.13-12.25.18:017][  0]LogInit: Texture streaming: Enabled
[2020.07.13-12.25.18:553][  0]LogEngineSessionManager: EngineSessionManager initialized
[2020.07.13-12.25.20:144][  0]LogInit: Transaction tracking system initialized
[2020.07.13-12.25.21:302][  0]BlueprintLog: New page: Editor Load
[2020.07.13-12.25.25:226][  0]LocalizationService: Localization service is disabled
[2020.07.13-12.25.31:595][  0]LogConsoleResponse: Display: 
[2020.07.13-12.25.36:112][  0]LogCook: Display: Max memory allowance for cook 16384mb min free memory 0mb
[2020.07.13-12.25.36:135][  0]LogCook: Display: Mobile HDR setting 1
[2020.07.13-12.25.36:233][  0]LogFileCache: Scanning file cache for directory 'E:/GameDev/Unreal/GITHUB/UE4-Loco-multiplayer-Game/UE4_Loco_Multiplayer/Content/' took 0.20s
[2020.07.13-12.25.36:239][  0]LogGameplayTags: Display: UGameplayTagsManager::DoneAddingNativeTags. DelegateIsBound: 0
[2020.07.13-12.25.40:685][  0]SourceControl: Source control is disabled
[2020.07.13-12.25.40:743][  0]Cmd: MAP LOAD FILE="../../../../../GITHUB/UE4-Loco-multiplayer-Game/UE4_Loco_Multiplayer/Content/ThirdPersonBP/Maps/ThirdPersonExampleMap.umap" TEMPLATE=0 SHOWPROGRESS=1 FEATURELEVEL=2
[2020.07.13-12.25.40:750][  0]LogEditorServer: Warning: Can't find file '../../../../../GITHUB/UE4-Loco-multiplayer-Game/UE4_Loco_Multiplayer/Content/ThirdPersonBP/Maps/ThirdPersonExampleMap.umap'
[2020.07.13-12.25.40:777][  0]Cmd: MAP CHECKDEP NOCLEARLOG
[2020.07.13-12.25.40:928][  0]MapCheck: Map check complete: 0 Error(s), 0 Warning(s), took 150.48ms to complete.
[2020.07.13-12.25.40:928][  0]LogFileHelpers: Loading map 'ThirdPersonExampleMap' took 0.212
[2020.07.13-12.25.45:905][  0]LogCollectionManager: Loaded 0 collections in 0.001807 seconds
[2020.07.13-12.25.46:297][  0]LogFileCache: Scanning file cache for directory 'E:/GameDev/Unreal/GITHUB/UE4-Loco-multiplayer-Game/UE4_Loco_Multiplayer/Saved/Collections/' took 0.01s
[2020.07.13-12.25.46:297][  0]LogFileCache: Scanning file cache for directory 'E:/GameDev/Unreal/GITHUB/UE4-Loco-multiplayer-Game/UE4_Loco_Multiplayer/Content/Developers/farha/Collections/' took 0.01s
[2020.07.13-12.25.46:297][  0]LogFileCache: Scanning file cache for directory 'E:/GameDev/Unreal/GITHUB/UE4-Loco-multiplayer-Game/UE4_Loco_Multiplayer/Content/Collections/' took 0.01s
[2020.07.13-12.25.46:297][  0]LogCollectionManager: Rebuilt the GUID cache for 0 collections in 0.000000 seconds
[2020.07.13-12.25.46:328][  0]LogContentBrowser: Native class hierarchy populated in 0.0170 seconds. Added 2364 classes and 521 folders.
[2020.07.13-12.25.46:562][  0]LogContentBrowser: Native class hierarchy updated for 'WidgetCarousel' in 0.0004 seconds. Added 0 classes and 0 folders.
[2020.07.13-12.25.51:273][  0]LogContentBrowser: Native class hierarchy updated for 'AddContentDialog' in 0.0003 seconds. Added 0 classes and 0 folders.
[2020.07.13-12.25.51:659][  0]LogSlate: Took 0.061740 seconds to synchronously load lazily loaded font '../../../Engine/Content/Slate/Fonts/Roboto-Regular.ttf' (155K)
[2020.07.13-12.25.51:829][  0]LogSlate: Took 0.016883 seconds to synchronously load lazily loaded font '../../../Engine/Content/Slate/Fonts/Roboto-Bold.ttf' (160K)
[2020.07.13-12.25.52:832][  0]LogRenderer: Reallocating scene render targets to support 1056x656 Format 9 NumSamples 1 (Frame:1).
[2020.07.13-12.25.55:424][  0]LogContentBrowser: Native class hierarchy updated for 'HierarchicalLODOutliner' in 0.0004 seconds. Added 1 classes and 2 folders.
[2020.07.13-12.25.55:424][  0]LogLoad: (Engine Initialization) Total time: 563.83 seconds
[2020.07.13-12.25.55:424][  0]LogLoad: (Engine Initialization) Total Blueprint compile time: 0.00 seconds
[2020.07.13-12.25.55:444][  0]LogExternalProfiler: No external profilers were discovered.  External profiling features will not be available.
[2020.07.13-12.25.56:262][  0]LogContentStreaming: Texture pool size now 800 MB
[2020.07.13-12.25.59:571][  4]LogAssetRegistry: Asset discovery search completed in 177.4828 seconds
[2020.07.13-12.25.59:640][  4]LogCollectionManager: Rebuilt the object cache for 0 collections in 0.000001 seconds (found 0 objects)
[2020.07.13-12.25.59:640][  4]LogCollectionManager: Fixed up redirectors for 0 collections in 0.000093 seconds (updated 0 objects)
[2020.07.13-12.31.09:929][976]LogSlate: Took 0.012570 seconds to synchronously load lazily loaded font '../../../Engine/Content/Editor/Slate/Fonts/FontAwesome.ttf' (139K)
[2020.07.13-12.31.16:896][107]LogSlate: Took 0.016185 seconds to synchronously load lazily loaded font '../../../Engine/Content/Slate/Fonts/Roboto-Light.ttf' (159K)
[2020.07.13-12.31.18:011][107]LogSlate: Took 0.000275 seconds to synchronously load lazily loaded font '../../../Engine/Content/Slate/Fonts/Roboto-Regular.ttf' (155K)
[2020.07.13-12.31.39:179][107]LogAIModule: Creating AISystem for world NewMap
[2020.07.13-12.31.40:631][107]Cmd: MAP LOAD FILE="../../../../../GITHUB/UE4-Loco-multiplayer-Game/UE4_Loco_Multiplayer/Content/Maps/NewMap.umap" TEMPLATE=0 SHOWPROGRESS=1 FEATURELEVEL=2
[2020.07.13-12.31.40:632][107]LightingResults: New page: Lighting Build
[2020.07.13-12.31.40:730][107]LogContentBrowser: Native class hierarchy updated for 'StatsViewer' in 0.0102 seconds. Added 5 classes and 0 folders.
[2020.07.13-12.31.40:740][107]LoadErrors: New page: Loading map: NewMap.umap
[2020.07.13-12.31.40:864][107]MapCheck: New page: Map Check
[2020.07.13-12.31.40:864][107]LightingResults: New page: Lighting Build
[2020.07.13-12.31.41:911][107]LogEditorServer: Finished looking for orphan Actors (0.000 secs)
[2020.07.13-12.31.42:175][107]Cmd: MAP CHECKDEP NOCLEARLOG
[2020.07.13-12.31.42:352][107]MapCheck: Map check complete: 0 Error(s), 0 Warning(s), took 176.92ms to complete.
[2020.07.13-12.31.42:352][107]LogFileHelpers: Loading map 'NewMap' took 1.854
[2020.07.13-12.32.21:547][363]LogTemp: Repeating last play command: Selected Viewport
[2020.07.13-12.32.23:397][363]LogPlayLevel: PlayLevel: No blueprints needed recompiling
[2020.07.13-12.32.23:562][363]PIE: New page: PIE session: NewMap (Jul 14, 2020, 12:32:23 AM)
[2020.07.13-12.32.23:596][363]LogPlayLevel: Creating play world package: /Game/Maps/UEDPIE_0_NewMap
[2020.07.13-12.32.23:691][363]LogPlayLevel: PIE: StaticDuplicateObject took: (0.094416s)
[2020.07.13-12.32.23:693][363]LogAIModule: Creating AISystem for world NewMap
[2020.07.13-12.32.23:703][363]LogPlayLevel: PIE: World Init took: (0.011581s)
[2020.07.13-12.32.23:714][363]LogPlayLevel: PIE: Created PIE world by copying editor world from /Game/Maps/NewMap.NewMap to /Game/Maps/UEDPIE_0_NewMap.NewMap (0.128708s)
[2020.07.13-12.32.23:785][363]LogInit: XAudio2 using 'Speakers (2- High Definition Audio Device)' : 2 channels at 48 kHz using 16 bits per sample (channel mask 0x3)
[2020.07.13-12.32.23:797][363]LogInit: FAudioDevice initialized.
[2020.07.13-12.32.24:134][363]LogLoad: Game class is 'Gameplay_GM_C'
[2020.07.13-12.32.24:334][363]LogWorld: Bringing World /Game/Maps/UEDPIE_0_NewMap.NewMap up for play (max tick rate 60) at 2020.07.13-18.32.24
[2020.07.13-12.32.24:369][363]LogWorld: Bringing up level for play took: 0.036385
[2020.07.13-12.32.24:770][363]LogContentBrowser: Native class hierarchy updated for 'MovieSceneCapture' in 0.0004 seconds. Added 11 classes and 0 folders.
[2020.07.13-12.32.25:447][363]PIE: Play in editor start time for /Game/Maps/UEDPIE_0_NewMap 1.319
[2020.07.13-12.33.41:234][674]LogContentBrowser: Native class hierarchy updated for 'BlueprintGraph' in 0.0010 seconds. Added 116 classes and 0 folders.
[2020.07.13-12.33.58:676][674]LogSlate: Took 0.076605 seconds to synchronously load lazily loaded font '../../../Engine/Content/Editor/Slate/Fonts/Roboto-BoldCondensed.ttf' (158K)
[2020.07.13-12.34.00:976][675]LogSlate: Took 0.023169 seconds to synchronously load lazily loaded font '../../../Engine/Content/Editor/Slate/Fonts/Roboto-Italic.ttf' (157K)
[2020.07.13-12.34.13:900][931]LogSavePackage: Save=2279.23ms
[2020.07.13-12.34.13:903][931]LogSavePackage: Moving '../../../../../GITHUB/UE4-Loco-multiplayer-Game/UE4_Loco_Multiplayer/Saved/Player_CharacterBP1B62729E4F21C0833A93CEA80C47E838.tmp' to '../../../../../GITHUB/UE4-Loco-multiplayer-Game/UE4_Loco_Multiplayer/Content/Blueprints/PlayerBlueprint/Player_CharacterBP.uasset'
[2020.07.13-12.34.14:146][931]LogSavePackage: Display: Finished SavePackage ../../../../../GITHUB/UE4-Loco-multiplayer-Game/UE4_Loco_Multiplayer/Content/Blueprints/PlayerBlueprint/Player_CharacterBP.uasset
[2020.07.13-12.34.47:911][514]BlueprintLog: New page: Compile Player_CharacterBP
[2020.07.13-12.34.55:153][537]LogSavePackage: Save=512.52ms
[2020.07.13-12.34.55:154][537]LogSavePackage: Moving '../../../../../GITHUB/UE4-Loco-multiplayer-Game/UE4_Loco_Multiplayer/Saved/Player_CharacterBP46A18861469FCE73D08EBC8B71763CDC.tmp' to '../../../../../GITHUB/UE4-Loco-multiplayer-Game/UE4_Loco_Multiplayer/Content/Blueprints/PlayerBlueprint/Player_CharacterBP.uasset'
[2020.07.13-12.34.55:157][537]LogSavePackage: Display: Finished SavePackage ../../../../../GITHUB/UE4-Loco-multiplayer-Game/UE4_Loco_Multiplayer/Content/Blueprints/PlayerBlueprint/Player_CharacterBP.uasset
[2020.07.13-12.35.15:926][367]BlueprintLog: New page: Compile Player_CharacterBP
[2020.07.13-12.35.17:985][393]LogSavePackage: Save=373.49ms
[2020.07.13-12.35.17:985][393]LogSavePackage: Moving '../../../../../GITHUB/UE4-Loco-multiplayer-Game/UE4_Loco_Multiplayer/Saved/Player_CharacterBP3B1006994F545CC0876CABA184D1258A.tmp' to '../../../../../GITHUB/UE4-Loco-multiplayer-Game/UE4_Loco_Multiplayer/Content/Blueprints/PlayerBlueprint/Player_CharacterBP.uasset'
[2020.07.13-12.35.17:988][393]LogSavePackage: Display: Finished SavePackage ../../../../../GITHUB/UE4-Loco-multiplayer-Game/UE4_Loco_Multiplayer/Content/Blueprints/PlayerBlueprint/Player_CharacterBP.uasset
[2020.07.13-12.35.19:305][471]LogTemp: Repeating last play command: Selected Viewport
[2020.07.13-12.35.19:918][471]LogPlayLevel: PlayLevel: No blueprints needed recompiling
[2020.07.13-12.35.19:918][471]PIE: New page: PIE session: NewMap (Jul 14, 2020, 12:35:19 AM)
[2020.07.13-12.35.19:918][471]LogPlayLevel: Creating play world package: /Game/Maps/UEDPIE_0_NewMap
[2020.07.13-12.35.19:931][471]LogPlayLevel: PIE: StaticDuplicateObject took: (0.013405s)
[2020.07.13-12.35.19:933][471]LogAIModule: Creating AISystem for world NewMap
[2020.07.13-12.35.19:934][471]LogPlayLevel: PIE: World Init took: (0.002073s)
[2020.07.13-12.35.19:934][471]LogPlayLevel: PIE: Created PIE world by copying editor world from /Game/Maps/NewMap.NewMap to /Game/Maps/UEDPIE_0_NewMap.NewMap (0.016049s)
[2020.07.13-12.35.19:987][471]LogInit: XAudio2 using 'Speakers (2- High Definition Audio Device)' : 2 channels at 48 kHz using 16 bits per sample (channel mask 0x3)
[2020.07.13-12.35.20:137][471]LogInit: FAudioDevice initialized.
[2020.07.13-12.35.20:188][471]LogLoad: Game class is 'Gameplay_GM_C'
[2020.07.13-12.35.20:189][471]LogWorld: Bringing World /Game/Maps/UEDPIE_0_NewMap.NewMap up for play (max tick rate 60) at 2020.07.13-18.35.20
[2020.07.13-12.35.20:189][471]LogWorld: Bringing up level for play took: 0.000937
[2020.07.13-12.35.20:193][471]PIE: Play in editor start time for /Game/Maps/UEDPIE_0_NewMap 0.065
[2020.07.13-12.36.07:498][ 33]Cmd: OBJ SAVEPACKAGE PACKAGE="/Game/Maps/NewMap" FILE="../../../../../GITHUB/UE4-Loco-multiplayer-Game/UE4_Loco_Multiplayer/Content/Maps/NewMap.umap" SILENT=true AUTOSAVING=false KEEPDIRTY=false
[2020.07.13-12.36.08:024][ 33]LogSavePackage: Save=144.74ms
[2020.07.13-12.36.08:024][ 33]LogSavePackage: Moving '../../../../../GITHUB/UE4-Loco-multiplayer-Game/UE4_Loco_Multiplayer/Saved/NewMapEE2E5B0D4C6A3129D68A05BEEEA227D1.tmp' to '../../../../../GITHUB/UE4-Loco-multiplayer-Game/UE4_Loco_Multiplayer/Content/Maps/NewMap.umap'
[2020.07.13-12.36.08:056][ 33]LogSavePackage: Display: Finished SavePackage ../../../../../GITHUB/UE4-Loco-multiplayer-Game/UE4_Loco_Multiplayer/Content/Maps/NewMap.umap
[2020.07.13-12.36.08:176][ 33]Cmd: OBJ SAVEPACKAGE PACKAGE="/Game/Maps/NewMap_BuiltData" FILE="../../../../../GITHUB/UE4-Loco-multiplayer-Game/UE4_Loco_Multiplayer/Content/Maps/NewMap_BuiltData.uasset" SILENT=true
[2020.07.13-12.36.08:497][ 33]LogSavePackage: Save=140.57ms
[2020.07.13-12.36.08:497][ 33]LogSavePackage: Moving '../../../../../GITHUB/UE4-Loco-multiplayer-Game/UE4_Loco_Multiplayer/Saved/NewMap_BuiltData803D592944C32C20216B6CAAAE874B54.tmp' to '../../../../../GITHUB/UE4-Loco-multiplayer-Game/UE4_Loco_Multiplayer/Content/Maps/NewMap_BuiltData.uasset'
[2020.07.13-12.36.08:518][ 33]LogSavePackage: Display: Finished SavePackage ../../../../../GITHUB/UE4-Loco-multiplayer-Game/UE4_Loco_Multiplayer/Content/Maps/NewMap_BuiltData.uasset
[2020.07.13-12.38.06:788][  4]BlueprintLog: New page: Compile Player_CharacterBP
[2020.07.13-12.38.08:912][ 26]LogSavePackage: Save=519.22ms
[2020.07.13-12.38.08:914][ 26]LogSavePackage: Moving '../../../../../GITHUB/UE4-Loco-multiplayer-Game/UE4_Loco_Multiplayer/Saved/Player_CharacterBPD54EC5DD4F6C74EFD85BB5A8F537A8CD.tmp' to '../../../../../GITHUB/UE4-Loco-multiplayer-Game/UE4_Loco_Multiplayer/Content/Blueprints/PlayerBlueprint/Player_CharacterBP.uasset'
[2020.07.13-12.38.08:917][ 26]LogSavePackage: Display: Finished SavePackage ../../../../../GITHUB/UE4-Loco-multiplayer-Game/UE4_Loco_Multiplayer/Content/Blueprints/PlayerBlueprint/Player_CharacterBP.uasset
[2020.07.13-12.38.10:152][ 98]LogTemp: Repeating last play command: Selected Viewport
[2020.07.13-12.38.10:187][ 98]LogPlayLevel: PlayLevel: No blueprints needed recompiling
[2020.07.13-12.38.10:187][ 98]PIE: New page: PIE session: NewMap (Jul 14, 2020, 12:38:10 AM)
[2020.07.13-12.38.10:187][ 98]LogPlayLevel: Creating play world package: /Game/Maps/UEDPIE_0_NewMap
[2020.07.13-12.38.10:201][ 98]LogPlayLevel: PIE: StaticDuplicateObject took: (0.013814s)
[2020.07.13-12.38.10:202][ 98]LogAIModule: Creating AISystem for world NewMap
[2020.07.13-12.38.10:202][ 98]LogPlayLevel: PIE: World Init took: (0.001507s)
[2020.07.13-12.38.10:203][ 98]LogPlayLevel: PIE: Created PIE world by copying editor world from /Game/Maps/NewMap.NewMap to /Game/Maps/UEDPIE_0_NewMap.NewMap (0.015859s)
[2020.07.13-12.38.10:237][ 98]LogInit: XAudio2 using 'Speakers (2- High Definition Audio Device)' : 2 channels at 48 kHz using 16 bits per sample (channel mask 0x3)
[2020.07.13-12.38.10:246][ 98]LogInit: FAudioDevice initialized.
[2020.07.13-12.38.10:283][ 98]LogLoad: Game class is 'Gameplay_GM_C'
[2020.07.13-12.38.10:284][ 98]LogWorld: Bringing World /Game/Maps/UEDPIE_0_NewMap.NewMap up for play (max tick rate 60) at 2020.07.13-18.38.10
[2020.07.13-12.38.10:284][ 98]LogWorld: Bringing up level for play took: 0.001037
[2020.07.13-12.38.10:288][ 98]PIE: Play in editor start time for /Game/Maps/UEDPIE_0_NewMap 0.16
[2020.07.13-12.38.52:509][307]LogContentBrowser: Native class hierarchy updated for 'SkeletonEditor' in 0.0066 seconds. Added 1 classes and 2 folders.
[2020.07.13-12.38.55:040][307]LogActorComponent: RegisterComponentWithWorld: (/Engine/Transient.World_9:PersistentLevel.Actor_0.DebugSkelMeshComponent_0) Already registered. Aborting.
[2020.07.13-12.38.56:832][307]LogSkeletalMesh: USkeletalMeshComponent::InitArticulated : Bodies already created (/Engine/Transient.World_9:PersistentLevel.Actor_0.DebugSkelMeshComponent_0) - call TermArticulated first.
[2020.07.13-12.39.07:015][309]LogContentBrowser: Verbose: The majority of assets in the view are of type: AnimSequence
[2020.07.13-12.40.44:046][444]BlueprintLog: New page: Compile Player_AnimBP
[2020.07.13-12.40.45:650][468]LogSavePackage: Save=375.18ms
[2020.07.13-12.40.45:650][468]LogSavePackage: Moving '../../../../../GITHUB/UE4-Loco-multiplayer-Game/UE4_Loco_Multiplayer/Saved/Player_AnimBP828834864DBF72126060E9B7ADA36054.tmp' to '../../../../../GITHUB/UE4-Loco-multiplayer-Game/UE4_Loco_Multiplayer/Content/Blueprints/PlayerBlueprint/Player_AnimBP.uasset'
[2020.07.13-12.40.45:698][468]LogSavePackage: Display: Finished SavePackage ../../../../../GITHUB/UE4-Loco-multiplayer-Game/UE4_Loco_Multiplayer/Content/Blueprints/PlayerBlueprint/Player_AnimBP.uasset
[2020.07.13-12.40.52:045][813]LogSavePackage: Save=286.67ms
[2020.07.13-12.40.52:045][813]LogSavePackage: Moving '../../../../../GITHUB/UE4-Loco-multiplayer-Game/UE4_Loco_Multiplayer/Saved/Player_AnimBPEF8C0FB546452B04002AF2A1C9A29D87.tmp' to '../../../../../GITHUB/UE4-Loco-multiplayer-Game/UE4_Loco_Multiplayer/Content/Blueprints/PlayerBlueprint/Player_AnimBP.uasset'
[2020.07.13-12.40.52:046][813]LogSavePackage: Display: Finished SavePackage ../../../../../GITHUB/UE4-Loco-multiplayer-Game/UE4_Loco_Multiplayer/Content/Blueprints/PlayerBlueprint/Player_AnimBP.uasset
[2020.07.13-12.40.56:121][  7]LogTemp: Repeating last play command: Selected Viewport
[2020.07.13-12.40.56:157][  7]LogPlayLevel: PlayLevel: No blueprints needed recompiling
[2020.07.13-12.40.56:158][  7]PIE: New page: PIE session: NewMap (Jul 14, 2020, 12:40:56 AM)
[2020.07.13-12.40.56:158][  7]LogPlayLevel: Creating play world package: /Game/Maps/UEDPIE_0_NewMap
[2020.07.13-12.40.56:172][  7]LogPlayLevel: PIE: StaticDuplicateObject took: (0.013859s)
[2020.07.13-12.40.56:173][  7]LogAIModule: Creating AISystem for world NewMap
[2020.07.13-12.40.56:173][  7]LogPlayLevel: PIE: World Init took: (0.001421s)
[2020.07.13-12.40.56:174][  7]LogPlayLevel: PIE: Created PIE world by copying editor world from /Game/Maps/NewMap.NewMap to /Game/Maps/UEDPIE_0_NewMap.NewMap (0.015805s)
[2020.07.13-12.40.56:209][  7]LogInit: XAudio2 using 'Speakers (2- High Definition Audio Device)' : 2 channels at 48 kHz using 16 bits per sample (channel mask 0x3)
[2020.07.13-12.40.56:217][  7]LogInit: FAudioDevice initialized.
[2020.07.13-12.40.56:257][  7]LogLoad: Game class is 'Gameplay_GM_C'
[2020.07.13-12.40.56:258][  7]LogWorld: Bringing World /Game/Maps/UEDPIE_0_NewMap.NewMap up for play (max tick rate 60) at 2020.07.13-18.40.56
[2020.07.13-12.40.56:259][  7]LogWorld: Bringing up level for play took: 0.000976
[2020.07.13-12.40.56:262][  7]PIE: Play in editor start time for /Game/Maps/UEDPIE_0_NewMap 0.134
[2020.07.13-12.41.24:942][179]BlueprintLog: New page: Compile Player_AnimBP
[2020.07.13-12.41.26:111][205]LogSavePackage: Save=288.84ms
[2020.07.13-12.41.26:111][205]LogSavePackage: Moving '../../../../../GITHUB/UE4-Loco-multiplayer-Game/UE4_Loco_Multiplayer/Saved/Player_AnimBPEC8389194B19AF828F04B88E46389CDB.tmp' to '../../../../../GITHUB/UE4-Loco-multiplayer-Game/UE4_Loco_Multiplayer/Content/Blueprints/PlayerBlueprint/Player_AnimBP.uasset'
[2020.07.13-12.41.26:114][205]LogSavePackage: Display: Finished SavePackage ../../../../../GITHUB/UE4-Loco-multiplayer-Game/UE4_Loco_Multiplayer/Content/Blueprints/PlayerBlueprint/Player_AnimBP.uasset
[2020.07.13-12.41.27:355][278]LogTemp: Repeating last play command: Selected Viewport
[2020.07.13-12.41.27:389][278]LogPlayLevel: PlayLevel: No blueprints needed recompiling
[2020.07.13-12.41.27:389][278]PIE: New page: PIE session: NewMap (Jul 14, 2020, 12:41:27 AM)
[2020.07.13-12.41.27:389][278]LogPlayLevel: Creating play world package: /Game/Maps/UEDPIE_0_NewMap
[2020.07.13-12.41.27:403][278]LogPlayLevel: PIE: StaticDuplicateObject took: (0.013917s)
[2020.07.13-12.41.27:404][278]LogAIModule: Creating AISystem for world NewMap
[2020.07.13-12.41.27:405][278]LogPlayLevel: PIE: World Init took: (0.001620s)
[2020.07.13-12.41.27:405][278]LogPlayLevel: PIE: Created PIE world by copying editor world from /Game/Maps/NewMap.NewMap to /Game/Maps/UEDPIE_0_NewMap.NewMap (0.016061s)
[2020.07.13-12.41.27:441][278]LogInit: XAudio2 using 'Speakers (2- High Definition Audio Device)' : 2 channels at 48 kHz using 16 bits per sample (channel mask 0x3)
[2020.07.13-12.41.27:449][278]LogInit: FAudioDevice initialized.
[2020.07.13-12.41.27:483][278]LogLoad: Game class is 'Gameplay_GM_C'
[2020.07.13-12.41.27:484][278]LogWorld: Bringing World /Game/Maps/UEDPIE_0_NewMap.NewMap up for play (max tick rate 60) at 2020.07.13-18.41.27
[2020.07.13-12.41.27:485][278]LogWorld: Bringing up level for play took: 0.000945
[2020.07.13-12.41.27:488][278]PIE: Play in editor start time for /Game/Maps/UEDPIE_0_NewMap -0.641
[2020.07.13-12.42.31:153][951]BlueprintLog: New page: Compile Player_CharacterBP
[2020.07.13-12.42.33:360][969]LogSavePackage: Save=328.25ms
[2020.07.13-12.42.33:360][969]LogSavePackage: Moving '../../../../../GITHUB/UE4-Loco-multiplayer-Game/UE4_Loco_Multiplayer/Saved/Player_CharacterBP0603DB264169A3A930125C955358F939.tmp' to '../../../../../GITHUB/UE4-Loco-multiplayer-Game/UE4_Loco_Multiplayer/Content/Blueprints/PlayerBlueprint/Player_CharacterBP.uasset'
[2020.07.13-12.42.33:363][969]LogSavePackage: Display: Finished SavePackage ../../../../../GITHUB/UE4-Loco-multiplayer-Game/UE4_Loco_Multiplayer/Content/Blueprints/PlayerBlueprint/Player_CharacterBP.uasset
[2020.07.13-12.42.47:092][701]BlueprintLog: New page: Compile Player_CharacterBP
[2020.07.13-12.42.49:778][717]LogSavePackage: Save=865.59ms
[2020.07.13-12.42.49:780][717]LogSavePackage: Moving '../../../../../GITHUB/UE4-Loco-multiplayer-Game/UE4_Loco_Multiplayer/Saved/Player_CharacterBP16F2955C4B885BADF914DBB47C338E8E.tmp' to '../../../../../GITHUB/UE4-Loco-multiplayer-Game/UE4_Loco_Multiplayer/Content/Blueprints/PlayerBlueprint/Player_CharacterBP.uasset'
[2020.07.13-12.42.49:783][717]LogSavePackage: Display: Finished SavePackage ../../../../../GITHUB/UE4-Loco-multiplayer-Game/UE4_Loco_Multiplayer/Content/Blueprints/PlayerBlueprint/Player_CharacterBP.uasset
[2020.07.13-12.45.01:167][371]BlueprintLog: New page: Compile GunBase_BP
[2020.07.13-12.45.09:817][383]LogSavePackage: Save=928.77ms
[2020.07.13-12.45.09:818][383]LogSavePackage: Moving '../../../../../GITHUB/UE4-Loco-multiplayer-Game/UE4_Loco_Multiplayer/Saved/GunBase_BP900205304024CCDFE718A381E215D44E.tmp' to '../../../../../GITHUB/UE4-Loco-multiplayer-Game/UE4_Loco_Multiplayer/Content/Blueprints/WeaponBlueprint/Gun/GunBase_BP.uasset'
[2020.07.13-12.45.09:840][383]LogSavePackage: Display: Finished SavePackage ../../../../../GITHUB/UE4-Loco-multiplayer-Game/UE4_Loco_Multiplayer/Content/Blueprints/WeaponBlueprint/Gun/GunBase_BP.uasset
[2020.07.13-12.45.15:858][681]LogTemp: Repeating last play command: Selected Viewport
[2020.07.13-12.45.16:352][681]LogPlayLevel: PlayLevel: No blueprints needed recompiling
[2020.07.13-12.45.16:352][681]PIE: New page: PIE session: NewMap (Jul 14, 2020, 12:45:16 AM)
[2020.07.13-12.45.16:353][681]LogPlayLevel: Creating play world package: /Game/Maps/UEDPIE_0_NewMap
[2020.07.13-12.45.16:368][681]LogPlayLevel: PIE: StaticDuplicateObject took: (0.015349s)
[2020.07.13-12.45.16:387][681]LogAIModule: Creating AISystem for world NewMap
[2020.07.13-12.45.16:388][681]LogPlayLevel: PIE: World Init took: (0.019310s)
[2020.07.13-12.45.16:388][681]LogPlayLevel: PIE: Created PIE world by copying editor world from /Game/Maps/NewMap.NewMap to /Game/Maps/UEDPIE_0_NewMap.NewMap (0.035227s)
[2020.07.13-12.45.16:487][681]LogInit: XAudio2 using 'Speakers (2- High Definition Audio Device)' : 2 channels at 48 kHz using 16 bits per sample (channel mask 0x3)
[2020.07.13-12.45.16:495][681]LogInit: FAudioDevice initialized.
[2020.07.13-12.45.16:533][681]LogLoad: Game class is 'Gameplay_GM_C'
[2020.07.13-12.45.16:534][681]LogWorld: Bringing World /Game/Maps/UEDPIE_0_NewMap.NewMap up for play (max tick rate 60) at 2020.07.13-18.45.16
[2020.07.13-12.45.16:534][681]LogWorld: Bringing up level for play took: 0.000964
[2020.07.13-12.45.16:538][681]PIE: Play in editor start time for /Game/Maps/UEDPIE_0_NewMap 0.41
[2020.07.13-12.45.54:523][946]LogSavePackage: Save=440.68ms
[2020.07.13-12.45.54:524][946]LogSavePackage: Moving '../../../../../GITHUB/UE4-Loco-multiplayer-Game/UE4_Loco_Multiplayer/Saved/Player_CharacterBPD91A829A4AE973B677BFDDABA16335D4.tmp' to '../../../../../GITHUB/UE4-Loco-multiplayer-Game/UE4_Loco_Multiplayer/Content/Blueprints/PlayerBlueprint/Player_CharacterBP.uasset'
[2020.07.13-12.45.54:526][946]LogSavePackage: Display: Finished SavePackage ../../../../../GITHUB/UE4-Loco-multiplayer-Game/UE4_Loco_Multiplayer/Content/Blueprints/PlayerBlueprint/Player_CharacterBP.uasset
[2020.07.13-12.46.12:071][833]LogTemp: Repeating last play command: Selected Viewport
[2020.07.13-12.46.12:105][833]LogPlayLevel: PlayLevel: No blueprints needed recompiling
[2020.07.13-12.46.12:105][833]PIE: New page: PIE session: NewMap (Jul 14, 2020, 12:46:12 AM)
[2020.07.13-12.46.12:105][833]LogPlayLevel: Creating play world package: /Game/Maps/UEDPIE_0_NewMap
[2020.07.13-12.46.12:120][833]LogPlayLevel: PIE: StaticDuplicateObject took: (0.014869s)
[2020.07.13-12.46.12:121][833]LogAIModule: Creating AISystem for world NewMap
[2020.07.13-12.46.12:122][833]LogPlayLevel: PIE: World Init took: (0.001529s)
[2020.07.13-12.46.12:122][833]LogPlayLevel: PIE: Created PIE world by copying editor world from /Game/Maps/NewMap.NewMap to /Game/Maps/UEDPIE_0_NewMap.NewMap (0.016842s)
[2020.07.13-12.46.12:164][833]LogInit: XAudio2 using 'Speakers (2- High Definition Audio Device)' : 2 channels at 48 kHz using 16 bits per sample (channel mask 0x3)
[2020.07.13-12.46.12:191][833]LogInit: FAudioDevice initialized.
[2020.07.13-12.46.12:229][833]LogLoad: Game class is 'Gameplay_GM_C'
[2020.07.13-12.46.12:230][833]LogWorld: Bringing World /Game/Maps/UEDPIE_0_NewMap.NewMap up for play (max tick rate 60) at 2020.07.13-18.46.12
[2020.07.13-12.46.12:231][833]LogWorld: Bringing up level for play took: 0.001000
[2020.07.13-12.46.12:234][833]PIE: Play in editor start time for /Game/Maps/UEDPIE_0_NewMap 0.106
[2020.07.13-12.47.07:638][733]Cmd: OBJ SAVEPACKAGE PACKAGE="/Game/Maps/NewMap" FILE="../../../../../GITHUB/UE4-Loco-multiplayer-Game/UE4_Loco_Multiplayer/Content/Maps/NewMap.umap" SILENT=true AUTOSAVING=false KEEPDIRTY=false
[2020.07.13-12.47.08:125][733]LogSavePackage: Save=76.78ms
[2020.07.13-12.47.08:125][733]LogSavePackage: Moving '../../../../../GITHUB/UE4-Loco-multiplayer-Game/UE4_Loco_Multiplayer/Saved/NewMapF02EBA16474B35F1BA7EFB9C931247CC.tmp' to '../../../../../GITHUB/UE4-Loco-multiplayer-Game/UE4_Loco_Multiplayer/Content/Maps/NewMap.umap'
[2020.07.13-12.47.08:127][733]LogSavePackage: Display: Finished SavePackage ../../../../../GITHUB/UE4-Loco-multiplayer-Game/UE4_Loco_Multiplayer/Content/Maps/NewMap.umap
[2020.07.13-12.47.08:241][733]Cmd: OBJ SAVEPACKAGE PACKAGE="/Game/Maps/NewMap_BuiltData" FILE="../../../../../GITHUB/UE4-Loco-multiplayer-Game/UE4_Loco_Multiplayer/Content/Maps/NewMap_BuiltData.uasset" SILENT=true
[2020.07.13-12.47.08:518][733]LogSavePackage: Save=97.13ms
[2020.07.13-12.47.08:518][733]LogSavePackage: Moving '../../../../../GITHUB/UE4-Loco-multiplayer-Game/UE4_Loco_Multiplayer/Saved/NewMap_BuiltData78C978544950AA3C941C639717C03C21.tmp' to '../../../../../GITHUB/UE4-Loco-multiplayer-Game/UE4_Loco_Multiplayer/Content/Maps/NewMap_BuiltData.uasset'
[2020.07.13-12.47.08:519][733]LogSavePackage: Display: Finished SavePackage ../../../../../GITHUB/UE4-Loco-multiplayer-Game/UE4_Loco_Multiplayer/Content/Maps/NewMap_BuiltData.uasset
[2020.07.13-12.47.38:893][356]LogActorComponent: UnregisterComponent: (/Engine/Transient.EditorFloorComp) Not registered. Aborting.
[2020.07.13-12.47.42:805][499]Cmd: CLOSE_SLATE_MAINFRAME
[2020.07.13-12.47.43:940][499]LogWindowsTextInputMethodSystem: Display: IME system now deactivated.
[2020.07.13-12.47.47:994][500]Cmd: QUIT_EDITOR
[2020.07.13-12.47.53:215][500]LogExit: Preparing to exit.
[2020.07.13-12.48.05:896][500]LogDirectoryWatcher: A directory notification for 'E:/GameDev/Unreal/GITHUB/UE4-Loco-multiplayer-Game/UE4_Loco_Multiplayer/Content/' was aborted.
[2020.07.13-12.48.24:950][500]LogExit: Editor shut down
[2020.07.13-12.48.27:631][500]LogExit: Transaction tracking system shut down
[2020.07.13-12.48.35:305][500]LogDirectoryWatcher: A directory notification for '../../../Engine/Content/' was aborted.
[2020.07.13-12.48.35:305][500]LogDirectoryWatcher: A directory notification for '../../../../../GITHUB/UE4-Loco-multiplayer-Game/UE4_Loco_Multiplayer/Content/' was aborted.
[2020.07.13-12.48.35:319][500]LogDirectoryWatcher: A directory notification for '../../../Engine/Plugins/2D/Paper2D/Content/' was aborted.
[2020.07.13-12.48.35:332][500]LogDirectoryWatcher: A directory notification for '../../../Engine/Plugins/Media/MediaCompositing/Content/' was aborted.
[2020.07.13-12.48.35:373][500]LogDirectoryWatcher: A directory notification for '../../../Engine/Plugins/Runtime/AppleARKit/Content/' was aborted.
[2020.07.13-12.48.35:391][500]LogDirectoryWatcher: A directory notification for '../../../Engine/Plugins/Runtime/Oculus/OculusVR/Content/' was aborted.
[2020.07.13-12.48.35:409][500]LogDirectoryWatcher: A directory notification for '../../../Engine/Plugins/Runtime/Steam/SteamVR/Content/' was aborted.
[2020.07.13-12.48.45:824][500]LogExit: Object subsystem successfully closed.
[2020.07.13-12.48.47:308][500]LogD3D11RHI: Shutdown
[2020.07.13-12.48.47:309][500]LogD3D11RHI: CleanupD3DDevice
[2020.07.13-12.48.49:207][500]LogD3D11RHI: ~FD3D11DynamicRHI
[2020.07.13-12.48.52:237][500]LogModuleManager: Shutting down and abandoning module SkeletonEditor (556)
[2020.07.13-12.48.52:237][500]LogModuleManager: Shutting down and abandoning module AnimationBlueprintEditor (554)
[2020.07.13-12.48.52:237][500]LogModuleManager: Shutting down and abandoning module BlueprintGraph (552)
[2020.07.13-12.48.52:237][500]LogModuleManager: Shutting down and abandoning module MovieSceneCapture (550)
[2020.07.13-12.48.52:237][500]LogModuleManager: Shutting down and abandoning module StatsViewer (548)
[2020.07.13-12.48.52:265][500]LogModuleManager: Shutting down and abandoning module HierarchicalLODOutliner (546)
[2020.07.13-12.48.52:265][500]LogModuleManager: Shutting down and abandoning module AddContentDialog (544)
[2020.07.13-12.48.52:337][500]LogDirectoryWatcher: A directory notification for 'E:/GameDev/Unreal/Engine/UE_4.18/FeaturePacks/' was aborted.
[2020.07.13-12.48.52:662][500]LogModuleManager: Shutting down and abandoning module WidgetCarousel (543)
[2020.07.13-12.48.52:662][500]LogModuleManager: Shutting down and abandoning module EditorWidgets (540)
[2020.07.13-12.48.52:662][500]LogModuleManager: Shutting down and abandoning module CollectionManager (538)
[2020.07.13-12.48.52:685][500]LogDirectoryWatcher: A directory notification for 'E:/GameDev/Unreal/GITHUB/UE4-Loco-multiplayer-Game/UE4_Loco_Multiplayer/Content/Collections/' was aborted.
[2020.07.13-12.48.52:698][500]LogDirectoryWatcher: A directory notification for 'E:/GameDev/Unreal/GITHUB/UE4-Loco-multiplayer-Game/UE4_Loco_Multiplayer/Content/Developers/farha/Collections/' was aborted.
[2020.07.13-12.48.52:698][500]LogDirectoryWatcher: A directory notification for 'E:/GameDev/Unreal/GITHUB/UE4-Loco-multiplayer-Game/UE4_Loco_Multiplayer/Saved/Collections/' was aborted.
[2020.07.13-12.48.52:699][500]LogModuleManager: Shutting down and abandoning module SceneOutliner (536)
[2020.07.13-12.48.52:712][500]LogModuleManager: Shutting down and abandoning module FoliageEdit (534)
[2020.07.13-12.48.52:712][500]LogModuleManager: Shutting down and abandoning module LandscapeEditor (532)
[2020.07.13-12.48.52:771][500]LogModuleManager: Shutting down and abandoning module MeshPaintMode (530)
[2020.07.13-12.48.52:782][500]LogModuleManager: Shutting down and abandoning module SceneDepthPickerMode (528)
[2020.07.13-12.48.52:782][500]LogModuleManager: Shutting down and abandoning module ActorPickerMode (526)
[2020.07.13-12.48.52:782][500]LogModuleManager: Shutting down and abandoning module GeometryMode (524)
[2020.07.13-12.48.52:789][500]LogModuleManager: Shutting down and abandoning module TextureAlignMode (522)
[2020.07.13-12.48.52:789][500]LogModuleManager: Shutting down and abandoning module BspMode (520)
[2020.07.13-12.48.52:806][500]LogModuleManager: Shutting down and abandoning module PIEPreviewDeviceProfileSelector (518)
[2020.07.13-12.48.52:811][500]LogModuleManager: Shutting down and abandoning module HardwareSurvey (516)
[2020.07.13-12.48.52:838][500]LogModuleManager: Shutting down and abandoning module SequenceRecorderSections (514)
[2020.07.13-12.48.52:838][500]LogModuleManager: Shutting down and abandoning module AutomationWorker (512)
[2020.07.13-12.48.52:864][500]LogModuleManager: Shutting down and abandoning module MatineeToLevelSequence (510)
[2020.07.13-12.48.52:887][500]LogModuleManager: Shutting down and abandoning module LevelSequenceEditor (508)
[2020.07.13-12.48.53:001][500]LogModuleManager: Shutting down and abandoning module PlacementMode (507)
[2020.07.13-12.48.53:001][500]LogModuleManager: Shutting down and abandoning module WmfMediaFactory (504)
[2020.07.13-12.48.53:001][500]LogModuleManager: Shutting down and abandoning module WmfMediaEditor (502)
[2020.07.13-12.48.53:001][500]LogModuleManager: Shutting down and abandoning module OpenExrWrapper (500)
[2020.07.13-12.48.53:001][500]LogModuleManager: Shutting down and abandoning module ImgMediaFactory (498)
[2020.07.13-12.48.53:001][500]LogModuleManager: Shutting down and abandoning module ImgMediaEditor (496)
[2020.07.13-12.48.53:015][500]LogModuleManager: Shutting down and abandoning module AvfMediaFactory (494)
[2020.07.13-12.48.53:015][500]LogModuleManager: Shutting down and abandoning module AvfMediaEditor (492)
[2020.07.13-12.48.53:015][500]LogModuleManager: Shutting down and abandoning module AndroidMediaFactory (490)
[2020.07.13-12.48.53:015][500]LogModuleManager: Shutting down and abandoning module AndroidMediaEditor (488)
[2020.07.13-12.48.53:015][500]LogModuleManager: Shutting down and abandoning module CharacterAI (486)
[2020.07.13-12.48.53:031][500]LogModuleManager: Shutting down and abandoning module AudioCapture (484)
[2020.07.13-12.48.53:056][500]LogModuleManager: Shutting down and abandoning module SequenceRecorder (483)
[2020.07.13-12.48.53:065][500]LogModuleManager: Shutting down and abandoning module SmartSnapping (480)
[2020.07.13-12.48.53:065][500]LogModuleManager: Shutting down and abandoning module SessionServices (478)
[2020.07.13-12.48.53:065][500]LogModuleManager: Shutting down and abandoning module ViewportSnapping (476)
[2020.07.13-12.48.53:084][500]LogModuleManager: Shutting down and abandoning module ViewportInteraction (474)
[2020.07.13-12.48.53:084][500]LogModuleManager: Shutting down and abandoning module ClothPainter (472)
[2020.07.13-12.48.53:149][500]LogModuleManager: Shutting down and abandoning module SkeletalMeshEditor (471)
[2020.07.13-12.48.53:161][500]LogModuleManager: Shutting down and abandoning module LogVisualizer (468)
[2020.07.13-12.48.53:214][500]LogModuleManager: Shutting down and abandoning module IntroTutorials (466)
[2020.07.13-12.48.53:286][500]LogModuleManager: Shutting down and abandoning module GameProjectGeneration (465)
[2020.07.13-12.48.53:349][500]LogModuleManager: Shutting down and abandoning module IOSPlatformEditor (462)
[2020.07.13-12.48.53:370][500]LogModuleManager: Shutting down and abandoning module HTML5PlatformEditor (460)
[2020.07.13-12.48.53:370][500]LogModuleManager: Shutting down and abandoning module AndroidPlatformEditor (458)
[2020.07.13-12.48.53:370][500]LogModuleManager: Shutting down and abandoning module AndroidDeviceDetection (457)
[2020.07.13-12.48.54:044][500]LogModuleManager: Shutting down and abandoning module WindowsPlatformEditor (454)
[2020.07.13-12.48.54:204][500]LogModuleManager: Shutting down and abandoning module IOSRuntimeSettings (452)
[2020.07.13-12.48.54:204][500]LogModuleManager: Shutting down and abandoning module AndroidRuntimeSettings (450)
[2020.07.13-12.48.54:205][500]LogModuleManager: Shutting down and abandoning module InputBindingEditor (448)
[2020.07.13-12.48.54:352][500]LogModuleManager: Shutting down and abandoning module MergeActors (446)
[2020.07.13-12.48.54:368][500]LogModuleManager: Shutting down and abandoning module SizeMap (444)
[2020.07.13-12.48.54:377][500]LogModuleManager: Shutting down and abandoning module TreeMap (442)
[2020.07.13-12.48.54:400][500]LogModuleManager: Shutting down and abandoning module ReferenceViewer (440)
[2020.07.13-12.48.54:412][500]LogModuleManager: Shutting down and abandoning module LocalizationDashboard (438)
[2020.07.13-12.48.54:458][500]LogModuleManager: Shutting down and abandoning module LocalizationService (437)
[2020.07.13-12.48.54:466][500]LogModuleManager: Shutting down and abandoning module HardwareTargeting (434)
[2020.07.13-12.48.54:466][500]LogModuleManager: Shutting down and abandoning module DeviceProfileEditor (432)
[2020.07.13-12.48.54:480][500]LogModuleManager: Shutting down and abandoning module UndoHistory (430)
[2020.07.13-12.48.54:516][500]LogModuleManager: Shutting down and abandoning module XmlParser (428)
[2020.07.13-12.48.54:523][500]LogModuleManager: Shutting down and abandoning module Blutility (426)
[2020.07.13-12.48.54:529][500]LogModuleManager: Shutting down and abandoning module ProjectSettingsViewer (424)
[2020.07.13-12.48.54:568][500]LogModuleManager: Shutting down and abandoning module ProjectTargetPlatformEditor (423)
[2020.07.13-12.48.54:589][500]LogModuleManager: Shutting down and abandoning module EditorSettingsViewer (420)
[2020.07.13-12.48.54:609][500]LogModuleManager: Shutting down and abandoning module SettingsEditor (418)
[2020.07.13-12.48.54:621][500]LogModuleManager: Shutting down and abandoning module ProjectLauncher (416)
[2020.07.13-12.48.54:667][500]LogModuleManager: Shutting down and abandoning module SessionFrontend (414)
[2020.07.13-12.48.54:680][500]LogModuleManager: Shutting down and abandoning module ProfilerClient (412)
[2020.07.13-12.48.54:687][500]LogModuleManager: Shutting down and abandoning module DeviceManager (410)
[2020.07.13-12.48.54:698][500]LogModuleManager: Shutting down and abandoning module TargetDeviceServices (409)
[2020.07.13-12.48.54:810][500]LogModuleManager: Shutting down and abandoning module AutomationController (406)
[2020.07.13-12.48.54:859][500]LogModuleManager: Shutting down and abandoning module AutomationWindow (404)
[2020.07.13-12.48.54:890][500]LogModuleManager: Shutting down and abandoning module Layers (402)
[2020.07.13-12.48.54:925][500]LogModuleManager: Shutting down and abandoning module ComponentVisualizers (400)
[2020.07.13-12.48.54:925][500]LogModuleManager: Shutting down and abandoning module DetailCustomizations (398)
[2020.07.13-12.48.54:949][500]LogModuleManager: Shutting down and abandoning module PackagesDialog (396)
[2020.07.13-12.48.54:971][500]LogModuleManager: Shutting down and abandoning module Persona (394)
[2020.07.13-12.48.54:991][500]LogModuleManager: Shutting down and abandoning module AdvancedPreviewScene (393)
[2020.07.13-12.48.54:991][500]LogModuleManager: Shutting down and abandoning module AnimGraph (391)
[2020.07.13-12.48.54:991][500]LogModuleManager: Shutting down and abandoning module Kismet (388)
[2020.07.13-12.48.55:302][500]LogModuleManager: Shutting down and abandoning module ClassViewer (386)
[2020.07.13-12.48.55:342][500]LogModuleManager: Shutting down and abandoning module Toolbox (384)
[2020.07.13-12.48.55:353][500]LogModuleManager: Shutting down and abandoning module ModuleUI (382)
[2020.07.13-12.48.55:366][500]LogModuleManager: Shutting down and abandoning module MovieSceneTools (380)
[2020.07.13-12.48.55:606][500]LogModuleManager: Shutting down and abandoning module OutputLog (378)
[2020.07.13-12.48.55:612][500]LogModuleManager: Shutting down and abandoning module GammaUI (376)
[2020.07.13-12.48.55:626][500]LogModuleManager: Shutting down and abandoning module Documentation (374)
[2020.07.13-12.48.55:626][500]LogModuleManager: Shutting down and abandoning module MovieSceneTracks (372)
[2020.07.13-12.48.55:644][500]LogModuleManager: Shutting down and abandoning module MovieScene (370)
[2020.07.13-12.48.55:644][500]LogModuleManager: Shutting down and abandoning module StreamingPauseRendering (368)
[2020.07.13-12.48.55:683][500]LogModuleManager: Shutting down and abandoning module LauncherPlatform (366)
[2020.07.13-12.48.55:684][500]LogModuleManager: Shutting down and abandoning module AnalyticsET (364)
[2020.07.13-12.48.55:684][500]LogModuleManager: Shutting down and abandoning module PortalServices (362)
[2020.07.13-12.48.55:684][500]LogModuleManager: Shutting down and abandoning module PortalRpc (360)
[2020.07.13-12.48.55:684][500]LogModuleManager: Shutting down and abandoning module MessagingRpc (358)
[2020.07.13-12.48.55:684][500]LogModuleManager: Shutting down and abandoning module AIModule (356)
[2020.07.13-12.48.55:718][500]LogModuleManager: Shutting down and abandoning module GameplayDebugger (355)
[2020.07.13-12.48.55:721][500]LogModuleManager: Shutting down and abandoning module AITestSuite (353)
[2020.07.13-12.48.55:788][500]LogModuleManager: Shutting down and abandoning module DesktopPlatform (350)
[2020.07.13-12.48.55:804][500]LogModuleManager: Shutting down and abandoning module ProfilerService (348)
[2020.07.13-12.48.56:090][500]LogModuleManager: Shutting down and abandoning module TaskGraph (346)
[2020.07.13-12.48.56:219][500]LogModuleManager: Shutting down and abandoning module SteamVRController (344)
[2020.07.13-12.48.56:219][500]LogModuleManager: Shutting down and abandoning module ProceduralMeshComponentEditor (342)
[2020.07.13-12.48.56:245][500]LogModuleManager: Shutting down and abandoning module ProceduralMeshComponent (340)
[2020.07.13-12.48.56:269][500]LogModuleManager: Shutting down and abandoning module OculusInput (338)
[2020.07.13-12.48.56:270][500]LogModuleManager: Shutting down and abandoning module MobilePatchingUtils (336)
[2020.07.13-12.48.56:270][500]LogModuleManager: Shutting down and abandoning module CustomMeshComponent (334)
[2020.07.13-12.48.56:270][500]LogModuleManager: Shutting down and abandoning module CableComponent (332)
[2020.07.13-12.48.56:270][500]LogModuleManager: Shutting down and abandoning module ArchVisCharacter (330)
[2020.07.13-12.48.56:270][500]LogModuleManager: Shutting down and abandoning module AndroidPermission (328)
[2020.07.13-12.48.56:270][500]LogModuleManager: Shutting down and abandoning module ActorSequence (324)
[2020.07.13-12.48.56:270][500]LogModuleManager: Shutting down and abandoning module MediaPlayerEditor (322)
[2020.07.13-12.48.56:360][500]LogModuleManager: Shutting down and abandoning module MediaCompositingEditor (320)
[2020.07.13-12.48.56:398][500]LogModuleManager: Shutting down and abandoning module MediaCompositing (318)
[2020.07.13-12.48.56:398][500]LogModuleManager: Shutting down and abandoning module HTML5Networking (316)
[2020.07.13-12.48.56:398][500]LogModuleManager: Shutting down and abandoning module AlembicImporter (314)
[2020.07.13-12.48.56:429][500]LogModuleManager: Shutting down and abandoning module AlembicLibrary (313)
[2020.07.13-12.48.56:429][500]LogModuleManager: Shutting down and abandoning module GeometryCache (312)
[2020.07.13-12.48.56:429][500]LogModuleManager: Shutting down and abandoning module GeometryCacheEd (311)
[2020.07.13-12.48.56:429][500]LogModuleManager: Shutting down and abandoning module SpeedTreeImporter (306)
[2020.07.13-12.48.56:429][500]LogModuleManager: Shutting down and abandoning module PluginBrowser (304)
[2020.07.13-12.48.56:555][500]LogModuleManager: Shutting down and abandoning module MobileLauncherProfileWizard (302)
[2020.07.13-12.48.56:588][500]LogModuleManager: Shutting down and abandoning module VisualStudioSourceCodeAccess (300)
[2020.07.13-12.48.56:615][500]LogModuleManager: Shutting down and abandoning module VisualStudioCodeSourceCodeAccess (298)
[2020.07.13-12.48.56:648][500]LogModuleManager: Shutting down and abandoning module UObjectPlugin (296)
[2020.07.13-12.48.56:648][500]LogModuleManager: Shutting down and abandoning module SubversionSourceControl (294)
[2020.07.13-12.48.56:682][500]LogModuleManager: Shutting down and abandoning module PerforceSourceControl (292)
[2020.07.13-12.48.56:778][500]LogModuleManager: Shutting down and abandoning module GitSourceControl (290)
[2020.07.13-12.48.56:857][500]LogModuleManager: Shutting down and abandoning module SourceControl (289)
[2020.07.13-12.48.56:900][500]LogModuleManager: Shutting down and abandoning module LightPropagationVolumeEditor (286)
[2020.07.13-12.48.56:900][500]LogModuleManager: Shutting down and abandoning module PaperTiledImporter (284)
[2020.07.13-12.48.56:900][500]LogModuleManager: Shutting down and abandoning module PaperSpriteSheetImporter (282)
[2020.07.13-12.48.56:900][500]LogModuleManager: Shutting down and abandoning module Paper2DEditor (280)
[2020.07.13-12.48.57:053][500]LogModuleManager: Shutting down and abandoning module MeshPaint (279)
[2020.07.13-12.48.57:053][500]LogModuleManager: Shutting down and abandoning module LevelEditor (277)
[2020.07.13-12.48.57:228][500]LogModuleManager: Shutting down and abandoning module PixelInspectorModule (276)
[2020.07.13-12.48.57:279][500]LogModuleManager: Shutting down and abandoning module MainFrame (274)
[2020.07.13-12.48.57:295][500]LogModuleManager: Shutting down and abandoning module HotReload (273)
[2020.07.13-12.48.57:320][500]LogModuleManager: Shutting down and abandoning module RuntimePhysXCooking (268)
[2020.07.13-12.48.57:330][500]LogModuleManager: Shutting down and abandoning module PhysXVehiclesEditor (266)
[2020.07.13-12.48.57:343][500]LogModuleManager: Shutting down and abandoning module PhysXVehicles (264)
[2020.07.13-12.48.57:343][500]LogModuleManager: Shutting down and abandoning module OculusEditor (262)
[2020.07.13-12.48.57:343][500]LogModuleManager: Shutting down and abandoning module LocationServicesBPLibrary (260)
[2020.07.13-12.48.57:343][500]LogModuleManager: Shutting down and abandoning module ImmediatePhysicsEditor (258)
[2020.07.13-12.48.57:343][500]LogModuleManager: Shutting down and abandoning module ImmediatePhysics (256)
[2020.07.13-12.48.57:343][500]LogModuleManager: Shutting down and abandoning module UdpMessaging (254)
[2020.07.13-12.48.57:478][500]LogModuleManager: Shutting down and abandoning module TcpMessaging (252)
[2020.07.13-12.48.57:599][500]LogModuleManager: Shutting down and abandoning module GameplayTagsEditor (250)
[2020.07.13-12.48.57:735][500]LogModuleManager: Shutting down and abandoning module FacialAnimationEditor (248)
[2020.07.13-12.48.57:758][500]LogModuleManager: Shutting down and abandoning module FacialAnimation (246)
[2020.07.13-12.48.57:758][500]LogModuleManager: Shutting down and abandoning module AssetManagerEditor (244)
[2020.07.13-12.48.57:776][500]LogModuleManager: Shutting down and abandoning module GraphEditor (243)
[2020.07.13-12.48.57:776][500]LogModuleManager: Shutting down and abandoning module ContentBrowser (241)
[2020.07.13-12.48.57:830][500]LogModuleManager: Shutting down and abandoning module LightPropagationVolumeRuntime (238)
[2020.07.13-12.48.57:830][500]LogModuleManager: Shutting down and abandoning module Paper2D (236)
[2020.07.13-12.48.57:830][500]LogModuleManager: Shutting down and abandoning module WindowsMoviePlayer (234)
[2020.07.13-12.48.57:890][500]LogModuleManager: Shutting down and abandoning module WmfMedia (232)
[2020.07.13-12.48.57:931][500]LogModuleManager: Shutting down and abandoning module ImgMedia (230)
[2020.07.13-12.48.57:932][500]LogModuleManager: Shutting down and abandoning module PacketHandler (228)
[2020.07.13-12.48.57:932][500]LogModuleManager: Shutting down and abandoning module ClothingSystemEditor (226)
[2020.07.13-12.48.57:932][500]LogModuleManager: Shutting down and abandoning module ClothingSystemRuntime (224)
[2020.07.13-12.48.57:971][500]LogModuleManager: Shutting down and abandoning module MediaAssets (222)
[2020.07.13-12.48.57:971][500]LogModuleManager: Shutting down and abandoning module Media (221)
[2020.07.13-12.48.57:977][500]LogModuleManager: Shutting down and abandoning module Overlay (218)
[2020.07.13-12.48.57:978][500]LogModuleManager: Shutting down and abandoning module OverlayEditor (217)
[2020.07.13-12.48.57:978][500]LogModuleManager: Shutting down and abandoning module VREditor (214)
[2020.07.13-12.48.58:048][500]LogModuleManager: Shutting down and abandoning module StringTableEditor (212)
[2020.07.13-12.48.58:083][500]LogModuleManager: Shutting down and abandoning module GameplayTasksEditor (210)
[2020.07.13-12.48.58:083][500]LogModuleManager: Shutting down and abandoning module BehaviorTreeEditor (208)
[2020.07.13-12.48.58:182][500]LogModuleManager: Shutting down and abandoning module FunctionalTesting (206)
[2020.07.13-12.48.58:182][500]LogModuleManager: Shutting down and abandoning module CollisionAnalyzer (204)
[2020.07.13-12.48.58:250][500]LogModuleManager: Shutting down and abandoning module WorkspaceMenuStructure (203)
[2020.07.13-12.48.58:348][500]LogModuleManager: Shutting down and abandoning module UMG (200)
[2020.07.13-12.48.58:429][500]LogModuleManager: Shutting down and abandoning module UMGEditor (199)
[2020.07.13-12.48.58:521][500]LogModuleManager: Shutting down and abandoning module Sequencer (198)
[2020.07.13-12.48.58:621][500]LogModuleManager: Shutting down and abandoning module MessageLog (195)
[2020.07.13-12.48.58:643][500]LogModuleManager: Shutting down and abandoning module SlateReflector (190)
[2020.07.13-12.48.58:796][500]LogModuleManager: Shutting down and abandoning module Slate (188)
[2020.07.13-12.48.58:796][500]LogModuleManager: Shutting down and abandoning module EditorStyle (186)
[2020.07.13-12.48.58:962][500]LogModuleManager: Shutting down and abandoning module MRMesh (184)
[2020.07.13-12.48.58:962][500]LogModuleManager: Shutting down and abandoning module SourceCodeAccess (182)
[2020.07.13-12.48.58:967][500]LogModuleManager: Shutting down and abandoning module HeadMountedDisplay (180)
[2020.07.13-12.48.58:967][500]LogModuleManager: Shutting down and abandoning module XAudio2 (178)
[2020.07.13-12.48.58:967][500]LogModuleManager: Shutting down and abandoning module Networking (176)
[2020.07.13-12.48.58:985][500]LogModuleManager: Shutting down and abandoning module Core (172)
[2020.07.13-12.48.58:985][500]LogModuleManager: Shutting down and abandoning module LevelSequence (168)
[2020.07.13-12.48.59:004][500]LogModuleManager: Shutting down and abandoning module DirectoryWatcher (166)
[2020.07.13-12.48.59:024][500]LogModuleManager: Shutting down and abandoning module KismetCompiler (164)
[2020.07.13-12.48.59:024][500]LogModuleManager: Shutting down and abandoning module MeshUtilities (162)
[2020.07.13-12.48.59:074][500]LogModuleManager: Shutting down and abandoning module MeshMergeUtilities (161)
[2020.07.13-12.48.59:090][500]LogModuleManager: Shutting down and abandoning module MeshReductionInterface (160)
[2020.07.13-12.48.59:108][500]LogModuleManager: Shutting down and abandoning module SimplygonSwarm (159)
[2020.07.13-12.48.59:131][500]LogModuleManager: Shutting down and abandoning module SimplygonMeshReduction (157)
[2020.07.13-12.48.59:169][500]LogModuleManager: Shutting down and abandoning module QuadricMeshReduction (155)
[2020.07.13-12.48.59:182][500]LogModuleManager: Shutting down and abandoning module MaterialBaking (151)
[2020.07.13-12.48.59:196][500]LogModuleManager: Shutting down and abandoning module DerivedDataCache (148)
[2020.07.13-12.48.59:526][500]LogDerivedDataCache: Shutdown
[2020.07.13-12.48.59:526][500]LogModuleManager: Shutting down and abandoning module TargetPlatform (146)
[2020.07.13-12.48.59:549][500]LogModuleManager: Shutting down and abandoning module VulkanShaderFormat (145)
[2020.07.13-12.48.59:588][500]LogModuleManager: Shutting down and abandoning module ShaderFormatVectorVM (143)
[2020.07.13-12.48.59:628][500]LogModuleManager: Shutting down and abandoning module ShaderFormatOpenGL (141)
[2020.07.13-12.48.59:785][500]LogModuleManager: Shutting down and abandoning module ShaderFormatD3D (139)
[2020.07.13-12.48.59:806][500]LogModuleManager: Shutting down and abandoning module MetalShaderFormat (137)
[2020.07.13-12.48.59:828][500]LogModuleManager: Shutting down and abandoning module TextureFormatUncompressed (135)
[2020.07.13-12.48.59:882][500]LogModuleManager: Shutting down and abandoning module TextureFormatPVR (133)
[2020.07.13-12.48.59:882][500]LogModuleManager: Shutting down and abandoning module TextureFormatDXT (131)
[2020.07.13-12.48.59:882][500]LogModuleManager: Shutting down and abandoning module TextureFormatIntelISPCTexComp (129)
[2020.07.13-12.48.59:911][500]LogModuleManager: Shutting down and abandoning module TextureFormatASTC (127)
[2020.07.13-12.48.59:911][500]LogModuleManager: Shutting down and abandoning module ImageWrapper (126)
[2020.07.13-12.48.59:911][500]LogModuleManager: Shutting down and abandoning module TextureFormatAndroid (123)
[2020.07.13-12.48.59:917][500]LogModuleManager: Shutting down and abandoning module AudioFormatOpus (121)
[2020.07.13-12.48.59:918][500]LogModuleManager: Shutting down and abandoning module AudioFormatOgg (119)
[2020.07.13-12.48.59:931][500]LogModuleManager: Shutting down and abandoning module AudioFormatADPCM (117)
[2020.07.13-12.48.59:938][500]LogModuleManager: Shutting down and abandoning module LinuxTargetPlatform (115)
[2020.07.13-12.48.59:947][500]LogModuleManager: Shutting down and abandoning module LinuxServerTargetPlatform (113)
[2020.07.13-12.48.59:960][500]LogModuleManager: Shutting down and abandoning module LinuxNoEditorTargetPlatform (111)
[2020.07.13-12.48.59:961][500]LogModuleManager: Shutting down and abandoning module LinuxClientTargetPlatform (109)
[2020.07.13-12.48.59:962][500]LogModuleManager: Shutting down and abandoning module TVOSTargetPlatform (107)
[2020.07.13-12.49.00:004][500]LogModuleManager: Shutting down and abandoning module Messaging (105)
[2020.07.13-12.49.00:061][500]LogModuleManager: Shutting down and abandoning module IOSTargetPlatform (103)
[2020.07.13-12.49.00:061][500]LogModuleManager: Shutting down and abandoning module HTML5TargetPlatform (101)
[2020.07.13-12.49.00:085][500]LogModuleManager: Shutting down and abandoning module AndroidTargetPlatform (99)
[2020.07.13-12.49.00:085][500]LogModuleManager: Shutting down and abandoning module Android_PVRTCTargetPlatform (97)
[2020.07.13-12.49.00:085][500]LogModuleManager: Shutting down and abandoning module Android_MultiTargetPlatform (95)
[2020.07.13-12.49.00:085][500]LogModuleManager: Shutting down and abandoning module Android_ETC2TargetPlatform (93)
[2020.07.13-12.49.00:085][500]LogModuleManager: Shutting down and abandoning module Android_ETC1TargetPlatform (91)
[2020.07.13-12.49.00:085][500]LogModuleManager: Shutting down and abandoning module Android_DXTTargetPlatform (89)
[2020.07.13-12.49.00:085][500]LogModuleManager: Shutting down and abandoning module Android_ATCTargetPlatform (87)
[2020.07.13-12.49.00:085][500]LogModuleManager: Shutting down and abandoning module Android_ASTCTargetPlatform (85)
[2020.07.13-12.49.00:085][500]LogModuleManager: Shutting down and abandoning module WindowsTargetPlatform (83)
[2020.07.13-12.49.00:092][500]LogModuleManager: Shutting down and abandoning module WindowsServerTargetPlatform (81)
[2020.07.13-12.49.00:125][500]LogModuleManager: Shutting down and abandoning module WindowsNoEditorTargetPlatform (79)
[2020.07.13-12.49.00:126][500]LogModuleManager: Shutting down and abandoning module WindowsClientTargetPlatform (77)
[2020.07.13-12.49.00:157][500]LogModuleManager: Shutting down and abandoning module MacTargetPlatform (75)
[2020.07.13-12.49.00:157][500]LogModuleManager: Shutting down and abandoning module MacServerTargetPlatform (73)
[2020.07.13-12.49.00:171][500]LogModuleManager: Shutting down and abandoning module MacNoEditorTargetPlatform (71)
[2020.07.13-12.49.00:172][500]LogModuleManager: Shutting down and abandoning module MacClientTargetPlatform (69)
[2020.07.13-12.49.00:190][500]LogModuleManager: Shutting down and abandoning module AllDesktopTargetPlatform (67)
[2020.07.13-12.49.00:190][500]LogModuleManager: Shutting down and abandoning module InputCore (64)
[2020.07.13-12.49.00:190][500]LogModuleManager: Shutting down and abandoning module Settings (62)
[2020.07.13-12.49.00:207][500]LogModuleManager: Shutting down and abandoning module PhysXCooking (60)
[2020.07.13-12.49.00:207][500]LogModuleManager: Shutting down and abandoning module SteamVR (58)
[2020.07.13-12.49.00:225][500]LogModuleManager: Shutting down and abandoning module OculusHMD (56)
[2020.07.13-12.49.00:239][500]LogModuleManager: Shutting down and abandoning module ExampleDeviceProfileSelector (54)
[2020.07.13-12.49.00:254][500]LogModuleManager: Shutting down and abandoning module AppleARKit (52)
[2020.07.13-12.49.00:254][500]LogModuleManager: Shutting down and abandoning module AugmentedReality (51)
[2020.07.13-12.49.00:254][500]LogModuleManager: Shutting down and abandoning module OnlineBlueprintSupport (48)
[2020.07.13-12.49.00:254][500]LogModuleManager: Shutting down and abandoning module OnlineSubsystem (44)
[2020.07.13-12.49.00:319][500]LogModuleManager: Shutting down and abandoning module XMPP (43)
[2020.07.13-12.49.00:383][500]LogModuleManager: Shutting down and abandoning module HTTP (41)
[2020.07.13-12.49.00:383][500]LogHttp: Display: Http module shutting down, but needs to wait on 1 outstanding Http requests:
[2020.07.13-12.49.00:402][500]LogHttp: Display: 	verb=[POST] url=[https://datarouter.ol.epicgames.com/datarouter/api/v1/public/data?SessionID=%7BCA7B8613-41FE-D9A5-7B6C-72B0077E40E1%7D&AppID=UEEditor.Rocket.Release&AppVersion=4.18.3-3832480%2B%2B%2BUE4%2BRelease-4.18&UserID=dab985eb449ee4f1b342389e404cab9f%7C845779d9bd904572b61cf91381b7a44e%7C4e718ad1-99cd-4dc7-9063-d4e2b6f3fd7d&AppEnvironment=datacollector-binary&UploadType=eteventstream] status=Processing
[2020.07.13-12.49.00:592][500]LogModuleManager: Shutting down and abandoning module SSL (40)
[2020.07.13-12.49.00:691][500]LogModuleManager: Shutting down and abandoning module AnimationModifiers (36)
[2020.07.13-12.49.00:718][500]LogModuleManager: Shutting down and abandoning module PropertyEditor (35)
[2020.07.13-12.49.00:814][500]LogModuleManager: Shutting down and abandoning module AudioEditor (32)
[2020.07.13-12.49.00:850][500]LogModuleManager: Shutting down and abandoning module TextureCompressor (30)
[2020.07.13-12.49.00:979][500]LogModuleManager: Shutting down and abandoning module ShaderCore (28)
[2020.07.13-12.49.00:979][500]LogModuleManager: Shutting down and abandoning module Landscape (26)
[2020.07.13-12.49.00:980][500]LogModuleManager: Shutting down and abandoning module SlateRHIRenderer (24)
[2020.07.13-12.49.01:117][500]LogModuleManager: Shutting down and abandoning module OpenGLDrv (22)
[2020.07.13-12.49.01:135][500]LogModuleManager: Shutting down and abandoning module D3D11RHI (20)
[2020.07.13-12.49.01:135][500]LogModuleManager: Shutting down and abandoning module AnimGraphRuntime (18)
[2020.07.13-12.49.01:135][500]LogModuleManager: Shutting down and abandoning module Renderer (16)
[2020.07.13-12.49.01:146][500]LogModuleManager: Shutting down and abandoning module Engine (14)
[2020.07.13-12.49.01:146][500]LogModuleManager: Shutting down and abandoning module CoreUObject (12)
[2020.07.13-12.49.01:146][500]LogModuleManager: Shutting down and abandoning module NetworkFile (10)
[2020.07.13-12.49.01:154][500]LogModuleManager: Shutting down and abandoning module CookedIterativeFile (8)
[2020.07.13-12.49.01:167][500]LogModuleManager: Shutting down and abandoning module StreamingFile (6)
[2020.07.13-12.49.01:177][500]LogModuleManager: Shutting down and abandoning module SandboxFile (4)
[2020.07.13-12.49.01:186][500]LogModuleManager: Shutting down and abandoning module PakFile (2)
[2020.07.13-12.49.01:337][500]LogExit: Exiting.
[2020.07.13-12.49.01:981][500]Log file closed, 07/13/20 18:49:01
